Flutter crash report; please file at https://github.com/flutter/flutter/issues.

## command

flutter build bundle --suppress-analytics --target C:\Users\Ayodeji Fabusuyi\Documents\Flutter\newapp\lib\main.dart --filesystem-scheme org-dartlang-root --depfile C:\Users\Ayodeji Fabusuyi\Documents\Flutter\newapp\build\app\intermediates\flutter\debug/snapshot_blob.bin.d --asset-dir C:\Users\Ayodeji Fabusuyi\Documents\Flutter\newapp\build\app\intermediates\flutter\debug/flutter_assets --debug

## exception

NoSuchMethodError: NoSuchMethodError: The getter 'stderr' was called on null.
Receiver: null
Tried calling: stderr

```
#0      Object.noSuchMethod (dart:core/runtime/libobject_patch.dart:50:5)
#1      KernelCompiler.compile (package:flutter_tools/src/compile.dart:181:12)
<asynchronous suspension>
#2      build (package:flutter_tools/src/bundle.dart:60:64)
<asynchronous suspension>
#3      BuildBundleCommand.runCommand (package:flutter_tools/src/commands/build_bundle.dart:90:11)
<asynchronous suspension>
#4      FlutterCommand.verifyThenRunCommand (package:flutter_tools/src/runner/flutter_command.dart:383:18)
<asynchronous suspension>
#5      FlutterCommand.run.<anonymous closure> (package:flutter_tools/src/runner/flutter_command.dart:317:33)
<asynchronous suspension>
#6      AppContext.run.<anonymous closure> (package:flutter_tools/src/base/context.dart:142:29)
<asynchronous suspension>
#7      _rootRun (dart:async/zone.dart:1124:13)
#8      _CustomZone.run (dart:async/zone.dart:1021:19)
#9      _runZoned (dart:async/zone.dart:1516:10)
#10     runZoned (dart:async/zone.dart:1463:12)
#11     AppContext.run (package:flutter_tools/src/base/context.dart:141:18)
<asynchronous suspension>
#12     FlutterCommand.run (package:flutter_tools/src/runner/flutter_command.dart:308:20)
#13     CommandRunner.runCommand (package:args/command_runner.dart:194:27)
<asynchronous suspension>
#14     FlutterCommandRunner.runCommand.<anonymous closure> (package:flutter_tools/src/runner/flutter_command_runner.dart:393:21)
<asynchronous suspension>
#15     AppContext.run.<anonymous closure> (package:flutter_tools/src/base/context.dart:142:29)
<asynchronous suspension>
#16     _rootRun (dart:async/zone.dart:1124:13)
#17     _CustomZone.run (dart:async/zone.dart:1021:19)
#18     _runZoned (dart:async/zone.dart:1516:10)
#19     runZoned (dart:async/zone.dart:1463:12)
#20     AppContext.run (package:flutter_tools/src/base/context.dart:141:18)
<asynchronous suspension>
#21     FlutterCommandRunner.runCommand (package:flutter_tools/src/runner/flutter_command_runner.dart:353:19)
<asynchronous suspension>
#22     CommandRunner.run.<anonymous closure> (package:args/command_runner.dart:109:29)
#23     new Future.sync (dart:async/future.dart:224:31)
#24     CommandRunner.run (package:args/command_runner.dart:109:11)
#25     FlutterCommandRunner.run (package:flutter_tools/src/runner/flutter_command_runner.dart:235:18)
#26     run.<anonymous closure> (package:flutter_tools/runner.dart:59:20)
<asynchronous suspension>
#27     AppContext.run.<anonymous closure> (package:flutter_tools/src/base/context.dart:142:29)
<asynchronous suspension>
#28     _rootRun (dart:async/zone.dart:1124:13)
#29     _CustomZone.run (dart:async/zone.dart:1021:19)
#30     _runZoned (dart:async/zone.dart:1516:10)
#31     runZoned (dart:async/zone.dart:1463:12)
#32     AppContext.run (package:flutter_tools/src/base/context.dart:141:18)
<asynchronous suspension>
#33     runInContext (package:flutter_tools/src/context_runner.dart:42:24)
<asynchronous suspension>
#34     run (package:flutter_tools/runner.dart:50:10)
#35     main (package:flutter_tools/executable.dart:52:9)
<asynchronous suspension>
#36     main (file:///C:/Flutter/flutter/packages/flutter_tools/bin/flutter_tools.dart:8:3)
#37     _startIsolate.<anonymous closure> (dart:isolate/runtime/libisolate_patch.dart:287:32)
#38     _RawReceivePortImpl._handleMessage (dart:isolate/runtime/libisolate_patch.dart:171:12)
```

## flutter doctor

```
[✓] Flutter (Channel dev, v0.10.1, on Microsoft Windows [Version 10.0.17134.228], locale en-GB)
    • Flutter version 0.10.1 at C:\Flutter\flutter
    • Framework revision 6a3ff018b1 (2 weeks ago), 2018-10-18 18:38:26 -0400
    • Engine revision 3860a43379
    • Dart version 2.1.0-dev.7.1.flutter-b99bcfd309

[!] Android toolchain - develop for Android devices (Android SDK 28.0.0)
    • Android SDK at C:\Users\Ayodeji Fabusuyi\AppData\Local\Android\sdk
    • Android NDK location not configured (optional; useful for native profiling support)
    • Platform android-28, build-tools 28.0.0
    • Java binary at: C:\Program Files\Android\Android Studio1\jre\bin\java
    ✗ Could not determine java version

[!] Android Studio (version 3.0)
    • Android Studio at C:\Program Files\Android\Android Studio
    ✗ Flutter plugin not installed; this adds Flutter specific functionality.
    ✗ Dart plugin not installed; this adds Dart specific functionality.
    ✗ Unable to determine bundled Java version.
    • Try updating or re-installing Android Studio.

[!] Android Studio (version 3.1)
    • Android Studio at C:\Program Files\Android\Android Studio1
    ✗ Flutter plugin not installed; this adds Flutter specific functionality.
    ✗ Dart plugin not installed; this adds Dart specific functionality.
    ✗ Unable to determine bundled Java version.
    • Try updating or re-installing Android Studio.

[✓] IntelliJ IDEA Community Edition (version 2017.3)
    • IntelliJ at C:\Program Files\JetBrains\IntelliJ IDEA Community Edition 2017.3.2
    • Flutter plugin version 24.2.1
    • Dart plugin version 173.4127.31

[✓] VS Code (version 1.28.2)
    • VS Code at C:\Users\Ayodeji Fabusuyi\AppData\Local\Programs\Microsoft VS Code
    • Flutter extension version 2.19.0

[✓] VS Code, 64-bit edition (version 1.19.2)
    • VS Code at C:\Program Files\Microsoft VS Code
    • Flutter extension version 2.19.0

[✓] Connected device (1 available)
    • TECNO K7 • 0277009781602040 • android-arm • Android 7.0 (API 24)

! Doctor found issues in 3 categories.
```
