#
# There is insufficient memory for the Java Runtime Environment to continue.
# Native memory allocation (malloc) failed to allocate 32744 bytes for ChunkPool::allocate
# Possible reasons:
#   The system is out of physical RAM or swap space
#   The process is running with CompressedOops enabled, and the Java Heap may be blocking the growth of the native heap
# Possible solutions:
#   Reduce memory load on the system
#   Increase physical memory or swap space
#   Check if swap backing store is full
#   Decrease Java heap size (-Xmx/-Xms)
#   Decrease number of Java threads
#   Decrease Java thread stack sizes (-Xss)
#   Set larger code cache with -XX:ReservedCodeCacheSize=
#   JVM is running with Unscaled Compressed Oops mode in which the Java heap is
#     placed in the first 4GB address space. The Java Heap base address is the
#     maximum limit for the native heap growth. Please use -XX:HeapBaseMinAddress
#     to set the Java Heap base and to place the Java Heap above 4GB virtual address.
# This output file may be truncated or incomplete.
#
#  Out of Memory Error (t:/workspace/hotspot/src/share/vm/memory/allocation.cpp:256), pid=9296, tid=14332
#
# JRE version: Java(TM) SE Runtime Environment (9.0+11) (build 9.0.1+11)
# Java VM: Java HotSpot(TM) 64-Bit Server VM (9.0.1+11, mixed mode, tiered, compressed oops, g1 gc, windows-amd64)
# No core dump will be written. Minidumps are not enabled by default on client versions of Windows
#

---------------  S U M M A R Y ------------

Command Line: -Dorg.gradle.appname=gradlew org.gradle.wrapper.GradleWrapperMain -v

Host: Intel(R) Core(TM) i3-7100U CPU @ 2.40GHz, 4 cores, 5G,  Windows 10 , 64 bit Build 17134 (10.0.17134.1)
Time: Mon Nov 05 14:06:22 2018 W. Central Africa Standard Time elapsed time: 16 seconds (0d 0h 0m 16s)

---------------  T H R E A D  ---------------

Current thread (0x0000024579b27000):  JavaThread "C1 CompilerThread2" daemon [_thread_in_native, id=14332, stack(0x000000fae4600000,0x000000fae4700000)]


Current CompileTask:
C1:  16864  781       3       sun.nio.fs.WindowsPathParser::normalize (233 bytes)

Stack: [0x000000fae4600000,0x000000fae4700000]
Native frames: (J=compiled Java code, j=interpreted, Vv=VM code, C=native code)
V  [jvm.dll+0x5870b8]
V  [jvm.dll+0x69c0ee]
V  [jvm.dll+0x69d00a]
V  [jvm.dll+0x69d643]
V  [jvm.dll+0x21d148]
V  [jvm.dll+0xa81ed]
V  [jvm.dll+0xa7cba]
V  [jvm.dll+0xa85ac]
V  [jvm.dll+0x150513]
V  [jvm.dll+0x14ebde]
V  [jvm.dll+0x10810c]
V  [jvm.dll+0x107c09]
V  [jvm.dll+0x107d73]
V  [jvm.dll+0x1070e3]
V  [jvm.dll+0x108c17]
V  [jvm.dll+0x1f64f0]
V  [jvm.dll+0x1f5176]
V  [jvm.dll+0x66b2df]
V  [jvm.dll+0x5864e0]
C  [msvcr120.dll+0x24f7f]
C  [msvcr120.dll+0x25126]
C  [KERNEL32.DLL+0x13034]
C  [ntdll.dll+0x71431]


---------------  P R O C E S S  ---------------

Java Threads: ( => current thread )
  0x0000024579dca800 JavaThread "Service Thread" daemon [_thread_blocked, id=1132, stack(0x000000fae4900000,0x000000fae4a00000)]
  0x0000024579baf800 JavaThread "Common-Cleaner" daemon [_thread_blocked, id=7656, stack(0x000000fae4800000,0x000000fae4900000)]
  0x0000024579b2b000 JavaThread "Sweeper thread" daemon [_thread_blocked, id=8832, stack(0x000000fae4700000,0x000000fae4800000)]
=>0x0000024579b27000 JavaThread "C1 CompilerThread2" daemon [_thread_in_native, id=14332, stack(0x000000fae4600000,0x000000fae4700000)]
  0x0000024579b1c800 JavaThread "C2 CompilerThread1" daemon [_thread_in_native, id=12416, stack(0x000000fae4500000,0x000000fae4600000)]
  0x0000024579b0f800 JavaThread "C2 CompilerThread0" daemon [_thread_in_native, id=9840, stack(0x000000fae4400000,0x000000fae4500000)]
  0x0000024579b0d800 JavaThread "Attach Listener" daemon [_thread_blocked, id=9568, stack(0x000000fae4300000,0x000000fae4400000)]
  0x0000024579ac6800 JavaThread "Signal Dispatcher" daemon [_thread_blocked, id=4364, stack(0x000000fae4200000,0x000000fae4300000)]
  0x0000024579abe000 JavaThread "Finalizer" daemon [_thread_blocked, id=15132, stack(0x000000fae4100000,0x000000fae4200000)]
  0x0000024579ab1800 JavaThread "Reference Handler" daemon [_thread_blocked, id=13492, stack(0x000000fae4000000,0x000000fae4100000)]
  0x0000024557be8000 JavaThread "main" [_thread_blocked, id=8040, stack(0x000000fae3300000,0x000000fae3400000)]

Other Threads:
  0x0000024579aae000 VMThread "VM Thread" [stack: 0x000000fae3f00000,0x000000fae4000000] [id=4212]
  0x0000024579e44800 WatcherThread [stack: 0x000000fae4a00000,0x000000fae4b00000] [id=9532]
  0x0000024557c00000 GCTaskThread "GC Thread#0" [stack: 0x000000fae3400000,0x000000fae3500000] [id=12868]
  0x0000024557c01800 GCTaskThread "GC Thread#1" [stack: 0x000000fae3500000,0x000000fae3600000] [id=4216]
  0x0000024557c03000 GCTaskThread "GC Thread#2" [stack: 0x000000fae3600000,0x000000fae3700000] [id=11280]
  0x0000024557c05800 GCTaskThread "GC Thread#3" [stack: 0x000000fae3700000,0x000000fae3800000] [id=9732]
  0x0000024557c6f000 ConcurrentGCThread "G1 Main Marker" [stack: 0x000000fae3d00000,0x000000fae3e00000] [id=15420]
  0x0000024557c70000 ConcurrentGCThread "G1 Marker#0" [stack: 0x000000fae3e00000,0x000000fae3f00000] [id=4420]
  0x0000024557c19000 ConcurrentGCThread "G1 Refine#0" [stack: 0x000000fae3b00000,0x000000fae3c00000] [id=12008]
  0x0000024557c10800 ConcurrentGCThread "G1 Refine#1" [stack: 0x000000fae3a00000,0x000000fae3b00000] [id=11580]
  0x0000024557c0e000 ConcurrentGCThread "G1 Refine#2" [stack: 0x000000fae3900000,0x000000fae3a00000] [id=14300]
  0x0000024557c0b000 ConcurrentGCThread "G1 Refine#3" [stack: 0x000000fae3800000,0x000000fae3900000] [id=14168]
  0x0000024557c1e800 ConcurrentGCThread "G1 Young RemSet Sampling" [stack: 0x000000fae3c00000,0x000000fae3d00000] [id=10188]

Threads with active compile tasks:
C1 CompilerThread2 781       3       sun.nio.fs.WindowsPathParser::normalize (233 bytes)
C2 CompilerThread1 764   !   4       java.util.zip.ZipFile::getEntry (66 bytes)
C2 CompilerThread0 762  s!   4       jdk.internal.loader.URLClassPath::getLoader (200 bytes)

VM state:not at safepoint (normal execution)

VM Mutex/Monitor currently owned by a thread: None

Heap address: 0x00000000a1e00000, size: 1506 MB, Compressed Oops mode: 32-bit
Narrow klass base: 0x0000000000000000, Narrow klass shift: 3
Compressed class space size: 1073741824 Address: 0x0000000100000000

Heap:
 garbage-first heap   total 98304K, used 10992K [0x00000000a1e00000, 0x00000000a1f00300, 0x0000000100000000)
  region size 1024K, 7 young (7168K), 2 survivors (2048K)
 Metaspace       used 10449K, capacity 10766K, committed 11008K, reserved 1060864K
  class space    used 1100K, capacity 1189K, committed 1280K, reserved 1048576K
Heap Regions: E=young(eden), S=young(survivor), O=old, HS=humongous(starts), HC=humongous(continues), CS=collection set, F=free, A=archive, TS=gc time stamp, AC=allocation context, TAMS=top-at-mark-start (previous, next)
|   0|0x00000000a1e00000, 0x00000000a1f00000, 0x00000000a1f00000|100%| O|  |TS  1|AC  0|TAMS 0x00000000a1e00000, 0x00000000a1e00000|
|   1|0x00000000a1f00000, 0x00000000a2000000, 0x00000000a2000000|100%| O|  |TS  1|AC  0|TAMS 0x00000000a1f00000, 0x00000000a1f00000|
|   2|0x00000000a2000000, 0x00000000a20bc000, 0x00000000a2100000| 73%| O|  |TS  1|AC  0|TAMS 0x00000000a2000000, 0x00000000a2000000|
|   3|0x00000000a2100000, 0x00000000a2200000, 0x00000000a2200000|100%|HS|  |TS  0|AC  0|TAMS 0x00000000a2100000, 0x00000000a2100000|
|   4|0x00000000a2200000, 0x00000000a2300000, 0x00000000a2300000|100%|HC|  |TS  0|AC  0|TAMS 0x00000000a2200000, 0x00000000a2200000|
|   5|0x00000000a2300000, 0x00000000a2300000, 0x00000000a2400000|  0%| F|  |TS  0|AC  0|TAMS 0x00000000a2300000, 0x00000000a2300000|
|   6|0x00000000a2400000, 0x00000000a2400000, 0x00000000a2500000|  0%| F|  |TS  0|AC  0|TAMS 0x00000000a2400000, 0x00000000a2400000|
|   7|0x00000000a2500000, 0x00000000a2500000, 0x00000000a2600000|  0%| F|  |TS  0|AC  0|TAMS 0x00000000a2500000, 0x00000000a2500000|
|   8|0x00000000a2600000, 0x00000000a2600000, 0x00000000a2700000|  0%| F|  |TS  0|AC  0|TAMS 0x00000000a2600000, 0x00000000a2600000|
|   9|0x00000000a2700000, 0x00000000a2700000, 0x00000000a2800000|  0%| F|  |TS  0|AC  0|TAMS 0x00000000a2700000, 0x00000000a2700000|
|  10|0x00000000a2800000, 0x00000000a2800000, 0x00000000a2900000|  0%| F|  |TS  0|AC  0|TAMS 0x00000000a2800000, 0x00000000a2800000|
|  11|0x00000000a2900000, 0x00000000a2900000, 0x00000000a2a00000|  0%| F|  |TS  0|AC  0|TAMS 0x00000000a2900000, 0x00000000a2900000|
|  12|0x00000000a2a00000, 0x00000000a2a00000, 0x00000000a2b00000|  0%| F|  |TS  0|AC  0|TAMS 0x00000000a2a00000, 0x00000000a2a00000|
|  13|0x00000000a2b00000, 0x00000000a2b00000, 0x00000000a2c00000|  0%| F|  |TS  0|AC  0|TAMS 0x00000000a2b00000, 0x00000000a2b00000|
|  14|0x00000000a2c00000, 0x00000000a2c00000, 0x00000000a2d00000|  0%| F|  |TS  0|AC  0|TAMS 0x00000000a2c00000, 0x00000000a2c00000|
|  15|0x00000000a2d00000, 0x00000000a2d00000, 0x00000000a2e00000|  0%| F|  |TS  0|AC  0|TAMS 0x00000000a2d00000, 0x00000000a2d00000|
|  16|0x00000000a2e00000, 0x00000000a2e00000, 0x00000000a2f00000|  0%| F|  |TS  0|AC  0|TAMS 0x00000000a2e00000, 0x00000000a2e00000|
|  17|0x00000000a2f00000, 0x00000000a2f00000, 0x00000000a3000000|  0%| F|  |TS  0|AC  0|TAMS 0x00000000a2f00000, 0x00000000a2f00000|
|  18|0x00000000a3000000, 0x00000000a3000000, 0x00000000a3100000|  0%| F|  |TS  0|AC  0|TAMS 0x00000000a3000000, 0x00000000a3000000|
|  19|0x00000000a3100000, 0x00000000a3100000, 0x00000000a3200000|  0%| F|  |TS  0|AC  0|TAMS 0x00000000a3100000, 0x00000000a3100000|
|  20|0x00000000a3200000, 0x00000000a3200000, 0x00000000a3300000|  0%| F|  |TS  0|AC  0|TAMS 0x00000000a3200000, 0x00000000a3200000|
|  21|0x00000000a3300000, 0x00000000a3300000, 0x00000000a3400000|  0%| F|  |TS  0|AC  0|TAMS 0x00000000a3300000, 0x00000000a3300000|
|  22|0x00000000a3400000, 0x00000000a3400000, 0x00000000a3500000|  0%| F|  |TS  0|AC  0|TAMS 0x00000000a3400000, 0x00000000a3400000|
|  23|0x00000000a3500000, 0x00000000a3500000, 0x00000000a3600000|  0%| F|  |TS  0|AC  0|TAMS 0x00000000a3500000, 0x00000000a3500000|
|  24|0x00000000a3600000, 0x00000000a3600000, 0x00000000a3700000|  0%| F|  |TS  0|AC  0|TAMS 0x00000000a3600000, 0x00000000a3600000|
|  25|0x00000000a3700000, 0x00000000a3700000, 0x00000000a3800000|  0%| F|  |TS  0|AC  0|TAMS 0x00000000a3700000, 0x00000000a3700000|
|  26|0x00000000a3800000, 0x00000000a3800000, 0x00000000a3900000|  0%| F|  |TS  0|AC  0|TAMS 0x00000000a3800000, 0x00000000a3800000|
|  27|0x00000000a3900000, 0x00000000a3900000, 0x00000000a3a00000|  0%| F|  |TS  0|AC  0|TAMS 0x00000000a3900000, 0x00000000a3900000|
|  28|0x00000000a3a00000, 0x00000000a3a00000, 0x00000000a3b00000|  0%| F|  |TS  0|AC  0|TAMS 0x00000000a3a00000, 0x00000000a3a00000|
|  29|0x00000000a3b00000, 0x00000000a3b00000, 0x00000000a3c00000|  0%| F|  |TS  0|AC  0|TAMS 0x00000000a3b00000, 0x00000000a3b00000|
|  30|0x00000000a3c00000, 0x00000000a3c00000, 0x00000000a3d00000|  0%| F|  |TS  0|AC  0|TAMS 0x00000000a3c00000, 0x00000000a3c00000|
|  31|0x00000000a3d00000, 0x00000000a3d00000, 0x00000000a3e00000|  0%| F|  |TS  0|AC  0|TAMS 0x00000000a3d00000, 0x00000000a3d00000|
|  32|0x00000000a3e00000, 0x00000000a3e00000, 0x00000000a3f00000|  0%| F|  |TS  0|AC  0|TAMS 0x00000000a3e00000, 0x00000000a3e00000|
|  33|0x00000000a3f00000, 0x00000000a3f00000, 0x00000000a4000000|  0%| F|  |TS  0|AC  0|TAMS 0x00000000a3f00000, 0x00000000a3f00000|
|  34|0x00000000a4000000, 0x00000000a4000000, 0x00000000a4100000|  0%| F|  |TS  0|AC  0|TAMS 0x00000000a4000000, 0x00000000a4000000|
|  35|0x00000000a4100000, 0x00000000a4100000, 0x00000000a4200000|  0%| F|  |TS  0|AC  0|TAMS 0x00000000a4100000, 0x00000000a4100000|
|  36|0x00000000a4200000, 0x00000000a4200000, 0x00000000a4300000|  0%| F|  |TS  0|AC  0|TAMS 0x00000000a4200000, 0x00000000a4200000|
|  37|0x00000000a4300000, 0x00000000a4300000, 0x00000000a4400000|  0%| F|  |TS  0|AC  0|TAMS 0x00000000a4300000, 0x00000000a4300000|
|  38|0x00000000a4400000, 0x00000000a4400000, 0x00000000a4500000|  0%| F|  |TS  0|AC  0|TAMS 0x00000000a4400000, 0x00000000a4400000|
|  39|0x00000000a4500000, 0x00000000a4500000, 0x00000000a4600000|  0%| F|  |TS  0|AC  0|TAMS 0x00000000a4500000, 0x00000000a4500000|
|  40|0x00000000a4600000, 0x00000000a4600000, 0x00000000a4700000|  0%| F|  |TS  0|AC  0|TAMS 0x00000000a4600000, 0x00000000a4600000|
|  41|0x00000000a4700000, 0x00000000a4700000, 0x00000000a4800000|  0%| F|  |TS  0|AC  0|TAMS 0x00000000a4700000, 0x00000000a4700000|
|  42|0x00000000a4800000, 0x00000000a4800000, 0x00000000a4900000|  0%| F|  |TS  0|AC  0|TAMS 0x00000000a4800000, 0x00000000a4800000|
|  43|0x00000000a4900000, 0x00000000a4900000, 0x00000000a4a00000|  0%| F|  |TS  0|AC  0|TAMS 0x00000000a4900000, 0x00000000a4900000|
|  44|0x00000000a4a00000, 0x00000000a4a00000, 0x00000000a4b00000|  0%| F|  |TS  0|AC  0|TAMS 0x00000000a4a00000, 0x00000000a4a00000|
|  45|0x00000000a4b00000, 0x00000000a4b00000, 0x00000000a4c00000|  0%| F|  |TS  0|AC  0|TAMS 0x00000000a4b00000, 0x00000000a4b00000|
|  46|0x00000000a4c00000, 0x00000000a4c00000, 0x00000000a4d00000|  0%| F|  |TS  0|AC  0|TAMS 0x00000000a4c00000, 0x00000000a4c00000|
|  47|0x00000000a4d00000, 0x00000000a4d00000, 0x00000000a4e00000|  0%| F|  |TS  0|AC  0|TAMS 0x00000000a4d00000, 0x00000000a4d00000|
|  48|0x00000000a4e00000, 0x00000000a4e00000, 0x00000000a4f00000|  0%| F|  |TS  0|AC  0|TAMS 0x00000000a4e00000, 0x00000000a4e00000|
|  49|0x00000000a4f00000, 0x00000000a4f00000, 0x00000000a5000000|  0%| F|  |TS  0|AC  0|TAMS 0x00000000a4f00000, 0x00000000a4f00000|
|  50|0x00000000a5000000, 0x00000000a5000000, 0x00000000a5100000|  0%| F|  |TS  0|AC  0|TAMS 0x00000000a5000000, 0x00000000a5000000|
|  51|0x00000000a5100000, 0x00000000a5100000, 0x00000000a5200000|  0%| F|  |TS  0|AC  0|TAMS 0x00000000a5100000, 0x00000000a5100000|
|  52|0x00000000a5200000, 0x00000000a5200000, 0x00000000a5300000|  0%| F|  |TS  0|AC  0|TAMS 0x00000000a5200000, 0x00000000a5200000|
|  53|0x00000000a5300000, 0x00000000a5300000, 0x00000000a5400000|  0%| F|  |TS  0|AC  0|TAMS 0x00000000a5300000, 0x00000000a5300000|
|  54|0x00000000a5400000, 0x00000000a5400000, 0x00000000a5500000|  0%| F|  |TS  0|AC  0|TAMS 0x00000000a5400000, 0x00000000a5400000|
|  55|0x00000000a5500000, 0x00000000a5500000, 0x00000000a5600000|  0%| F|  |TS  0|AC  0|TAMS 0x00000000a5500000, 0x00000000a5500000|
|  56|0x00000000a5600000, 0x00000000a5600000, 0x00000000a5700000|  0%| F|  |TS  0|AC  0|TAMS 0x00000000a5600000, 0x00000000a5600000|
|  57|0x00000000a5700000, 0x00000000a5700000, 0x00000000a5800000|  0%| F|  |TS  0|AC  0|TAMS 0x00000000a5700000, 0x00000000a5700000|
|  58|0x00000000a5800000, 0x00000000a5800000, 0x00000000a5900000|  0%| F|  |TS  0|AC  0|TAMS 0x00000000a5800000, 0x00000000a5800000|
|  59|0x00000000a5900000, 0x00000000a5900000, 0x00000000a5a00000|  0%| F|  |TS  0|AC  0|TAMS 0x00000000a5900000, 0x00000000a5900000|
|  60|0x00000000a5a00000, 0x00000000a5a00000, 0x00000000a5b00000|  0%| F|  |TS  0|AC  0|TAMS 0x00000000a5a00000, 0x00000000a5a00000|
|  61|0x00000000a5b00000, 0x00000000a5b00000, 0x00000000a5c00000|  0%| F|  |TS  0|AC  0|TAMS 0x00000000a5b00000, 0x00000000a5b00000|
|  62|0x00000000a5c00000, 0x00000000a5c00000, 0x00000000a5d00000|  0%| F|  |TS  0|AC  0|TAMS 0x00000000a5c00000, 0x00000000a5c00000|
|  63|0x00000000a5d00000, 0x00000000a5d00000, 0x00000000a5e00000|  0%| F|  |TS  0|AC  0|TAMS 0x00000000a5d00000, 0x00000000a5d00000|
|  64|0x00000000a5e00000, 0x00000000a5e00000, 0x00000000a5f00000|  0%| F|  |TS  0|AC  0|TAMS 0x00000000a5e00000, 0x00000000a5e00000|
|  65|0x00000000a5f00000, 0x00000000a5f00000, 0x00000000a6000000|  0%| F|  |TS  0|AC  0|TAMS 0x00000000a5f00000, 0x00000000a5f00000|
|  66|0x00000000a6000000, 0x00000000a6000000, 0x00000000a6100000|  0%| F|  |TS  0|AC  0|TAMS 0x00000000a6000000, 0x00000000a6000000|
|  67|0x00000000a6100000, 0x00000000a6100000, 0x00000000a6200000|  0%| F|  |TS  0|AC  0|TAMS 0x00000000a6100000, 0x00000000a6100000|
|  68|0x00000000a6200000, 0x00000000a6200000, 0x00000000a6300000|  0%| F|  |TS  0|AC  0|TAMS 0x00000000a6200000, 0x00000000a6200000|
|  69|0x00000000a6300000, 0x00000000a6300000, 0x00000000a6400000|  0%| F|  |TS  0|AC  0|TAMS 0x00000000a6300000, 0x00000000a6300000|
|  70|0x00000000a6400000, 0x00000000a6400000, 0x00000000a6500000|  0%| F|  |TS  0|AC  0|TAMS 0x00000000a6400000, 0x00000000a6400000|
|  71|0x00000000a6500000, 0x00000000a6500000, 0x00000000a6600000|  0%| F|  |TS  0|AC  0|TAMS 0x00000000a6500000, 0x00000000a6500000|
|  72|0x00000000a6600000, 0x00000000a6600000, 0x00000000a6700000|  0%| F|  |TS  0|AC  0|TAMS 0x00000000a6600000, 0x00000000a6600000|
|  73|0x00000000a6700000, 0x00000000a6700000, 0x00000000a6800000|  0%| F|  |TS  0|AC  0|TAMS 0x00000000a6700000, 0x00000000a6700000|
|  74|0x00000000a6800000, 0x00000000a6800000, 0x00000000a6900000|  0%| F|  |TS  0|AC  0|TAMS 0x00000000a6800000, 0x00000000a6800000|
|  75|0x00000000a6900000, 0x00000000a6900000, 0x00000000a6a00000|  0%| F|  |TS  0|AC  0|TAMS 0x00000000a6900000, 0x00000000a6900000|
|  76|0x00000000a6a00000, 0x00000000a6a00000, 0x00000000a6b00000|  0%| F|  |TS  0|AC  0|TAMS 0x00000000a6a00000, 0x00000000a6a00000|
|  77|0x00000000a6b00000, 0x00000000a6b00000, 0x00000000a6c00000|  0%| F|  |TS  0|AC  0|TAMS 0x00000000a6b00000, 0x00000000a6b00000|
|  78|0x00000000a6c00000, 0x00000000a6c00000, 0x00000000a6d00000|  0%| F|  |TS  0|AC  0|TAMS 0x00000000a6c00000, 0x00000000a6c00000|
|  79|0x00000000a6d00000, 0x00000000a6d00000, 0x00000000a6e00000|  0%| F|  |TS  0|AC  0|TAMS 0x00000000a6d00000, 0x00000000a6d00000|
|  80|0x00000000a6e00000, 0x00000000a6f00000, 0x00000000a6f00000|100%| S|CS|TS  1|AC  0|TAMS 0x00000000a6e00000, 0x00000000a6e00000|
|  81|0x00000000a6f00000, 0x00000000a7000000, 0x00000000a7000000|100%| S|CS|TS  1|AC  0|TAMS 0x00000000a6f00000, 0x00000000a6f00000|
|  82|0x00000000a7000000, 0x00000000a7000000, 0x00000000a7100000|  0%| F|  |TS  1|AC  0|TAMS 0x00000000a7000000, 0x00000000a7000000|
|  83|0x00000000a7100000, 0x00000000a7100000, 0x00000000a7200000|  0%| F|  |TS  1|AC  0|TAMS 0x00000000a7100000, 0x00000000a7100000|
|  84|0x00000000a7200000, 0x00000000a7200000, 0x00000000a7300000|  0%| F|  |TS  1|AC  0|TAMS 0x00000000a7200000, 0x00000000a7200000|
|  85|0x00000000a7300000, 0x00000000a7300000, 0x00000000a7400000|  0%| F|  |TS  1|AC  0|TAMS 0x00000000a7300000, 0x00000000a7300000|
|  86|0x00000000a7400000, 0x00000000a7400000, 0x00000000a7500000|  0%| F|  |TS  1|AC  0|TAMS 0x00000000a7400000, 0x00000000a7400000|
|  87|0x00000000a7500000, 0x00000000a7500000, 0x00000000a7600000|  0%| F|  |TS  1|AC  0|TAMS 0x00000000a7500000, 0x00000000a7500000|
|  88|0x00000000a7600000, 0x00000000a7600000, 0x00000000a7700000|  0%| F|  |TS  1|AC  0|TAMS 0x00000000a7600000, 0x00000000a7600000|
|  89|0x00000000a7700000, 0x00000000a7700000, 0x00000000a7800000|  0%| F|  |TS  1|AC  0|TAMS 0x00000000a7700000, 0x00000000a7700000|
|  90|0x00000000a7800000, 0x00000000a7800000, 0x00000000a7900000|  0%| F|  |TS  1|AC  0|TAMS 0x00000000a7800000, 0x00000000a7800000|
|  91|0x00000000a7900000, 0x00000000a79d87d8, 0x00000000a7a00000| 84%| E|  |TS  1|AC  0|TAMS 0x00000000a7900000, 0x00000000a7900000|
|  92|0x00000000a7a00000, 0x00000000a7b00000, 0x00000000a7b00000|100%| E|CS|TS  1|AC  0|TAMS 0x00000000a7a00000, 0x00000000a7a00000|
|  93|0x00000000a7b00000, 0x00000000a7c00000, 0x00000000a7c00000|100%| E|CS|TS  1|AC  0|TAMS 0x00000000a7b00000, 0x00000000a7b00000|
|  94|0x00000000a7c00000, 0x00000000a7d00000, 0x00000000a7d00000|100%| E|CS|TS  1|AC  0|TAMS 0x00000000a7c00000, 0x00000000a7c00000|
|  95|0x00000000a7d00000, 0x00000000a7e00000, 0x00000000a7e00000|100%| E|CS|TS  1|AC  0|TAMS 0x00000000a7d00000, 0x00000000a7d00000|

Card table byte_map: [0x0000024573720000,0x0000024573a20000] byte_map_base: 0x0000024573211000

Marking Bits (Prev, Next): (CMBitMap*) 0x0000024557c6e380, (CMBitMap*) 0x0000024557c6e3b8
 Prev Bits: [0x0000024573d20000, 0x00000245754a8000)
 Next Bits: [0x00000245754b0000, 0x0000024576c38000)

Polling page: 0x0000024557b90000

CodeHeap 'non-profiled nmethods': size=120064Kb used=250Kb max_used=250Kb free=119813Kb
 bounds [0x000002456b5c0000, 0x000002456b830000, 0x0000024572b00000]
CodeHeap 'profiled nmethods': size=120000Kb used=1355Kb max_used=1355Kb free=118645Kb
 bounds [0x0000024564090000, 0x0000024564300000, 0x000002456b5c0000]
CodeHeap 'non-nmethods': size=5696Kb used=1215Kb max_used=1226Kb free=4480Kb
 bounds [0x0000024563b00000, 0x0000024563d70000, 0x0000024564090000]
 total_blobs=1322 nmethods=780 adapters=277
 compilation: enabled

Compilation events (10 events):
Event: 16.609 Thread 0x0000024579b27000 nmethod 775 0x00000245641e0f90 code [0x00000245641e1140, 0x00000245641e12f8]
Event: 16.609 Thread 0x0000024579b27000  777       3       java.nio.MappedByteBuffer::limit (6 bytes)
Event: 16.609 Thread 0x0000024579b27000 nmethod 777 0x00000245641e1390 code [0x00000245641e1560, 0x00000245641e1830]
Event: 16.609 Thread 0x0000024579b27000  778       3       java.nio.MappedByteBuffer::position (6 bytes)
Event: 16.609 Thread 0x0000024579b27000 nmethod 778 0x00000245641e1910 code [0x00000245641e1ae0, 0x00000245641e1db0]
Event: 16.631 Thread 0x0000024579b27000  779       3       java.util.jar.JarEntry::<init> (6 bytes)
Event: 16.632 Thread 0x0000024579b27000 nmethod 779 0x00000245641e1e90 code [0x00000245641e2040, 0x00000245641e21d0]
Event: 16.632 Thread 0x0000024579b27000  780       3       java.util.zip.ZipEntry::<init> (146 bytes)
Event: 16.633 Thread 0x0000024579b27000 nmethod 780 0x00000245641e2290 code [0x00000245641e2480, 0x00000245641e2a70]
Event: 16.633 Thread 0x0000024579b27000  781       3       sun.nio.fs.WindowsPathParser::normalize (233 bytes)

GC Heap History (2 events):
Event: 16.283 GC heap before
{Heap before GC invocations=0 (full 0):
 garbage-first heap   total 98304K, used 14336K [0x00000000a1e00000, 0x00000000a1f00300, 0x0000000100000000)
  region size 1024K, 14 young (14336K), 0 survivors (0K)
 Metaspace       used 9677K, capacity 9906K, committed 10112K, reserved 1058816K
  class space    used 985K, capacity 1055K, committed 1152K, reserved 1048576K
}
Event: 16.397 GC heap after
{Heap after GC invocations=1 (full 0):
 garbage-first heap   total 98304K, used 4848K [0x00000000a1e00000, 0x00000000a1f00300, 0x0000000100000000)
  region size 1024K, 2 young (2048K), 2 survivors (2048K)
 Metaspace       used 9677K, capacity 9906K, committed 10112K, reserved 1058816K
  class space    used 985K, capacity 1055K, committed 1152K, reserved 1048576K
}

Deoptimization events (4 events):
Event: 14.142 Thread 0x0000024557be8000 Uncommon trap: reason=unstable_if action=reinterpret pc=0x000002456b5e2fe4 method=java.util.HashMap.putVal(ILjava/lang/Object;Ljava/lang/Object;ZZ)Ljava/lang/Object; @ 81 c2
Event: 16.529 Thread 0x0000024557be8000 Uncommon trap: reason=bimorphic_or_optimized_type_check action=maybe_recompile pc=0x000002456b5faf58 method=java.util.HashMap.getNode(ILjava/lang/Object;)Ljava/util/HashMap$Node; @ 126 c2
Event: 16.529 Thread 0x0000024557be8000 Uncommon trap: reason=unstable_if action=reinterpret pc=0x000002456b5fae60 method=java.util.HashMap.getNode(ILjava/lang/Object;)Ljava/util/HashMap$Node; @ 62 c2
Event: 16.529 Thread 0x0000024557be8000 Uncommon trap: reason=unstable_if action=reinterpret pc=0x000002456b5ea7ac method=java.util.HashMap.putVal(ILjava/lang/Object;Ljava/lang/Object;ZZ)Ljava/lang/Object; @ 94 c2

Classes redefined (0 events):
No events

Internal exceptions (5 events):
Event: 10.717 Thread 0x0000024557be8000 Exception <a 'java/lang/NoSuchMethodError'{0x00000000a7b14480}: java.lang.Object.lambda$union$2(Ljava/util/regex/Pattern$CharPredicate;I)Z> (0x00000000a7b14480) thrown at [t:/workspace/hotspot/src/share/vm/interpreter/linkResolver.cpp, line 731]
Event: 10.836 Thread 0x0000024557be8000 Exception <a 'java/lang/NoSuchMethodError'{0x00000000a7b45380}: java.lang.Object.lambda$negate$3(I)Z> (0x00000000a7b45380) thrown at [t:/workspace/hotspot/src/share/vm/interpreter/linkResolver.cpp, line 731]
Event: 16.092 Thread 0x0000024557be8000 Exception <a 'java/lang/NoSuchMethodError'{0x00000000a70e6078}: java.lang.invoke.DirectMethodHandle$Holder.invokeInterface(Ljava/lang/Object;Ljava/lang/Object;Ljava/lang/Object;)I> (0x00000000a70e6078) thrown at [t:/workspace/hotspot/src/share/vm/interpre
Event: 16.171 Thread 0x0000024557be8000 Exception <a 'java/lang/NoSuchMethodError'{0x00000000a70f0d08}: java.lang.invoke.DirectMethodHandle$Holder.invokeStatic(Ljava/lang/Object;Ljava/lang/Object;)I> (0x00000000a70f0d08) thrown at [t:/workspace/hotspot/src/share/vm/interpreter/linkResolver.cpp,
Event: 16.221 Thread 0x0000024557be8000 Exception <a 'java/lang/NoSuchMethodError'{0x00000000a70fd848}: java.lang.Object.of([Ljava/lang/Object;)Ljava/util/stream/Stream;> (0x00000000a70fd848) thrown at [t:/workspace/hotspot/src/share/vm/interpreter/linkResolver.cpp, line 731]

Events (10 events):
Event: 16.604 loading class org/slf4j/helpers/SubstituteLoggerFactory
Event: 16.604 loading class org/slf4j/helpers/SubstituteLoggerFactory done
Event: 16.605 loading class org/slf4j/Logger
Event: 16.605 loading class org/slf4j/Logger done
Event: 16.605 loading class org/slf4j/helpers/NOPLoggerFactory
Event: 16.605 loading class org/slf4j/helpers/NOPLoggerFactory done
Event: 16.607 loading class java/net/URLClassLoader$3
Event: 16.629 loading class java/net/URLClassLoader$3 done
Event: 16.629 loading class java/net/URLClassLoader$3$1
Event: 16.630 loading class java/net/URLClassLoader$3$1 done


Dynamic libraries:
0x00007ff799f70000 - 0x00007ff799fae000 	C:\Program Files\Java\jdk-9.0.1\bin\java.exe
0x00007ffb5cc40000 - 0x00007ffb5ce21000 	C:\WINDOWS\SYSTEM32\ntdll.dll
0x00007ffb5caf0000 - 0x00007ffb5cba2000 	C:\WINDOWS\System32\KERNEL32.DLL
0x00007ffb59e50000 - 0x00007ffb5a0c3000 	C:\WINDOWS\System32\KERNELBASE.dll
0x00007ffb5ca30000 - 0x00007ffb5cad1000 	C:\WINDOWS\System32\ADVAPI32.dll
0x00007ffb5c410000 - 0x00007ffb5c4ae000 	C:\WINDOWS\System32\msvcrt.dll
0x00007ffb5c9d0000 - 0x00007ffb5ca2b000 	C:\WINDOWS\System32\sechost.dll
0x00007ffb5c2e0000 - 0x00007ffb5c404000 	C:\WINDOWS\System32\RPCRT4.dll
0x00007ffb5b710000 - 0x00007ffb5b8a0000 	C:\WINDOWS\System32\USER32.dll
0x00007ffb59010000 - 0x00007ffb59030000 	C:\WINDOWS\System32\win32u.dll
0x00007ffb5c140000 - 0x00007ffb5c168000 	C:\WINDOWS\System32\GDI32.dll
0x00007ffb59090000 - 0x00007ffb59222000 	C:\WINDOWS\System32\gdi32full.dll
0x00007ffb59230000 - 0x00007ffb592cf000 	C:\WINDOWS\System32\msvcp_win.dll
0x00007ffb59640000 - 0x00007ffb5973a000 	C:\WINDOWS\System32\ucrtbase.dll
0x00007ffb4a580000 - 0x00007ffb4a7e9000 	C:\WINDOWS\WinSxS\amd64_microsoft.windows.common-controls_6595b64144ccf1df_6.0.17134.228_none_fb4599993062b194\COMCTL32.dll
0x00007ffb5b930000 - 0x00007ffb5bc53000 	C:\WINDOWS\System32\combase.dll
0x00007ffb592d0000 - 0x00007ffb5934a000 	C:\WINDOWS\System32\bcryptPrimitives.dll
0x00007ffb47d10000 - 0x00007ffb47d1a000 	C:\WINDOWS\SYSTEM32\VERSION.dll
0x00007ffb5b900000 - 0x00007ffb5b92d000 	C:\WINDOWS\System32\IMM32.DLL
0x00007ffb22c40000 - 0x00007ffb22d2f000 	C:\Program Files\Java\jdk-9.0.1\bin\msvcr120.dll
0x00007ffb21e90000 - 0x00007ffb21f36000 	C:\Program Files\Java\jdk-9.0.1\bin\msvcp120.dll
0x00000000520f0000 - 0x0000000052b14000 	C:\Program Files\Java\jdk-9.0.1\bin\server\jvm.dll
0x00007ffb5cae0000 - 0x00007ffb5cae8000 	C:\WINDOWS\System32\PSAPI.DLL
0x00007ffb4cdd0000 - 0x00007ffb4cdd9000 	C:\WINDOWS\SYSTEM32\WSOCK32.dll
0x00007ffb5bc60000 - 0x00007ffb5bccc000 	C:\WINDOWS\System32\WS2_32.dll
0x00007ffb56650000 - 0x00007ffb56673000 	C:\WINDOWS\SYSTEM32\WINMM.dll
0x00007ffb56570000 - 0x00007ffb5659a000 	C:\WINDOWS\SYSTEM32\WINMMBASE.dll
0x00007ffb59350000 - 0x00007ffb59399000 	C:\WINDOWS\System32\cfgmgr32.dll
0x00007ffb48130000 - 0x00007ffb4813f000 	C:\Program Files\Java\jdk-9.0.1\bin\verify.dll
0x00007ffb24b60000 - 0x00007ffb24b87000 	C:\Program Files\Java\jdk-9.0.1\bin\java.dll
0x00007ffb42300000 - 0x00007ffb42316000 	C:\Program Files\Java\jdk-9.0.1\bin\zip.dll
0x00007ffb47d20000 - 0x00007ffb47d2a000 	C:\Program Files\Java\jdk-9.0.1\bin\jimage.dll
0x00007ffb5a2d0000 - 0x00007ffb5b710000 	C:\WINDOWS\System32\SHELL32.dll
0x00007ffb5bff0000 - 0x00007ffb5c099000 	C:\WINDOWS\System32\shcore.dll
0x00007ffb59740000 - 0x00007ffb59e4d000 	C:\WINDOWS\System32\windows.storage.dll
0x00007ffb5b8a0000 - 0x00007ffb5b8f1000 	C:\WINDOWS\System32\shlwapi.dll
0x00007ffb58fe0000 - 0x00007ffb58ff1000 	C:\WINDOWS\System32\kernel.appcore.dll
0x00007ffb58f70000 - 0x00007ffb58f8f000 	C:\WINDOWS\System32\profapi.dll
0x00007ffb58f90000 - 0x00007ffb58fdc000 	C:\WINDOWS\System32\powrprof.dll
0x00007ffb59000000 - 0x00007ffb5900a000 	C:\WINDOWS\System32\FLTLIB.DLL
0x00007ffb3faa0000 - 0x00007ffb3faba000 	C:\Program Files\Java\jdk-9.0.1\bin\net.dll
0x00007ffb50090000 - 0x00007ffb5016c000 	C:\WINDOWS\SYSTEM32\WINHTTP.dll
0x00007ffb587d0000 - 0x00007ffb58836000 	C:\WINDOWS\system32\mswsock.dll
0x00007ffb2e0b0000 - 0x00007ffb2e0c1000 	C:\Program Files\Java\jdk-9.0.1\bin\nio.dll
0x00007ffb31f50000 - 0x00007ffb31f6e000 	C:\Users\Ayodeji Fabusuyi\.gradle\native\25\windows-amd64\native-platform.dll
0x00007ffb57820000 - 0x00007ffb579e9000 	C:\WINDOWS\SYSTEM32\dbghelp.dll

VM Arguments:
jvm_args: -Dorg.gradle.appname=gradlew 
java_command: org.gradle.wrapper.GradleWrapperMain -v
java_class_path (initial): C:\Users\Ayodeji Fabusuyi\Documents\Flutter\newapp\android\\gradle\wrapper\gradle-wrapper.jar
Launcher Type: SUN_STANDARD

Logging:
Log output configuration:
#0: stdout all=warning uptime,level,tags
#1: stderr all=off uptime,level,tags

Environment Variables:
JAVA_HOME=C:\Program Files\Java\jdk-9.0.1
CLASSPATH=C:\Users\Ayodeji Fabusuyi\Documents\Flutter\newapp\android\\gradle\wrapper\gradle-wrapper.jar
PATH=C:\Program Files\Haskell\bin;C:\Program Files\Haskell Platform\8.4.3\lib\extralibs\bin;C:\Program Files\Haskell Platform\8.4.3\bin;C:\ProgramData\Oracle\Java\javapath;C:\Program Files\Java\jdk-9.0.1;C:\Program Files (x86)\Intel\iCLS Client\;C:\Program Files\Intel\iCLS Client\;C:\WINDOWS\system32;C:\WINDOWS;C:\WINDOWS\System32\Wbem;C:\WINDOWS\System32\WindowsPowerShell\v1.0\;C:\Program Files (x86)\Intel\Intel(R) Management Engine Components\DAL;C:\Program Files\Intel\Intel(R) Management Engine Components\DAL;C:\Program Files (x86)\Intel\Intel(R) Management Engine Components\IPT;C:\Program Files\Intel\Intel(R) Management Engine Components\IPT;C:\Program Files\Git\cmd;C:\Program Files\Java\jdk-9.0.1\bin;C:\Program Files\Intel\WiFi\bin\;C:\Program Files\Common Files\Intel\WirelessCommon\;C:\Program Files\nodejs\;C:\Strawberry\c\bin;C:\Strawberry\perl\site\bin;C:\Strawberry\perl\bin;C:\Dwimperl\perl\bin;C:\Dwimperl\perl\site\bin;C:\Dwimperl\c\bin;C:\ProgramData\chocolatey\bin;C:\Flutter\flutter\bin;C:\Go\bin;C:\Users\Ayodeji Fabusuyi\AppData\Local\atom\bin;C:\Users\Ayodeji Fabusuyi\AppData\Local\Android\Sdk\platform-tools;C:\Program Files\Haskell Platform\8.4.3\mingw\bin;C:\Program Files\PuTTY\;C:\WINDOWS\System32\OpenSSH\;C:\Program Files\Apache\Maven\bin;C:\Users\Ayodeji Fabusuyi\AppData\Roaming\cabal\bin;C:\Users\Ayodeji Fabusuyi\AppData\Roaming\local\bin;C:\Program Files\Java\jdk-9.0.1;C:\Users\Ayodeji Fabusuyi\Documents\Android\sdk;C:\Program Files\Java\jdk-9.0.1\bin;C:\Program Files\Microsoft VS Code\bin;C:\Users\Ayodeji Fabusuyi\AppData\Roaming\npm;C:\tools\dart-sdk\bin;C:\Users\Ayodeji Fabusuyi\AppData\Roaming\Pub\Cache\bin;C:\Users\Ayodeji Fabusuyi\go\bin;C:\Users\Ayodeji Fabusuyi\AppData\Local\Android\Sdk\platform-tools;C:\Users\Ayodeji Fabusuyi\AppData\Local\Microsoft\WindowsApps;C:\Program Files\Apache\Maven\bin;C:\Users\Ayodeji Fabusuyi\AppData\Local\Programs\Microsoft VS Code\bin;C:\Flutter\flutter\bin;;C:\Flutter\flutter\bin\mingit\cmd
USERNAME=Ayodeji Fabusuyi
OS=Windows_NT
PROCESSOR_IDENTIFIER=Intel64 Family 6 Model 142 Stepping 9, GenuineIntel



---------------  S Y S T E M  ---------------

OS: Windows 10 , 64 bit Build 17134 (10.0.17134.1)

CPU:total 4 (initial active 4) (2 cores per cpu, 2 threads per core) family 6 model 142 stepping 9, cmov, cx8, fxsr, mmx, sse, sse2, sse3, ssse3, sse4.1, sse4.2, popcnt, avx, avx2, aes, clmul, erms, 3dnowpref, lzcnt, ht, tsc, tscinvbit, bmi1, bmi2, adx, fma

Memory: 4k page, physical 6161060k(541796k free), swap 7848612k(1460k free)

vm_info: Java HotSpot(TM) 64-Bit Server VM (9.0.1+11) for windows-amd64 JRE (9.0.1+11), built on Sep 28 2017 04:54:03 by "mach5one" with MS VC++ 12.0 (VS2013)

END.
