#
# There is insufficient memory for the Java Runtime Environment to continue.
# Native memory allocation (mmap) failed to map 100663296 bytes for Failed to commit area from 0x00000000a1e00000 to 0x00000000a7e00000 of length 100663296.
# Possible reasons:
#   The system is out of physical RAM or swap space
#   The process is running with CompressedOops enabled, and the Java Heap may be blocking the growth of the native heap
# Possible solutions:
#   Reduce memory load on the system
#   Increase physical memory or swap space
#   Check if swap backing store is full
#   Decrease Java heap size (-Xmx/-Xms)
#   Decrease number of Java threads
#   Decrease Java thread stack sizes (-Xss)
#   Set larger code cache with -XX:ReservedCodeCacheSize=
# This output file may be truncated or incomplete.
#
#  Out of Memory Error (t:/workspace/hotspot/src/os/windows/vm/os_windows.cpp:3357), pid=9312, tid=4904
#
# JRE version:  (9.0+11) (build )
# Java VM: Java HotSpot(TM) 64-Bit Server VM (9.0.1+11, mixed mode, tiered, compressed oops, g1 gc, windows-amd64)
# No core dump will be written. Minidumps are not enabled by default on client versions of Windows
#

---------------  S U M M A R Y ------------

Command Line: -Dorg.gradle.appname=gradlew org.gradle.wrapper.GradleWrapperMain -v

Host: Intel(R) Core(TM) i3-7100U CPU @ 2.40GHz, 4 cores, 5G,  Windows 10 , 64 bit Build 17134 (10.0.17134.1)
Time: Fri Nov 02 22:00:10 2018 W. Central Africa Standard Time elapsed time: 0 seconds (0d 0h 0m 0s)

---------------  T H R E A D  ---------------

Current thread (0x000001a9c31b8000):  JavaThread "Unknown thread" [_thread_in_vm, id=4904, stack(0x00000061b9200000,0x00000061b9300000)]

Stack: [0x00000061b9200000,0x00000061b9300000]
Native frames: (J=compiled Java code, j=interpreted, Vv=VM code, C=native code)
V  [jvm.dll+0x5870b8]
V  [jvm.dll+0x69c0ee]
V  [jvm.dll+0x69d00a]
V  [jvm.dll+0x69d643]
V  [jvm.dll+0x21d148]
V  [jvm.dll+0x584bf4]
V  [jvm.dll+0x57a005]
V  [jvm.dll+0x2cd46b]
V  [jvm.dll+0x2cd3d3]
V  [jvm.dll+0x2cd2a2]
V  [jvm.dll+0x2cf2a3]
V  [jvm.dll+0x319203]
V  [jvm.dll+0x319916]
V  [jvm.dll+0x319303]
V  [jvm.dll+0x2adbf8]
V  [jvm.dll+0x2aee37]
V  [jvm.dll+0x67b1ed]
V  [jvm.dll+0x67c5ac]
V  [jvm.dll+0x3269c9]
V  [jvm.dll+0x6653ee]
V  [jvm.dll+0x391931]
V  [jvm.dll+0x3938e1]
C  [java.exe+0x34f1]
C  [java.exe+0xe24f]
C  [java.exe+0xe3f6]
C  [KERNEL32.DLL+0x13034]
C  [ntdll.dll+0x71431]


---------------  P R O C E S S  ---------------

Java Threads: ( => current thread )

Other Threads:
  0x000001a9c31d0000 GCTaskThread "GC Thread#0" [stack: 0x00000061b9300000,0x00000061b9400000] [id=2340]
  0x000001a9c31d1800 GCTaskThread "GC Thread#1" [stack: 0x00000061b9400000,0x00000061b9500000] [id=15164]
  0x000001a9c31d3800 GCTaskThread "GC Thread#2" [stack: 0x00000061b9500000,0x00000061b9600000] [id=4228]
  0x000001a9c31db000 GCTaskThread "GC Thread#3" [stack: 0x00000061b9600000,0x00000061b9700000] [id=17340]
  0x000001a9c3240000 ConcurrentGCThread "G1 Main Marker" [stack: 0x00000061b9c00000,0x00000061b9d00000] [id=15788]
  0x000001a9c31dc000 ConcurrentGCThread "G1 Marker#0" [stack: 0x00000061b9d00000,0x00000061b9e00000] [id=11540]
  0x000001a9c31f0800 ConcurrentGCThread "G1 Refine#0" [stack: 0x00000061b9a00000,0x00000061b9b00000] [id=6480]
  0x000001a9c31eb000 ConcurrentGCThread "G1 Refine#1" [stack: 0x00000061b9900000,0x00000061b9a00000] [id=18400]
  0x000001a9c31e5800 ConcurrentGCThread "G1 Refine#2" [stack: 0x00000061b9800000,0x00000061b9900000] [id=17048]
  0x000001a9c31e2800 ConcurrentGCThread "G1 Refine#3" [stack: 0x00000061b9700000,0x00000061b9800000] [id=13260]
  0x000001a9c31f3000 ConcurrentGCThread "G1 Young RemSet Sampling" [stack: 0x00000061b9b00000,0x00000061b9c00000] [id=18156]

=>0x000001a9c31b8000 (exited) JavaThread "Unknown thread" [_thread_in_vm, id=4904, stack(0x00000061b9200000,0x00000061b9300000)]

Threads with active compile tasks:

VM state:not at safepoint (not fully initialized)

VM Mutex/Monitor currently owned by a thread:  ([mutex/lock_event])
[0x000001a9c31b5d80] Heap_lock - owner thread: 0x000001a9c31b8000

Heap address: 0x00000000a1e00000, size: 1506 MB, Compressed Oops mode: Non-zero based: 0x00000000a1e00000
Narrow klass base: 0x0000000000000000, Narrow klass shift: 0

GC Heap History (0 events):
No events

Deoptimization events (0 events):
No events

Classes redefined (0 events):
No events

Internal exceptions (0 events):
No events

Events (0 events):
No events


Dynamic libraries:
0x00007ff6901b0000 - 0x00007ff6901ee000 	C:\Program Files\Java\jdk-9.0.1\bin\java.exe
0x00007ffec8250000 - 0x00007ffec8431000 	C:\WINDOWS\SYSTEM32\ntdll.dll
0x00007ffec7870000 - 0x00007ffec7922000 	C:\WINDOWS\System32\KERNEL32.DLL
0x00007ffec5070000 - 0x00007ffec52e3000 	C:\WINDOWS\System32\KERNELBASE.dll
0x00007ffec7c90000 - 0x00007ffec7d31000 	C:\WINDOWS\System32\ADVAPI32.dll
0x00007ffec7940000 - 0x00007ffec79de000 	C:\WINDOWS\System32\msvcrt.dll
0x00007ffec7bd0000 - 0x00007ffec7c2b000 	C:\WINDOWS\System32\sechost.dll
0x00007ffec57b0000 - 0x00007ffec58d4000 	C:\WINDOWS\System32\RPCRT4.dll
0x00007ffec6090000 - 0x00007ffec6220000 	C:\WINDOWS\System32\USER32.dll
0x00007ffec4eb0000 - 0x00007ffec4ed0000 	C:\WINDOWS\System32\win32u.dll
0x00007ffec7ab0000 - 0x00007ffec7ad8000 	C:\WINDOWS\System32\GDI32.dll
0x00007ffec4ed0000 - 0x00007ffec5062000 	C:\WINDOWS\System32\gdi32full.dll
0x00007ffec5640000 - 0x00007ffec56df000 	C:\WINDOWS\System32\msvcp_win.dll
0x00007ffec4db0000 - 0x00007ffec4eaa000 	C:\WINDOWS\System32\ucrtbase.dll
0x00007ffeb4bf0000 - 0x00007ffeb4e59000 	C:\WINDOWS\WinSxS\amd64_microsoft.windows.common-controls_6595b64144ccf1df_6.0.17134.228_none_fb4599993062b194\COMCTL32.dll
0x00007ffeb2580000 - 0x00007ffeb258a000 	C:\WINDOWS\SYSTEM32\VERSION.dll
0x00007ffec7dd0000 - 0x00007ffec80f3000 	C:\WINDOWS\System32\combase.dll
0x00007ffec4d30000 - 0x00007ffec4daa000 	C:\WINDOWS\System32\bcryptPrimitives.dll
0x00007ffec7da0000 - 0x00007ffec7dcd000 	C:\WINDOWS\System32\IMM32.DLL
0x00007ffeb8790000 - 0x00007ffeb887f000 	C:\Program Files\Java\jdk-9.0.1\bin\msvcr120.dll
0x00007ffe96ca0000 - 0x00007ffe96d46000 	C:\Program Files\Java\jdk-9.0.1\bin\msvcp120.dll
0x000000006b8f0000 - 0x000000006c314000 	C:\Program Files\Java\jdk-9.0.1\bin\server\jvm.dll
0x00007ffec7800000 - 0x00007ffec7808000 	C:\WINDOWS\System32\PSAPI.DLL
0x00007ffeb3370000 - 0x00007ffeb3379000 	C:\WINDOWS\SYSTEM32\WSOCK32.dll
0x00007ffec1b40000 - 0x00007ffec1b63000 	C:\WINDOWS\SYSTEM32\WINMM.dll
0x00007ffec81a0000 - 0x00007ffec820c000 	C:\WINDOWS\System32\WS2_32.dll
0x00007ffec1b10000 - 0x00007ffec1b3a000 	C:\WINDOWS\SYSTEM32\winmmbase.dll
0x00007ffec53a0000 - 0x00007ffec53e9000 	C:\WINDOWS\System32\cfgmgr32.dll
0x00007ffec0430000 - 0x00007ffec043f000 	C:\Program Files\Java\jdk-9.0.1\bin\verify.dll
0x00007ffeb9dc0000 - 0x00007ffeb9de7000 	C:\Program Files\Java\jdk-9.0.1\bin\java.dll
0x00007ffeb9f70000 - 0x00007ffeb9f86000 	C:\Program Files\Java\jdk-9.0.1\bin\zip.dll
0x00007ffebae20000 - 0x00007ffebae2a000 	C:\Program Files\Java\jdk-9.0.1\bin\jimage.dll
0x00007ffec2e30000 - 0x00007ffec2ff9000 	C:\WINDOWS\SYSTEM32\dbghelp.dll

VM Arguments:
jvm_args: -Dorg.gradle.appname=gradlew 
java_command: org.gradle.wrapper.GradleWrapperMain -v
java_class_path (initial): C:\Users\Ayodeji Fabusuyi\Documents\Flutter\newapp\android\\gradle\wrapper\gradle-wrapper.jar
Launcher Type: SUN_STANDARD

Logging:
Log output configuration:
#0: stdout all=warning uptime,level,tags
#1: stderr all=off uptime,level,tags

Environment Variables:
JAVA_HOME=C:\Program Files\Java\jdk-9.0.1
CLASSPATH=C:\Users\Ayodeji Fabusuyi\Documents\Flutter\newapp\android\\gradle\wrapper\gradle-wrapper.jar
PATH=C:\Program Files\Haskell\bin;C:\Program Files\Haskell Platform\8.4.3\lib\extralibs\bin;C:\Program Files\Haskell Platform\8.4.3\bin;C:\ProgramData\Oracle\Java\javapath;C:\Program Files\Java\jdk-9.0.1;C:\Program Files (x86)\Intel\iCLS Client\;C:\Program Files\Intel\iCLS Client\;C:\WINDOWS\system32;C:\WINDOWS;C:\WINDOWS\System32\Wbem;C:\WINDOWS\System32\WindowsPowerShell\v1.0\;C:\Program Files (x86)\Intel\Intel(R) Management Engine Components\DAL;C:\Program Files\Intel\Intel(R) Management Engine Components\DAL;C:\Program Files (x86)\Intel\Intel(R) Management Engine Components\IPT;C:\Program Files\Intel\Intel(R) Management Engine Components\IPT;C:\Program Files\Git\cmd;C:\Program Files\Java\jdk-9.0.1\bin;C:\Program Files\Intel\WiFi\bin\;C:\Program Files\Common Files\Intel\WirelessCommon\;C:\Program Files\nodejs\;C:\Strawberry\c\bin;C:\Strawberry\perl\site\bin;C:\Strawberry\perl\bin;C:\Dwimperl\perl\bin;C:\Dwimperl\perl\site\bin;C:\Dwimperl\c\bin;C:\ProgramData\chocolatey\bin;C:\Flutter\flutter\bin;C:\Go\bin;C:\Users\Ayodeji Fabusuyi\AppData\Local\atom\bin;C:\Users\Ayodeji Fabusuyi\AppData\Local\Android\Sdk\platform-tools;C:\Program Files\Haskell Platform\8.4.3\mingw\bin;C:\Program Files\PuTTY\;C:\WINDOWS\System32\OpenSSH\;C:\Program Files\Apache\Maven\bin;C:\Users\Ayodeji Fabusuyi\AppData\Roaming\cabal\bin;C:\Users\Ayodeji Fabusuyi\AppData\Roaming\local\bin;C:\Program Files\Java\jdk-9.0.1;C:\Users\Ayodeji Fabusuyi\Documents\Android\sdk;C:\Program Files\Java\jdk-9.0.1\bin;C:\Program Files\Microsoft VS Code\bin;C:\Users\Ayodeji Fabusuyi\AppData\Roaming\npm;C:\tools\dart-sdk\bin;C:\Users\Ayodeji Fabusuyi\AppData\Roaming\Pub\Cache\bin;C:\Users\Ayodeji Fabusuyi\go\bin;C:\Users\Ayodeji Fabusuyi\AppData\Local\Android\Sdk\platform-tools;C:\Users\Ayodeji Fabusuyi\AppData\Local\Microsoft\WindowsApps;C:\Program Files\Apache\Maven\bin;C:\Users\Ayodeji Fabusuyi\AppData\Local\Programs\Microsoft VS Code\bin;C:\Flutter\flutter\bin;;C:\Flutter\flutter\bin\mingit\cmd
USERNAME=Ayodeji Fabusuyi
OS=Windows_NT
PROCESSOR_IDENTIFIER=Intel64 Family 6 Model 142 Stepping 9, GenuineIntel



---------------  S Y S T E M  ---------------

OS: Windows 10 , 64 bit Build 17134 (10.0.17134.1)

CPU:total 4 (initial active 4) (2 cores per cpu, 2 threads per core) family 6 model 142 stepping 9, cmov, cx8, fxsr, mmx, sse, sse2, sse3, ssse3, sse4.1, sse4.2, popcnt, avx, avx2, aes, clmul, erms, 3dnowpref, lzcnt, ht, tsc, tscinvbit, bmi1, bmi2, adx, fma

Memory: 4k page, physical 6161060k(640504k free), swap 7848612k(29624k free)

vm_info: Java HotSpot(TM) 64-Bit Server VM (9.0.1+11) for windows-amd64 JRE (9.0.1+11), built on Sep 28 2017 04:54:03 by "mach5one" with MS VC++ 12.0 (VS2013)

END.
