#
# There is insufficient memory for the Java Runtime Environment to continue.
# Native memory allocation (mmap) failed to map 100663296 bytes for Failed to commit area from 0x00000000a1e00000 to 0x00000000a7e00000 of length 100663296.
# Possible reasons:
#   The system is out of physical RAM or swap space
#   The process is running with CompressedOops enabled, and the Java Heap may be blocking the growth of the native heap
# Possible solutions:
#   Reduce memory load on the system
#   Increase physical memory or swap space
#   Check if swap backing store is full
#   Decrease Java heap size (-Xmx/-Xms)
#   Decrease number of Java threads
#   Decrease Java thread stack sizes (-Xss)
#   Set larger code cache with -XX:ReservedCodeCacheSize=
# This output file may be truncated or incomplete.
#
#  Out of Memory Error (t:/workspace/hotspot/src/os/windows/vm/os_windows.cpp:3357), pid=5416, tid=14492
#
# JRE version:  (9.0+11) (build )
# Java VM: Java HotSpot(TM) 64-Bit Server VM (9.0.1+11, mixed mode, tiered, compressed oops, g1 gc, windows-amd64)
# No core dump will be written. Minidumps are not enabled by default on client versions of Windows
#

---------------  S U M M A R Y ------------

Command Line: -Dorg.gradle.appname=gradlew org.gradle.wrapper.GradleWrapperMain -v

Host: Intel(R) Core(TM) i3-7100U CPU @ 2.40GHz, 4 cores, 5G,  Windows 10 , 64 bit Build 17134 (10.0.17134.1)
Time: Sun Oct 28 20:31:50 2018 W. Central Africa Standard Time elapsed time: 0 seconds (0d 0h 0m 0s)

---------------  T H R E A D  ---------------

Current thread (0x000001f46bda7800):  JavaThread "Unknown thread" [_thread_in_vm, id=14492, stack(0x00000024afd00000,0x00000024afe00000)]

Stack: [0x00000024afd00000,0x00000024afe00000]
Native frames: (J=compiled Java code, j=interpreted, Vv=VM code, C=native code)
V  [jvm.dll+0x5870b8]
V  [jvm.dll+0x69c0ee]
V  [jvm.dll+0x69d00a]
V  [jvm.dll+0x69d643]
V  [jvm.dll+0x21d148]
V  [jvm.dll+0x584bf4]
V  [jvm.dll+0x57a005]
V  [jvm.dll+0x2cd46b]
V  [jvm.dll+0x2cd3d3]
V  [jvm.dll+0x2cd2a2]
V  [jvm.dll+0x2cf2a3]
V  [jvm.dll+0x319203]
V  [jvm.dll+0x319916]
V  [jvm.dll+0x319303]
V  [jvm.dll+0x2adbf8]
V  [jvm.dll+0x2aee37]
V  [jvm.dll+0x67b1ed]
V  [jvm.dll+0x67c5ac]
V  [jvm.dll+0x3269c9]
V  [jvm.dll+0x6653ee]
V  [jvm.dll+0x391931]
V  [jvm.dll+0x3938e1]
C  [java.exe+0x34f1]
C  [java.exe+0xe24f]
C  [java.exe+0xe3f6]
C  [KERNEL32.DLL+0x13034]
C  [ntdll.dll+0x71431]


---------------  P R O C E S S  ---------------

Java Threads: ( => current thread )

Other Threads:
  0x000001f46bdbe800 GCTaskThread "GC Thread#0" [stack: 0x00000024afe00000,0x00000024aff00000] [id=7720]
  0x000001f46bdc0000 GCTaskThread "GC Thread#1" [stack: 0x00000024aff00000,0x00000024b0000000] [id=11988]
  0x000001f46bdc2800 GCTaskThread "GC Thread#2" [stack: 0x00000024b0000000,0x00000024b0100000] [id=15576]
  0x000001f46bdc5800 GCTaskThread "GC Thread#3" [stack: 0x00000024b0100000,0x00000024b0200000] [id=292]
  0x000001f46be2c000 ConcurrentGCThread "G1 Main Marker" [stack: 0x00000024b0700000,0x00000024b0800000] [id=4916]
  0x000001f46bdc7000 ConcurrentGCThread "G1 Marker#0" [stack: 0x00000024b0800000,0x00000024b0900000] [id=16264]
  0x000001f46bdda800 ConcurrentGCThread "G1 Refine#0" [stack: 0x00000024b0500000,0x00000024b0600000] [id=15028]
  0x000001f46bdd9000 ConcurrentGCThread "G1 Refine#1" [stack: 0x00000024b0400000,0x00000024b0500000] [id=1800]
  0x000001f46bdd7000 ConcurrentGCThread "G1 Refine#2" [stack: 0x00000024b0300000,0x00000024b0400000] [id=4828]
  0x000001f46bdd2000 ConcurrentGCThread "G1 Refine#3" [stack: 0x00000024b0200000,0x00000024b0300000] [id=4328]
  0x000001f46bddd800 ConcurrentGCThread "G1 Young RemSet Sampling" [stack: 0x00000024b0600000,0x00000024b0700000] [id=9452]

=>0x000001f46bda7800 (exited) JavaThread "Unknown thread" [_thread_in_vm, id=14492, stack(0x00000024afd00000,0x00000024afe00000)]

Threads with active compile tasks:

VM state:not at safepoint (not fully initialized)

VM Mutex/Monitor currently owned by a thread:  ([mutex/lock_event])
[0x000001f46bda43e0] Heap_lock - owner thread: 0x000001f46bda7800

Heap address: 0x00000000a1e00000, size: 1506 MB, Compressed Oops mode: Non-zero based: 0x00000000a1e00000
Narrow klass base: 0x0000000000000000, Narrow klass shift: 0

GC Heap History (0 events):
No events

Deoptimization events (0 events):
No events

Classes redefined (0 events):
No events

Internal exceptions (0 events):
No events

Events (0 events):
No events


Dynamic libraries:
0x00007ff63ff90000 - 0x00007ff63ffce000 	C:\Program Files\Java\jdk-9.0.1\bin\java.exe
0x00007ffc23480000 - 0x00007ffc23661000 	C:\WINDOWS\SYSTEM32\ntdll.dll
0x00007ffc228d0000 - 0x00007ffc22982000 	C:\WINDOWS\System32\KERNEL32.DLL
0x00007ffc1fe80000 - 0x00007ffc200f3000 	C:\WINDOWS\System32\KERNELBASE.dll
0x00007ffc22820000 - 0x00007ffc228c1000 	C:\WINDOWS\System32\ADVAPI32.dll
0x00007ffc22300000 - 0x00007ffc2239e000 	C:\WINDOWS\System32\msvcrt.dll
0x00007ffc22fa0000 - 0x00007ffc22ffb000 	C:\WINDOWS\System32\sechost.dll
0x00007ffc21fc0000 - 0x00007ffc220e4000 	C:\WINDOWS\System32\RPCRT4.dll
0x00007ffc225c0000 - 0x00007ffc22750000 	C:\WINDOWS\System32\USER32.dll
0x00007ffc1f9f0000 - 0x00007ffc1fa10000 	C:\WINDOWS\System32\win32u.dll
0x00007ffc220f0000 - 0x00007ffc22118000 	C:\WINDOWS\System32\GDI32.dll
0x00007ffc1f850000 - 0x00007ffc1f9e2000 	C:\WINDOWS\System32\gdi32full.dll
0x00007ffc1fc00000 - 0x00007ffc1fc9f000 	C:\WINDOWS\System32\msvcp_win.dll
0x00007ffc20810000 - 0x00007ffc2090a000 	C:\WINDOWS\System32\ucrtbase.dll
0x00007ffc0e940000 - 0x00007ffc0eba9000 	C:\WINDOWS\WinSxS\amd64_microsoft.windows.common-controls_6595b64144ccf1df_6.0.17134.228_none_fb4599993062b194\COMCTL32.dll
0x00007ffc1d6f0000 - 0x00007ffc1d6fa000 	C:\WINDOWS\SYSTEM32\VERSION.dll
0x00007ffc22a70000 - 0x00007ffc22d93000 	C:\WINDOWS\System32\combase.dll
0x00007ffc1fd00000 - 0x00007ffc1fd7a000 	C:\WINDOWS\System32\bcryptPrimitives.dll
0x00007ffc21ef0000 - 0x00007ffc21f1d000 	C:\WINDOWS\System32\IMM32.DLL
0x00007ffbf2da0000 - 0x00007ffbf2e8f000 	C:\Program Files\Java\jdk-9.0.1\bin\msvcr120.dll
0x00007ffbf6740000 - 0x00007ffbf67e6000 	C:\Program Files\Java\jdk-9.0.1\bin\msvcp120.dll
0x0000000067a90000 - 0x00000000684b4000 	C:\Program Files\Java\jdk-9.0.1\bin\server\jvm.dll
0x00007ffc223a0000 - 0x00007ffc223a8000 	C:\WINDOWS\System32\PSAPI.DLL
0x00007ffc1d390000 - 0x00007ffc1d3b3000 	C:\WINDOWS\SYSTEM32\WINMM.dll
0x00007ffc101b0000 - 0x00007ffc101b9000 	C:\WINDOWS\SYSTEM32\WSOCK32.dll
0x00007ffc229a0000 - 0x00007ffc22a0c000 	C:\WINDOWS\System32\WS2_32.dll
0x00007ffc1d360000 - 0x00007ffc1d38a000 	C:\WINDOWS\SYSTEM32\WINMMBASE.dll
0x00007ffc1fe30000 - 0x00007ffc1fe79000 	C:\WINDOWS\System32\cfgmgr32.dll
0x00007ffc1a390000 - 0x00007ffc1a39f000 	C:\Program Files\Java\jdk-9.0.1\bin\verify.dll
0x00007ffc124a0000 - 0x00007ffc124c7000 	C:\Program Files\Java\jdk-9.0.1\bin\java.dll
0x00007ffc1a320000 - 0x00007ffc1a336000 	C:\Program Files\Java\jdk-9.0.1\bin\zip.dll
0x00007ffc19d50000 - 0x00007ffc19d5a000 	C:\Program Files\Java\jdk-9.0.1\bin\jimage.dll
0x00007ffc1e190000 - 0x00007ffc1e359000 	C:\WINDOWS\SYSTEM32\dbghelp.dll

VM Arguments:
jvm_args: -Dorg.gradle.appname=gradlew 
java_command: org.gradle.wrapper.GradleWrapperMain -v
java_class_path (initial): C:\Users\Ayodeji Fabusuyi\Documents\Flutter\newapp\android\\gradle\wrapper\gradle-wrapper.jar
Launcher Type: SUN_STANDARD

Logging:
Log output configuration:
#0: stdout all=warning uptime,level,tags
#1: stderr all=off uptime,level,tags

Environment Variables:
JAVA_HOME=C:\Program Files\Java\jdk-9.0.1
CLASSPATH=C:\Users\Ayodeji Fabusuyi\Documents\Flutter\newapp\android\\gradle\wrapper\gradle-wrapper.jar
PATH=C:\Program Files\Haskell\bin;C:\Program Files\Haskell Platform\8.4.3\lib\extralibs\bin;C:\Program Files\Haskell Platform\8.4.3\bin;C:\ProgramData\Oracle\Java\javapath;C:\Program Files\Java\jdk-9.0.1;C:\Program Files (x86)\Intel\iCLS Client\;C:\Program Files\Intel\iCLS Client\;C:\WINDOWS\system32;C:\WINDOWS;C:\WINDOWS\System32\Wbem;C:\WINDOWS\System32\WindowsPowerShell\v1.0\;C:\Program Files (x86)\Intel\Intel(R) Management Engine Components\DAL;C:\Program Files\Intel\Intel(R) Management Engine Components\DAL;C:\Program Files (x86)\Intel\Intel(R) Management Engine Components\IPT;C:\Program Files\Intel\Intel(R) Management Engine Components\IPT;C:\Program Files\Git\cmd;C:\Program Files\Java\jdk-9.0.1\bin;C:\Program Files\Intel\WiFi\bin\;C:\Program Files\Common Files\Intel\WirelessCommon\;C:\Program Files\nodejs\;C:\Strawberry\c\bin;C:\Strawberry\perl\site\bin;C:\Strawberry\perl\bin;C:\Dwimperl\perl\bin;C:\Dwimperl\perl\site\bin;C:\Dwimperl\c\bin;C:\ProgramData\chocolatey\bin;C:\Flutter\flutter\bin;C:\Go\bin;C:\Users\Ayodeji Fabusuyi\AppData\Local\atom\bin;C:\Users\Ayodeji Fabusuyi\AppData\Local\Android\Sdk\platform-tools;C:\Program Files\Haskell Platform\8.4.3\mingw\bin;C:\Program Files\PuTTY\;C:\WINDOWS\System32\OpenSSH\;C:\Program Files\Apache\Maven\bin;C:\Users\Ayodeji Fabusuyi\AppData\Roaming\cabal\bin;C:\Users\Ayodeji Fabusuyi\AppData\Roaming\local\bin;C:\Program Files\Java\jdk-9.0.1;C:\Users\Ayodeji Fabusuyi\Documents\Android\sdk;C:\Program Files\Java\jdk-9.0.1\bin;C:\Program Files\Microsoft VS Code\bin;C:\Users\Ayodeji Fabusuyi\AppData\Roaming\npm;C:\tools\dart-sdk\bin;C:\Users\Ayodeji Fabusuyi\AppData\Roaming\Pub\Cache\bin;C:\Users\Ayodeji Fabusuyi\go\bin;C:\Users\Ayodeji Fabusuyi\AppData\Local\Android\Sdk\platform-tools;C:\Users\Ayodeji Fabusuyi\AppData\Local\Microsoft\WindowsApps;C:\Program Files\Apache\Maven\bin;C:\Users\Ayodeji Fabusuyi\AppData\Local\Programs\Microsoft VS Code\bin;C:\Flutter\flutter\bin;;C:\Flutter\flutter\bin\mingit\cmd
USERNAME=Ayodeji Fabusuyi
OS=Windows_NT
PROCESSOR_IDENTIFIER=Intel64 Family 6 Model 142 Stepping 9, GenuineIntel



---------------  S Y S T E M  ---------------

OS: Windows 10 , 64 bit Build 17134 (10.0.17134.1)

CPU:total 4 (initial active 4) (2 cores per cpu, 2 threads per core) family 6 model 142 stepping 9, cmov, cx8, fxsr, mmx, sse, sse2, sse3, ssse3, sse4.1, sse4.2, popcnt, avx, avx2, aes, clmul, erms, 3dnowpref, lzcnt, ht, tsc, tscinvbit, bmi1, bmi2, adx, fma

Memory: 4k page, physical 6161060k(583908k free), swap 7848612k(58120k free)

vm_info: Java HotSpot(TM) 64-Bit Server VM (9.0.1+11) for windows-amd64 JRE (9.0.1+11), built on Sep 28 2017 04:54:03 by "mach5one" with MS VC++ 12.0 (VS2013)

END.
