#
# There is insufficient memory for the Java Runtime Environment to continue.
# Native memory allocation (malloc) failed to allocate 32744 bytes for ChunkPool::allocate
# Possible reasons:
#   The system is out of physical RAM or swap space
#   In 32 bit mode, the process size limit was hit
# Possible solutions:
#   Reduce memory load on the system
#   Increase physical memory or swap space
#   Check if swap backing store is full
#   Use 64 bit Java on a 64 bit OS
#   Decrease Java heap size (-Xmx/-Xms)
#   Decrease number of Java threads
#   Decrease Java thread stack sizes (-Xss)
#   Set larger code cache with -XX:ReservedCodeCacheSize=
# This output file may be truncated or incomplete.
#
#  Out of Memory Error (allocation.cpp:273), pid=9652, tid=0x000000000000397c
#
# JRE version: OpenJDK Runtime Environment (8.0_152-b02) (build 1.8.0_152-release-1024-b02)
# Java VM: OpenJDK 64-Bit Server VM (25.152-b02 mixed mode windows-amd64 compressed oops)
# Failed to write core dump. Minidumps are not enabled by default on client versions of Windows
#

---------------  T H R E A D  ---------------

Current thread (0x0000000002d53800):  JavaThread "main" [_thread_in_native, id=14716, stack(0x0000000002c20000,0x0000000002d20000)]

Stack: [0x0000000002c20000,0x0000000002d20000]
[error occurred during error reporting (printing stack bounds), id 0xc0000005]

Native frames: (J=compiled Java code, j=interpreted, Vv=VM code, C=native code)

Java frames: (J=compiled Java code, j=interpreted, Vv=VM code)
j  java.util.logging.Level.<init>(Ljava/lang/String;ILjava/lang/String;Z)V+55
j  java.util.logging.Level.<init>(Ljava/lang/String;ILjava/lang/String;)V+5
j  java.util.logging.Level.<clinit>()V+10
v  ~StubRoutines::call_stub
j  org.gradle.internal.logging.source.JavaUtilLoggingSystem.<clinit>()V+16
v  ~StubRoutines::call_stub
j  org.gradle.internal.logging.services.LoggingServiceRegistry.createLoggingManagerFactory()Lorg/gradle/internal/logging/services/DefaultLoggingManagerFactory;+108
v  ~StubRoutines::call_stub
j  sun.reflect.NativeMethodAccessorImpl.invoke0(Ljava/lang/reflect/Method;Ljava/lang/Object;[Ljava/lang/Object;)Ljava/lang/Object;+0
j  sun.reflect.NativeMethodAccessorImpl.invoke(Ljava/lang/Object;[Ljava/lang/Object;)Ljava/lang/Object;+100
j  sun.reflect.DelegatingMethodAccessorImpl.invoke(Ljava/lang/Object;[Ljava/lang/Object;)Ljava/lang/Object;+6
j  java.lang.reflect.Method.invoke(Ljava/lang/Object;[Ljava/lang/Object;)Ljava/lang/Object;+56
j  org.gradle.internal.reflect.JavaMethod.invoke(Ljava/lang/Object;[Ljava/lang/Object;)Ljava/lang/Object;+6
j  org.gradle.internal.service.ReflectionBasedServiceMethod.invoke(Ljava/lang/Object;[Ljava/lang/Object;)Ljava/lang/Object;+6
j  org.gradle.internal.service.DefaultServiceRegistry$FactoryMethodService.invokeMethod([Ljava/lang/Object;)Ljava/lang/Object;+9
j  org.gradle.internal.service.DefaultServiceRegistry$FactoryService.create()Ljava/lang/Object;+7
j  org.gradle.internal.service.DefaultServiceRegistry$ManagedObjectProvider.getInstance()Ljava/lang/Object;+9
j  org.gradle.internal.service.DefaultServiceRegistry$SingletonService.get()Ljava/lang/Object;+1
j  org.gradle.internal.service.DefaultServiceRegistry.doGet(Ljava/lang/reflect/Type;)Ljava/lang/Object;+87
j  org.gradle.internal.service.DefaultServiceRegistry.get(Ljava/lang/Class;)Ljava/lang/Object;+3
j  org.gradle.internal.logging.services.LoggingServiceRegistry.newCommandLineProcessLogging()Lorg/gradle/internal/logging/services/LoggingServiceRegistry;+13
j  org.gradle.launcher.cli.CommandLineActionFactory.createLoggingServices()Lorg/gradle/internal/service/ServiceRegistry;+0
j  org.gradle.launcher.cli.CommandLineActionFactory.convert(Ljava/util/List;)Lorg/gradle/api/Action;+1
j  org.gradle.launcher.Main.doAction([Ljava/lang/String;Lorg/gradle/launcher/bootstrap/ExecutionListener;)V+8
j  org.gradle.launcher.bootstrap.EntryPoint.run([Ljava/lang/String;)V+12
v  ~StubRoutines::call_stub
j  sun.reflect.NativeMethodAccessorImpl.invoke0(Ljava/lang/reflect/Method;Ljava/lang/Object;[Ljava/lang/Object;)Ljava/lang/Object;+0
j  sun.reflect.NativeMethodAccessorImpl.invoke(Ljava/lang/Object;[Ljava/lang/Object;)Ljava/lang/Object;+100
j  sun.reflect.DelegatingMethodAccessorImpl.invoke(Ljava/lang/Object;[Ljava/lang/Object;)Ljava/lang/Object;+6
j  java.lang.reflect.Method.invoke(Ljava/lang/Object;[Ljava/lang/Object;)Ljava/lang/Object;+56
j  org.gradle.launcher.bootstrap.ProcessBootstrap.runNoExit(Ljava/lang/String;[Ljava/lang/String;)V+147
j  org.gradle.launcher.bootstrap.ProcessBootstrap.run(Ljava/lang/String;[Ljava/lang/String;)V+3
j  org.gradle.launcher.GradleMain.main([Ljava/lang/String;)V+10
v  ~StubRoutines::call_stub
j  sun.reflect.NativeMethodAccessorImpl.invoke0(Ljava/lang/reflect/Method;Ljava/lang/Object;[Ljava/lang/Object;)Ljava/lang/Object;+0
j  sun.reflect.NativeMethodAccessorImpl.invoke(Ljava/lang/Object;[Ljava/lang/Object;)Ljava/lang/Object;+100
j  sun.reflect.DelegatingMethodAccessorImpl.invoke(Ljava/lang/Object;[Ljava/lang/Object;)Ljava/lang/Object;+6
j  java.lang.reflect.Method.invoke(Ljava/lang/Object;[Ljava/lang/Object;)Ljava/lang/Object;+56
j  org.gradle.wrapper.BootstrapMainStarter.start([Ljava/lang/String;Ljava/io/File;)V+82
j  org.gradle.wrapper.WrapperExecutor.execute([Ljava/lang/String;Lorg/gradle/wrapper/Install;Lorg/gradle/wrapper/BootstrapMainStarter;)V+14
j  org.gradle.wrapper.GradleWrapperMain.main([Ljava/lang/String;)V+190
v  ~StubRoutines::call_stub

---------------  P R O C E S S  ---------------

Java Threads: ( => current thread )
  0x000000001803a800 JavaThread "Service Thread" daemon [_thread_blocked, id=14720, stack(0x0000000018400000,0x0000000018500000)]
  0x00000000166c7800 JavaThread "C1 CompilerThread2" daemon [_thread_blocked, id=12716, stack(0x0000000017f00000,0x0000000018000000)]
  0x00000000166ca000 JavaThread "C2 CompilerThread1" daemon [_thread_in_native, id=12348, stack(0x0000000017e00000,0x0000000017f00000)]
  0x00000000166c4000 JavaThread "C2 CompilerThread0" daemon [_thread_in_native, id=14240, stack(0x0000000017d00000,0x0000000017e00000)]
  0x00000000166c1000 JavaThread "Attach Listener" daemon [_thread_blocked, id=11320, stack(0x0000000017c00000,0x0000000017d00000)]
  0x00000000166c0000 JavaThread "Signal Dispatcher" daemon [_thread_blocked, id=1508, stack(0x0000000017b00000,0x0000000017c00000)]
  0x0000000002e4d800 JavaThread "Finalizer" daemon [_thread_blocked, id=5432, stack(0x0000000017910000,0x0000000017a10000)]
  0x0000000002e44000 JavaThread "Reference Handler" daemon [_thread_blocked, id=3180, stack(0x0000000017810000,0x0000000017910000)]
=>0x0000000002d53800 JavaThread "main" [_thread_in_native, id=14716, stack(0x0000000002c20000,0x0000000002d20000)]

Other Threads:
  0x0000000016685800 VMThread [stack: 0x0000000017710000,0x0000000017810000] [id=15568]
  0x000000001803b800 WatcherThread [stack: 0x0000000018500000,0x0000000018600000] [id=11988]

VM state:not at safepoint (normal execution)

VM Mutex/Monitor currently owned by a thread: None

Heap:
 PSYoungGen      total 28672K, used 9854K [0x00000000e0a00000, 0x00000000e2a00000, 0x0000000100000000)
  eden space 24576K, 40% used [0x00000000e0a00000,0x00000000e139fab0,0x00000000e2200000)
  from space 4096K, 0% used [0x00000000e2600000,0x00000000e2600000,0x00000000e2a00000)
  to   space 4096K, 0% used [0x00000000e2200000,0x00000000e2200000,0x00000000e2600000)
 ParOldGen       total 65536K, used 0K [0x00000000a1e00000, 0x00000000a5e00000, 0x00000000e0a00000)
  object space 65536K, 0% used [0x00000000a1e00000,0x00000000a1e00000,0x00000000a5e00000)
 Metaspace       used 5081K, capacity 5328K, committed 5632K, reserved 1058816K
  class space    used 609K, capacity 672K, committed 768K, reserved 1048576K

Card table byte_map: [0x0000000012210000,0x0000000012510000] byte_map_base: 0x0000000011d01000

Marking Bits: (ParMarkBitMap*) 0x000000006cd94970
 Begin Bits: [0x0000000012b10000, 0x0000000014298000)
 End Bits:   [0x0000000014298000, 0x0000000015a20000)

Polling page: 0x0000000002bd0000

CodeCache: size=245760Kb used=1785Kb max_used=1785Kb free=243974Kb
 bounds [0x0000000002e50000, 0x00000000030c0000, 0x0000000011e50000]
 total_blobs=621 nmethods=344 adapters=191
 compilation: enabled

Compilation events (10 events):
Event: 0.512 Thread 0x00000000166c7800  342       3       java.util.HashMap::afterNodeAccess (1 bytes)
Event: 0.512 Thread 0x00000000166c7800 nmethod 342 0x000000000300ce90 code [0x000000000300cfe0, 0x000000000300d130]
Event: 0.512 Thread 0x00000000166c7800  343       3       java.net.URL::<init> (8 bytes)
Event: 0.512 Thread 0x00000000166c7800 nmethod 343 0x000000000300d190 code [0x000000000300d300, 0x000000000300d488]
Event: 0.512 Thread 0x00000000166c7800  344       3       java.net.URLStreamHandler::setURL (40 bytes)
Event: 0.513 Thread 0x00000000166c7800 nmethod 344 0x000000000300d510 code [0x000000000300d6a0, 0x000000000300da58]
Event: 0.515 Thread 0x00000000166ca000  345  s!   4       sun.misc.URLClassPath::getLoader (243 bytes)
Event: 0.515 Thread 0x00000000166c4000  346  s    4       sun.misc.URLClassPath::getNextLoader (88 bytes)
Event: 0.516 Thread 0x00000000166c7800  347       3       java.util.BitSet::get (69 bytes)
Event: 0.517 Thread 0x00000000166c7800 nmethod 347 0x000000000300dbd0 code [0x000000000300ddc0, 0x000000000300e768]

GC Heap History (0 events):
No events

Deoptimization events (0 events):
No events

Classes redefined (0 events):
No events

Internal exceptions (10 events):
Event: 0.036 Thread 0x0000000002d53800 Exception <a 'java/lang/NoSuchMethodError': Method sun.misc.Unsafe.prefetchRead(Ljava/lang/Object;J)V name or signature does not match> (0x00000000e0a07f90) thrown at [D:\src\AOSP-openjdk-cygwin\jdk8u\hotspot\src\share\vm\prims\jni.cpp, line 4011]
Event: 0.156 Thread 0x0000000002d53800 Exception <a 'java/security/PrivilegedActionException'> (0x00000000e0b994a0) thrown at [D:\src\AOSP-openjdk-cygwin\jdk8u\hotspot\src\share\vm\prims\jvm.cpp, line 1390]
Event: 0.156 Thread 0x0000000002d53800 Exception <a 'java/security/PrivilegedActionException'> (0x00000000e0b996b0) thrown at [D:\src\AOSP-openjdk-cygwin\jdk8u\hotspot\src\share\vm\prims\jvm.cpp, line 1390]
Event: 0.157 Thread 0x0000000002d53800 Exception <a 'java/security/PrivilegedActionException'> (0x00000000e0b9d3a8) thrown at [D:\src\AOSP-openjdk-cygwin\jdk8u\hotspot\src\share\vm\prims\jvm.cpp, line 1390]
Event: 0.157 Thread 0x0000000002d53800 Exception <a 'java/security/PrivilegedActionException'> (0x00000000e0b9d5b8) thrown at [D:\src\AOSP-openjdk-cygwin\jdk8u\hotspot\src\share\vm\prims\jvm.cpp, line 1390]
Event: 0.157 Thread 0x0000000002d53800 Exception <a 'java/security/PrivilegedActionException'> (0x00000000e0b9eb40) thrown at [D:\src\AOSP-openjdk-cygwin\jdk8u\hotspot\src\share\vm\prims\jvm.cpp, line 1390]
Event: 0.157 Thread 0x0000000002d53800 Exception <a 'java/security/PrivilegedActionException'> (0x00000000e0b9ed50) thrown at [D:\src\AOSP-openjdk-cygwin\jdk8u\hotspot\src\share\vm\prims\jvm.cpp, line 1390]
Event: 0.467 Thread 0x0000000002d53800 Exception <a 'java/lang/ArrayIndexOutOfBoundsException': 100> (0x00000000e1140fd8) thrown at [D:\src\AOSP-openjdk-cygwin\jdk8u\hotspot\src\share\vm\interpreter\interpreterRuntime.cpp, line 366]
Event: 0.468 Thread 0x0000000002d53800 Exception <a 'java/lang/ArrayIndexOutOfBoundsException': 18> (0x00000000e1141f10) thrown at [D:\src\AOSP-openjdk-cygwin\jdk8u\hotspot\src\share\vm\interpreter\interpreterRuntime.cpp, line 366]
Event: 0.469 Thread 0x0000000002d53800 Exception <a 'java/lang/ArrayIndexOutOfBoundsException': 40> (0x00000000e1142b40) thrown at [D:\src\AOSP-openjdk-cygwin\jdk8u\hotspot\src\share\vm\interpreter\interpreterRuntime.cpp, line 366]

Events (10 events):
Event: 0.515 loading class org/gradle/internal/logging/StandardOutputCapture done
Event: 0.515 loading class org/gradle/internal/logging/config/LoggingSystemAdapter
Event: 0.515 loading class org/gradle/internal/logging/config/LoggingSystemAdapter done
Event: 0.516 loading class org/gradle/internal/logging/slf4j/Slf4jLoggingConfigurer
Event: 0.516 loading class org/gradle/internal/logging/slf4j/Slf4jLoggingConfigurer done
Event: 0.517 loading class org/gradle/internal/logging/source/JavaUtilLoggingSystem
Event: 0.517 loading class org/gradle/internal/logging/source/JavaUtilLoggingSystem done
Event: 0.517 loading class java/util/logging/Level
Event: 0.518 loading class java/util/logging/Level done
Event: 0.518 loading class java/util/logging/Level$KnownLevel


Dynamic libraries:
0x00007ff7a7e20000 - 0x00007ff7a7e51000 	C:\Program Files\Android\Android Studio1\jre\bin\java.exe
0x00007ffec8250000 - 0x00007ffec8431000 	C:\WINDOWS\SYSTEM32\ntdll.dll
0x00007ffec7870000 - 0x00007ffec7922000 	C:\WINDOWS\System32\KERNEL32.DLL
0x00007ffec5070000 - 0x00007ffec52e3000 	C:\WINDOWS\System32\KERNELBASE.dll
0x00007ffec7c90000 - 0x00007ffec7d31000 	C:\WINDOWS\System32\ADVAPI32.dll
0x00007ffec7940000 - 0x00007ffec79de000 	C:\WINDOWS\System32\msvcrt.dll
0x00007ffec7bd0000 - 0x00007ffec7c2b000 	C:\WINDOWS\System32\sechost.dll
0x00007ffec57b0000 - 0x00007ffec58d4000 	C:\WINDOWS\System32\RPCRT4.dll
0x00007ffec6090000 - 0x00007ffec6220000 	C:\WINDOWS\System32\USER32.dll
0x00007ffec4eb0000 - 0x00007ffec4ed0000 	C:\WINDOWS\System32\win32u.dll
0x00007ffec7ab0000 - 0x00007ffec7ad8000 	C:\WINDOWS\System32\GDI32.dll
0x00007ffec4ed0000 - 0x00007ffec5062000 	C:\WINDOWS\System32\gdi32full.dll
0x00007ffec5640000 - 0x00007ffec56df000 	C:\WINDOWS\System32\msvcp_win.dll
0x00007ffec4db0000 - 0x00007ffec4eaa000 	C:\WINDOWS\System32\ucrtbase.dll
0x00007ffeb4bf0000 - 0x00007ffeb4e59000 	C:\WINDOWS\WinSxS\amd64_microsoft.windows.common-controls_6595b64144ccf1df_6.0.17134.228_none_fb4599993062b194\COMCTL32.dll
0x00007ffec7dd0000 - 0x00007ffec80f3000 	C:\WINDOWS\System32\combase.dll
0x00007ffec4d30000 - 0x00007ffec4daa000 	C:\WINDOWS\System32\bcryptPrimitives.dll
0x00007ffec7da0000 - 0x00007ffec7dcd000 	C:\WINDOWS\System32\IMM32.DLL
0x000000006ce10000 - 0x000000006cee2000 	C:\Program Files\Android\Android Studio1\jre\jre\bin\msvcr100.dll
0x000000006c5d0000 - 0x000000006ce0f000 	C:\Program Files\Android\Android Studio1\jre\jre\bin\server\jvm.dll
0x00007ffec7800000 - 0x00007ffec7808000 	C:\WINDOWS\System32\PSAPI.DLL
0x00007ffec1b40000 - 0x00007ffec1b63000 	C:\WINDOWS\SYSTEM32\WINMM.dll
0x00007ffeb3370000 - 0x00007ffeb3379000 	C:\WINDOWS\SYSTEM32\WSOCK32.dll
0x00007ffeb2580000 - 0x00007ffeb258a000 	C:\WINDOWS\SYSTEM32\VERSION.dll
0x0000000002b60000 - 0x0000000002bcc000 	C:\WINDOWS\System32\ws2_32.DLL
0x00007ffec1b10000 - 0x00007ffec1b3a000 	C:\WINDOWS\SYSTEM32\WINMMBASE.dll
0x00007ffec53a0000 - 0x00007ffec53e9000 	C:\WINDOWS\System32\cfgmgr32.dll
0x00007ffebfb70000 - 0x00007ffebfb7f000 	C:\Program Files\Android\Android Studio1\jre\jre\bin\verify.dll
0x00007ffeb9b10000 - 0x00007ffeb9b39000 	C:\Program Files\Android\Android Studio1\jre\jre\bin\java.dll
0x00007ffebae90000 - 0x00007ffebaea6000 	C:\Program Files\Android\Android Studio1\jre\jre\bin\zip.dll
0x00007ffec63c0000 - 0x00007ffec7800000 	C:\WINDOWS\System32\SHELL32.dll
0x00007ffec7a00000 - 0x00007ffec7aa9000 	C:\WINDOWS\System32\shcore.dll
0x00007ffec4620000 - 0x00007ffec4d2d000 	C:\WINDOWS\System32\windows.storage.dll
0x00007ffec7d40000 - 0x00007ffec7d91000 	C:\WINDOWS\System32\shlwapi.dll
0x00007ffec45c0000 - 0x00007ffec45d1000 	C:\WINDOWS\System32\kernel.appcore.dll
0x00007ffec4600000 - 0x00007ffec461f000 	C:\WINDOWS\System32\profapi.dll
0x00007ffec4570000 - 0x00007ffec45bc000 	C:\WINDOWS\System32\powrprof.dll
0x00007ffec4560000 - 0x00007ffec456a000 	C:\WINDOWS\System32\FLTLIB.DLL
0x00007ffeb98d0000 - 0x00007ffeb98ea000 	C:\Program Files\Android\Android Studio1\jre\jre\bin\net.dll
0x00007ffec3de0000 - 0x00007ffec3e46000 	C:\WINDOWS\system32\mswsock.dll
0x00007ffeb98b0000 - 0x00007ffeb98c1000 	C:\Program Files\Android\Android Studio1\jre\jre\bin\nio.dll

VM Arguments:
jvm_args: -Dorg.gradle.appname=gradlew 
java_command: org.gradle.wrapper.GradleWrapperMain -v
java_class_path (initial): C:\Users\Ayodeji Fabusuyi\Documents\Flutter\newapp\android\\gradle\wrapper\gradle-wrapper.jar
Launcher Type: SUN_STANDARD

Environment Variables:
JAVA_HOME=C:\Program Files\Android\Android Studio1\jre
CLASSPATH=C:\Users\Ayodeji Fabusuyi\Documents\Flutter\newapp\android\\gradle\wrapper\gradle-wrapper.jar
PATH=C:\Program Files\Haskell\bin;C:\Program Files\Haskell Platform\8.4.3\lib\extralibs\bin;C:\Program Files\Haskell Platform\8.4.3\bin;C:\ProgramData\Oracle\Java\javapath;C:\Program Files\Java\jdk-9.0.1;C:\Program Files (x86)\Intel\iCLS Client\;C:\Program Files\Intel\iCLS Client\;C:\WINDOWS\system32;C:\WINDOWS;C:\WINDOWS\System32\Wbem;C:\WINDOWS\System32\WindowsPowerShell\v1.0\;C:\Program Files (x86)\Intel\Intel(R) Management Engine Components\DAL;C:\Program Files\Intel\Intel(R) Management Engine Components\DAL;C:\Program Files (x86)\Intel\Intel(R) Management Engine Components\IPT;C:\Program Files\Intel\Intel(R) Management Engine Components\IPT;C:\Program Files\Git\cmd;C:\Program Files\Java\jdk-9.0.1\bin;C:\Program Files\Intel\WiFi\bin\;C:\Program Files\Common Files\Intel\WirelessCommon\;C:\Program Files\nodejs\;C:\Strawberry\c\bin;C:\Strawberry\perl\site\bin;C:\Strawberry\perl\bin;C:\Dwimperl\perl\bin;C:\Dwimperl\perl\site\bin;C:\Dwimperl\c\bin;C:\ProgramData\chocolatey\bin;C:\Flutter\flutter\bin;C:\Go\bin;C:\Users\Ayodeji Fabusuyi\AppData\Local\atom\bin;C:\Users\Ayodeji Fabusuyi\AppData\Local\Android\Sdk\platform-tools;C:\Program Files\Haskell Platform\8.4.3\mingw\bin;C:\Program Files\PuTTY\;C:\WINDOWS\System32\OpenSSH\;C:\Program Files\Apache\Maven\bin;C:\Users\Ayodeji Fabusuyi\AppData\Roaming\cabal\bin;C:\Users\Ayodeji Fabusuyi\AppData\Roaming\local\bin;C:\Program Files\Java\jdk-9.0.1;C:\Users\Ayodeji Fabusuyi\Documents\Android\sdk;C:\Program Files\Java\jdk-9.0.1\bin;C:\Program Files\Microsoft VS Code\bin;C:\Users\Ayodeji Fabusuyi\AppData\Roaming\npm;C:\tools\dart-sdk\bin;C:\Users\Ayodeji Fabusuyi\AppData\Roaming\Pub\Cache\bin;C:\Users\Ayodeji Fabusuyi\go\bin;C:\Users\Ayodeji Fabusuyi\AppData\Local\Android\Sdk\platform-tools;C:\Users\Ayodeji Fabusuyi\AppData\Local\Microsoft\WindowsApps;C:\Program Files\Apache\Maven\bin;C:\Users\Ayodeji Fabusuyi\AppData\Local\Programs\Microsoft VS Code\bin;C:\Flutter\flutter\bin;;C:\Flutter\flutter\bin\mingit\cmd
USERNAME=Ayodeji Fabusuyi
OS=Windows_NT
PROCESSOR_IDENTIFIER=Intel64 Family 6 Model 142 Stepping 9, GenuineIntel



---------------  S Y S T E M  ---------------

OS: Windows 10.0 , 64 bit Build 17134 (10.0.17134.1)

CPU:total 4 (initial active 4) (2 cores per cpu, 2 threads per core) family 6 model 142 stepping 9, cmov, cx8, fxsr, mmx, sse, sse2, sse3, ssse3, sse4.1, sse4.2, popcnt, avx, avx2, aes, clmul, erms, 3dnowpref, lzcnt, ht, tsc, tscinvbit, bmi1, bmi2, adx

Memory: 4k page, physical 6161060k(652280k free), swap 7848612k(1256k free)

vm_info: OpenJDK 64-Bit Server VM (25.152-b02) for windows-amd64 JRE (1.8.0_152-release-1024-b02), built by "builder" with MS VC++ 10.0 (VS2010)

time: Thu Nov 01 13:44:12 2018
elapsed time: 0 seconds (0d 0h 0m 0s)

