#
# There is insufficient memory for the Java Runtime Environment to continue.
# Native memory allocation (malloc) failed to allocate 43696 bytes for Chunk::new
# Possible reasons:
#   The system is out of physical RAM or swap space
#   In 32 bit mode, the process size limit was hit
# Possible solutions:
#   Reduce memory load on the system
#   Increase physical memory or swap space
#   Check if swap backing store is full
#   Use 64 bit Java on a 64 bit OS
#   Decrease Java heap size (-Xmx/-Xms)
#   Decrease number of Java threads
#   Decrease Java thread stack sizes (-Xss)
#   Set larger code cache with -XX:ReservedCodeCacheSize=
# This output file may be truncated or incomplete.
#
#  Out of Memory Error (allocation.cpp:390), pid=11944, tid=0x0000000000003cc4
#
# JRE version: OpenJDK Runtime Environment (8.0_152-b02) (build 1.8.0_152-release-1024-b02)
# Java VM: OpenJDK 64-Bit Server VM (25.152-b02 mixed mode windows-amd64 compressed oops)
# Failed to write core dump. Minidumps are not enabled by default on client versions of Windows
#

---------------  T H R E A D  ---------------

Current thread (0x0000000015c13800):  JavaThread "C2 CompilerThread0" daemon [_thread_in_native, id=15556, stack(0x0000000017250000,0x0000000017350000)]

Stack: [0x0000000017250000,0x0000000017350000]
[error occurred during error reporting (printing stack bounds), id 0xc0000005]

Native frames: (J=compiled Java code, j=interpreted, Vv=VM code, C=native code)


Current CompileTask:
C2:   1548  674       4       java.io.DataInputStream::readInt (72 bytes)


---------------  P R O C E S S  ---------------

Java Threads: ( => current thread )
  0x0000000015c6e000 JavaThread "Service Thread" daemon [_thread_blocked, id=14084, stack(0x0000000017950000,0x0000000017a50000)]
  0x0000000015c26000 JavaThread "C1 CompilerThread2" daemon [_thread_blocked, id=14524, stack(0x0000000017450000,0x0000000017550000)]
  0x0000000015c17800 JavaThread "C2 CompilerThread1" daemon [_thread_in_native, id=13612, stack(0x0000000017350000,0x0000000017450000)]
=>0x0000000015c13800 JavaThread "C2 CompilerThread0" daemon [_thread_in_native, id=15556, stack(0x0000000017250000,0x0000000017350000)]
  0x0000000015c11800 JavaThread "Attach Listener" daemon [_thread_blocked, id=12152, stack(0x0000000017150000,0x0000000017250000)]
  0x0000000015c0e800 JavaThread "Signal Dispatcher" daemon [_thread_blocked, id=5340, stack(0x0000000017050000,0x0000000017150000)]
  0x000000000237d800 JavaThread "Finalizer" daemon [_thread_blocked, id=10764, stack(0x0000000016e60000,0x0000000016f60000)]
  0x0000000002373000 JavaThread "Reference Handler" daemon [_thread_blocked, id=13684, stack(0x0000000016d60000,0x0000000016e60000)]
  0x0000000002283800 JavaThread "main" [_thread_in_Java, id=15072, stack(0x0000000002170000,0x0000000002270000)]

Other Threads:
  0x0000000015bd4800 VMThread [stack: 0x0000000016c60000,0x0000000016d60000] [id=12100]
  0x000000001758b000 WatcherThread [stack: 0x0000000017a50000,0x0000000017b50000] [id=704]

VM state:not at safepoint (normal execution)

VM Mutex/Monitor currently owned by a thread: None

Heap:
 PSYoungGen      total 28672K, used 21673K [0x00000000e0a00000, 0x00000000e2a00000, 0x0000000100000000)
  eden space 24576K, 88% used [0x00000000e0a00000,0x00000000e1f2a500,0x00000000e2200000)
  from space 4096K, 0% used [0x00000000e2600000,0x00000000e2600000,0x00000000e2a00000)
  to   space 4096K, 0% used [0x00000000e2200000,0x00000000e2200000,0x00000000e2600000)
 ParOldGen       total 65536K, used 0K [0x00000000a1e00000, 0x00000000a5e00000, 0x00000000e0a00000)
  object space 65536K, 0% used [0x00000000a1e00000,0x00000000a1e00000,0x00000000a5e00000)
 Metaspace       used 7884K, capacity 8156K, committed 8320K, reserved 1060864K
  class space    used 986K, capacity 1100K, committed 1152K, reserved 1048576K

Card table byte_map: [0x0000000011740000,0x0000000011a40000] byte_map_base: 0x0000000011231000

Marking Bits: (ParMarkBitMap*) 0x000000006cc84970
 Begin Bits: [0x0000000012040000, 0x00000000137c8000)
 End Bits:   [0x00000000137c8000, 0x0000000014f50000)

Polling page: 0x0000000000880000

CodeCache: size=245760Kb used=2648Kb max_used=2648Kb free=243111Kb
 bounds [0x0000000002380000, 0x0000000002620000, 0x0000000011380000]
 total_blobs=970 nmethods=673 adapters=211
 compilation: enabled

Compilation events (10 events):
Event: 1.537 Thread 0x0000000015c26000 nmethod 670 0x000000000260c6d0 code [0x000000000260c840, 0x000000000260c9c8]
Event: 1.537 Thread 0x0000000015c26000  671       3       java.io.DataInputStream::readUnsignedShort (39 bytes)
Event: 1.538 Thread 0x0000000015c26000 nmethod 671 0x000000000260ac90 code [0x000000000260ae20, 0x000000000260b208]
Event: 1.538 Thread 0x0000000015c26000  672       3       org.codehaus.groovy.reflection.GeneratedMetaMethod$DgmMethodRecord::<init> (5 bytes)
Event: 1.538 Thread 0x0000000015c26000 nmethod 672 0x0000000002611cd0 code [0x0000000002611e20, 0x0000000002611fd0]
Event: 1.539 Thread 0x0000000015c13800  674       4       java.io.DataInputStream::readInt (72 bytes)
Event: 1.540 Thread 0x0000000015c26000  675       3       sun.misc.JarIndex::get (49 bytes)
Event: 1.541 Thread 0x0000000015c26000 nmethod 675 0x0000000002612f90 code [0x0000000002613160, 0x00000000026139d8]
Event: 1.542 Thread 0x0000000015c26000  676   !   3       sun.misc.URLClassPath$JarLoader::getResource (353 bytes)
Event: 1.545 Thread 0x0000000015c26000 nmethod 676 0x0000000002613d10 code [0x0000000002614120, 0x0000000002615f88]

GC Heap History (0 events):
No events

Deoptimization events (0 events):
No events

Classes redefined (0 events):
No events

Internal exceptions (10 events):
Event: 0.381 Thread 0x0000000002283800 Exception <a 'java/security/PrivilegedActionException'> (0x00000000e0b9ed50) thrown at [D:\src\AOSP-openjdk-cygwin\jdk8u\hotspot\src\share\vm\prims\jvm.cpp, line 1390]
Event: 1.064 Thread 0x0000000002283800 Exception <a 'java/lang/ArrayIndexOutOfBoundsException': 100> (0x00000000e1142a70) thrown at [D:\src\AOSP-openjdk-cygwin\jdk8u\hotspot\src\share\vm\interpreter\interpreterRuntime.cpp, line 366]
Event: 1.065 Thread 0x0000000002283800 Exception <a 'java/lang/ArrayIndexOutOfBoundsException': 18> (0x00000000e11439a8) thrown at [D:\src\AOSP-openjdk-cygwin\jdk8u\hotspot\src\share\vm\interpreter\interpreterRuntime.cpp, line 366]
Event: 1.065 Thread 0x0000000002283800 Exception <a 'java/lang/ArrayIndexOutOfBoundsException': 40> (0x00000000e11445d8) thrown at [D:\src\AOSP-openjdk-cygwin\jdk8u\hotspot\src\share\vm\interpreter\interpreterRuntime.cpp, line 366]
Event: 1.249 Thread 0x0000000002283800 Exception <a 'java/lang/ArrayIndexOutOfBoundsException'> (0x00000000e15bd998) thrown at [D:\src\AOSP-openjdk-cygwin\jdk8u\hotspot\src\share\vm\runtime\sharedRuntime.cpp, line 605]
Event: 1.249 Thread 0x0000000002283800 Exception <a 'java/lang/ArrayIndexOutOfBoundsException'> (0x00000000e15be858) thrown at [D:\src\AOSP-openjdk-cygwin\jdk8u\hotspot\src\share\vm\runtime\sharedRuntime.cpp, line 605]
Event: 1.293 Thread 0x0000000002283800 Exception <a 'java/security/PrivilegedActionException'> (0x00000000e16dd6a8) thrown at [D:\src\AOSP-openjdk-cygwin\jdk8u\hotspot\src\share\vm\prims\jvm.cpp, line 1390]
Event: 1.293 Thread 0x0000000002283800 Exception <a 'java/security/PrivilegedActionException'> (0x00000000e16ddaa0) thrown at [D:\src\AOSP-openjdk-cygwin\jdk8u\hotspot\src\share\vm\prims\jvm.cpp, line 1390]
Event: 1.444 Thread 0x0000000002283800 Exception <a 'java/lang/NoSuchFieldError': method resolution failed> (0x00000000e1b54d78) thrown at [D:\src\AOSP-openjdk-cygwin\jdk8u\hotspot\src\share\vm\prims\methodHandles.cpp, line 1167]
Event: 1.446 Thread 0x0000000002283800 Exception <a 'java/lang/NoSuchFieldError': method resolution failed> (0x00000000e1b62468) thrown at [D:\src\AOSP-openjdk-cygwin\jdk8u\hotspot\src\share\vm\prims\methodHandles.cpp, line 1167]

Events (10 events):
Event: 1.543 loading class org/codehaus/groovy/util/ComplexKeyHashMap
Event: 1.543 loading class org/codehaus/groovy/util/ComplexKeyHashMap done
Event: 1.544 loading class org/codehaus/groovy/util/ComplexKeyHashMap$EntryIterator
Event: 1.544 loading class org/codehaus/groovy/util/ComplexKeyHashMap$EntryIterator done
Event: 1.544 loading class org/codehaus/groovy/util/ComplexKeyHashMap$Entry
Event: 1.544 loading class org/codehaus/groovy/util/ComplexKeyHashMap$Entry done
Event: 1.545 loading class org/codehaus/groovy/reflection/ClassInfo
Event: 1.545 loading class org/codehaus/groovy/reflection/ClassInfo done
Event: 1.545 loading class org/codehaus/groovy/util/Finalizable
Event: 1.545 loading class org/codehaus/groovy/util/Finalizable done


Dynamic libraries:
0x00007ff7e86b0000 - 0x00007ff7e86e1000 	C:\Program Files\Android\Android Studio1\jre\bin\java.exe
0x00007ffec8250000 - 0x00007ffec8431000 	C:\WINDOWS\SYSTEM32\ntdll.dll
0x00007ffec7870000 - 0x00007ffec7922000 	C:\WINDOWS\System32\KERNEL32.DLL
0x00007ffec5070000 - 0x00007ffec52e3000 	C:\WINDOWS\System32\KERNELBASE.dll
0x00007ffec7c90000 - 0x00007ffec7d31000 	C:\WINDOWS\System32\ADVAPI32.dll
0x00007ffec7940000 - 0x00007ffec79de000 	C:\WINDOWS\System32\msvcrt.dll
0x00007ffec7bd0000 - 0x00007ffec7c2b000 	C:\WINDOWS\System32\sechost.dll
0x00007ffec57b0000 - 0x00007ffec58d4000 	C:\WINDOWS\System32\RPCRT4.dll
0x00007ffec6090000 - 0x00007ffec6220000 	C:\WINDOWS\System32\USER32.dll
0x00007ffec4eb0000 - 0x00007ffec4ed0000 	C:\WINDOWS\System32\win32u.dll
0x00007ffec7ab0000 - 0x00007ffec7ad8000 	C:\WINDOWS\System32\GDI32.dll
0x00007ffec4ed0000 - 0x00007ffec5062000 	C:\WINDOWS\System32\gdi32full.dll
0x00007ffec5640000 - 0x00007ffec56df000 	C:\WINDOWS\System32\msvcp_win.dll
0x00007ffec4db0000 - 0x00007ffec4eaa000 	C:\WINDOWS\System32\ucrtbase.dll
0x00007ffeb4bf0000 - 0x00007ffeb4e59000 	C:\WINDOWS\WinSxS\amd64_microsoft.windows.common-controls_6595b64144ccf1df_6.0.17134.228_none_fb4599993062b194\COMCTL32.dll
0x00007ffec7dd0000 - 0x00007ffec80f3000 	C:\WINDOWS\System32\combase.dll
0x00007ffec4d30000 - 0x00007ffec4daa000 	C:\WINDOWS\System32\bcryptPrimitives.dll
0x00007ffec7da0000 - 0x00007ffec7dcd000 	C:\WINDOWS\System32\IMM32.DLL
0x000000006f040000 - 0x000000006f112000 	C:\Program Files\Android\Android Studio1\jre\jre\bin\msvcr100.dll
0x000000006c4c0000 - 0x000000006ccff000 	C:\Program Files\Android\Android Studio1\jre\jre\bin\server\jvm.dll
0x00007ffec7800000 - 0x00007ffec7808000 	C:\WINDOWS\System32\PSAPI.DLL
0x00007ffeb3370000 - 0x00007ffeb3379000 	C:\WINDOWS\SYSTEM32\WSOCK32.dll
0x00007ffec81a0000 - 0x00007ffec820c000 	C:\WINDOWS\System32\WS2_32.dll
0x00007ffec1b40000 - 0x00007ffec1b63000 	C:\WINDOWS\SYSTEM32\WINMM.dll
0x00007ffeb2580000 - 0x00007ffeb258a000 	C:\WINDOWS\SYSTEM32\VERSION.dll
0x00007ffec1b10000 - 0x00007ffec1b3a000 	C:\WINDOWS\SYSTEM32\WINMMBASE.dll
0x00007ffec53a0000 - 0x00007ffec53e9000 	C:\WINDOWS\System32\cfgmgr32.dll
0x00007ffeb9070000 - 0x00007ffeb907f000 	C:\Program Files\Android\Android Studio1\jre\jre\bin\verify.dll
0x00007ffeb9040000 - 0x00007ffeb9069000 	C:\Program Files\Android\Android Studio1\jre\jre\bin\java.dll
0x00007ffeb2540000 - 0x00007ffeb2556000 	C:\Program Files\Android\Android Studio1\jre\jre\bin\zip.dll
0x00007ffec63c0000 - 0x00007ffec7800000 	C:\WINDOWS\System32\SHELL32.dll
0x00007ffec7a00000 - 0x00007ffec7aa9000 	C:\WINDOWS\System32\shcore.dll
0x00007ffec4620000 - 0x00007ffec4d2d000 	C:\WINDOWS\System32\windows.storage.dll
0x00007ffec7d40000 - 0x00007ffec7d91000 	C:\WINDOWS\System32\shlwapi.dll
0x00007ffec45c0000 - 0x00007ffec45d1000 	C:\WINDOWS\System32\kernel.appcore.dll
0x00007ffec4600000 - 0x00007ffec461f000 	C:\WINDOWS\System32\profapi.dll
0x00007ffec4570000 - 0x00007ffec45bc000 	C:\WINDOWS\System32\powrprof.dll
0x00007ffec4560000 - 0x00007ffec456a000 	C:\WINDOWS\System32\FLTLIB.DLL
0x00007ffeb0390000 - 0x00007ffeb03aa000 	C:\Program Files\Android\Android Studio1\jre\jre\bin\net.dll
0x00007ffec3de0000 - 0x00007ffec3e46000 	C:\WINDOWS\system32\mswsock.dll
0x00007ffeb0370000 - 0x00007ffeb0381000 	C:\Program Files\Android\Android Studio1\jre\jre\bin\nio.dll
0x00007ffeb0350000 - 0x00007ffeb036e000 	C:\Users\Ayodeji Fabusuyi\.gradle\native\25\windows-amd64\native-platform.dll

VM Arguments:
jvm_args: -Dorg.gradle.appname=gradlew 
java_command: org.gradle.wrapper.GradleWrapperMain -v
java_class_path (initial): C:\Users\Ayodeji Fabusuyi\Documents\Flutter\newapp\android\\gradle\wrapper\gradle-wrapper.jar
Launcher Type: SUN_STANDARD

Environment Variables:
JAVA_HOME=C:\Program Files\Android\Android Studio1\jre
CLASSPATH=C:\Users\Ayodeji Fabusuyi\Documents\Flutter\newapp\android\\gradle\wrapper\gradle-wrapper.jar
PATH=C:\Program Files\Haskell\bin;C:\Program Files\Haskell Platform\8.4.3\lib\extralibs\bin;C:\Program Files\Haskell Platform\8.4.3\bin;C:\ProgramData\Oracle\Java\javapath;C:\Program Files\Java\jdk-9.0.1;C:\Program Files (x86)\Intel\iCLS Client\;C:\Program Files\Intel\iCLS Client\;C:\WINDOWS\system32;C:\WINDOWS;C:\WINDOWS\System32\Wbem;C:\WINDOWS\System32\WindowsPowerShell\v1.0\;C:\Program Files (x86)\Intel\Intel(R) Management Engine Components\DAL;C:\Program Files\Intel\Intel(R) Management Engine Components\DAL;C:\Program Files (x86)\Intel\Intel(R) Management Engine Components\IPT;C:\Program Files\Intel\Intel(R) Management Engine Components\IPT;C:\Program Files\Git\cmd;C:\Program Files\Java\jdk-9.0.1\bin;C:\Program Files\Intel\WiFi\bin\;C:\Program Files\Common Files\Intel\WirelessCommon\;C:\Program Files\nodejs\;C:\Strawberry\c\bin;C:\Strawberry\perl\site\bin;C:\Strawberry\perl\bin;C:\Dwimperl\perl\bin;C:\Dwimperl\perl\site\bin;C:\Dwimperl\c\bin;C:\ProgramData\chocolatey\bin;C:\Flutter\flutter\bin;C:\Go\bin;C:\Users\Ayodeji Fabusuyi\AppData\Local\atom\bin;C:\Users\Ayodeji Fabusuyi\AppData\Local\Android\Sdk\platform-tools;C:\Program Files\Haskell Platform\8.4.3\mingw\bin;C:\Program Files\PuTTY\;C:\WINDOWS\System32\OpenSSH\;C:\Program Files\Apache\Maven\bin;C:\Users\Ayodeji Fabusuyi\AppData\Roaming\cabal\bin;C:\Users\Ayodeji Fabusuyi\AppData\Roaming\local\bin;C:\Program Files\Java\jdk-9.0.1;C:\Users\Ayodeji Fabusuyi\Documents\Android\sdk;C:\Program Files\Java\jdk-9.0.1\bin;C:\Program Files\Microsoft VS Code\bin;C:\Users\Ayodeji Fabusuyi\AppData\Roaming\npm;C:\tools\dart-sdk\bin;C:\Users\Ayodeji Fabusuyi\AppData\Roaming\Pub\Cache\bin;C:\Users\Ayodeji Fabusuyi\go\bin;C:\Users\Ayodeji Fabusuyi\AppData\Local\Android\Sdk\platform-tools;C:\Users\Ayodeji Fabusuyi\AppData\Local\Microsoft\WindowsApps;C:\Program Files\Apache\Maven\bin;C:\Users\Ayodeji Fabusuyi\AppData\Local\Programs\Microsoft VS Code\bin;C:\Flutter\flutter\bin;;C:\Flutter\flutter\bin\mingit\cmd
USERNAME=Ayodeji Fabusuyi
OS=Windows_NT
PROCESSOR_IDENTIFIER=Intel64 Family 6 Model 142 Stepping 9, GenuineIntel



---------------  S Y S T E M  ---------------

OS: Windows 10.0 , 64 bit Build 17134 (10.0.17134.1)

CPU:total 4 (initial active 4) (2 cores per cpu, 2 threads per core) family 6 model 142 stepping 9, cmov, cx8, fxsr, mmx, sse, sse2, sse3, ssse3, sse4.1, sse4.2, popcnt, avx, avx2, aes, clmul, erms, 3dnowpref, lzcnt, ht, tsc, tscinvbit, bmi1, bmi2, adx

Memory: 4k page, physical 6161060k(634724k free), swap 7848612k(4084k free)

vm_info: OpenJDK 64-Bit Server VM (25.152-b02) for windows-amd64 JRE (1.8.0_152-release-1024-b02), built by "builder" with MS VC++ 10.0 (VS2010)

time: Thu Nov 01 17:06:01 2018
elapsed time: 1 seconds (0d 0h 0m 1s)

