#
# There is insufficient memory for the Java Runtime Environment to continue.
# Native memory allocation (malloc) failed to allocate 1048576 bytes for AllocateHeap
# Possible reasons:
#   The system is out of physical RAM or swap space
#   In 32 bit mode, the process size limit was hit
# Possible solutions:
#   Reduce memory load on the system
#   Increase physical memory or swap space
#   Check if swap backing store is full
#   Use 64 bit Java on a 64 bit OS
#   Decrease Java heap size (-Xmx/-Xms)
#   Decrease number of Java threads
#   Decrease Java thread stack sizes (-Xss)
#   Set larger code cache with -XX:ReservedCodeCacheSize=
# This output file may be truncated or incomplete.
#
#  Out of Memory Error (memory/allocation.inline.hpp:61), pid=13040, tid=0x0000000000000b18
#
# JRE version:  (8.0_152-b02) (build )
# Java VM: OpenJDK 64-Bit Server VM (25.152-b02 mixed mode windows-amd64 compressed oops)
# Failed to write core dump. Minidumps are not enabled by default on client versions of Windows
#

---------------  T H R E A D  ---------------

Current thread (0x0000000002f23800):  JavaThread "Unknown thread" [_thread_in_vm, id=2840, stack(0x0000000002d30000,0x0000000002e30000)]

Stack: [0x0000000002d30000,0x0000000002e30000]
[error occurred during error reporting (printing stack bounds), id 0xc0000005]

Native frames: (J=compiled Java code, j=interpreted, Vv=VM code, C=native code)


---------------  P R O C E S S  ---------------

Java Threads: ( => current thread )

Other Threads:

=>0x0000000002f23800 (exited) JavaThread "Unknown thread" [_thread_in_vm, id=2840, stack(0x0000000002d30000,0x0000000002e30000)]

VM state:not at safepoint (normal execution)

VM Mutex/Monitor currently owned by a thread: None

Heap:
 PSYoungGen      total 28672K, used 491K [0x00000000e0a00000, 0x00000000e2a00000, 0x0000000100000000)
  eden space 24576K, 2% used [0x00000000e0a00000,0x00000000e0a7ae20,0x00000000e2200000)
  from space 4096K, 0% used [0x00000000e2600000,0x00000000e2600000,0x00000000e2a00000)
  to   space 4096K, 0% used [0x00000000e2200000,0x00000000e2200000,0x00000000e2600000)
 ParOldGen       total 65536K, used 0K [0x00000000a1e00000, 0x00000000a5e00000, 0x00000000e0a00000)
  object space 65536K, 0% used [0x00000000a1e00000,0x00000000a1e00000,0x00000000a5e00000)
 Metaspace       used 772K, capacity 4480K, committed 4480K, reserved 1056768K
  class space    used 73K, capacity 384K, committed 384K, reserved 1048576K

Card table byte_map: [0x00000000123e0000,0x00000000126e0000] byte_map_base: 0x0000000011ed1000

Marking Bits: (ParMarkBitMap*) 0x0000000057d54970
 Begin Bits: [0x0000000012ce0000, 0x0000000014468000)
 End Bits:   [0x0000000014468000, 0x0000000015bf0000)

Polling page: 0x0000000001110000

CodeCache: size=245760Kb used=328Kb max_used=328Kb free=245431Kb
 bounds [0x0000000003020000, 0x0000000003290000, 0x0000000012020000]
 total_blobs=57 nmethods=0 adapters=38
 compilation: enabled

Compilation events (0 events):
No events

GC Heap History (0 events):
No events

Deoptimization events (0 events):
No events

Classes redefined (0 events):
No events

Internal exceptions (0 events):
No events

Events (10 events):
Event: 0.046 loading class java/lang/Short
Event: 0.046 loading class java/lang/Short done
Event: 0.046 loading class java/lang/Integer
Event: 0.047 loading class java/lang/Integer done
Event: 0.047 loading class java/lang/Long
Event: 0.047 loading class java/lang/Long done
Event: 0.048 loading class java/lang/NullPointerException
Event: 0.048 loading class java/lang/NullPointerException done
Event: 0.048 loading class java/lang/ArithmeticException
Event: 0.048 loading class java/lang/ArithmeticException done


Dynamic libraries:
0x00007ff6823b0000 - 0x00007ff6823e1000 	C:\Program Files\Android\Android Studio1\jre\bin\java.exe
0x00007ffd698b0000 - 0x00007ffd69a91000 	C:\WINDOWS\SYSTEM32\ntdll.dll
0x00007ffd695a0000 - 0x00007ffd69652000 	C:\WINDOWS\System32\KERNEL32.DLL
0x00007ffd65de0000 - 0x00007ffd66053000 	C:\WINDOWS\System32\KERNELBASE.dll
0x00007ffd67960000 - 0x00007ffd67a01000 	C:\WINDOWS\System32\ADVAPI32.dll
0x00007ffd697e0000 - 0x00007ffd6987e000 	C:\WINDOWS\System32\msvcrt.dll
0x00007ffd66d40000 - 0x00007ffd66d9b000 	C:\WINDOWS\System32\sechost.dll
0x00007ffd674d0000 - 0x00007ffd675f4000 	C:\WINDOWS\System32\RPCRT4.dll
0x00007ffd66ef0000 - 0x00007ffd67080000 	C:\WINDOWS\System32\USER32.dll
0x00007ffd66d20000 - 0x00007ffd66d40000 	C:\WINDOWS\System32\win32u.dll
0x00007ffd671c0000 - 0x00007ffd671e8000 	C:\WINDOWS\System32\GDI32.dll
0x00007ffd662d0000 - 0x00007ffd66462000 	C:\WINDOWS\System32\gdi32full.dll
0x00007ffd66570000 - 0x00007ffd6660f000 	C:\WINDOWS\System32\msvcp_win.dll
0x00007ffd66470000 - 0x00007ffd6656a000 	C:\WINDOWS\System32\ucrtbase.dll
0x00007ffd56750000 - 0x00007ffd569b9000 	C:\WINDOWS\WinSxS\amd64_microsoft.windows.common-controls_6595b64144ccf1df_6.0.17134.228_none_fb4599993062b194\COMCTL32.dll
0x00007ffd67600000 - 0x00007ffd67923000 	C:\WINDOWS\System32\combase.dll
0x00007ffd66060000 - 0x00007ffd660da000 	C:\WINDOWS\System32\bcryptPrimitives.dll
0x00007ffd67930000 - 0x00007ffd6795d000 	C:\WINDOWS\System32\IMM32.DLL
0x0000000057dd0000 - 0x0000000057ea2000 	C:\Program Files\Android\Android Studio1\jre\jre\bin\msvcr100.dll
0x0000000057590000 - 0x0000000057dcf000 	C:\Program Files\Android\Android Studio1\jre\jre\bin\server\jvm.dll
0x00007ffd68ff0000 - 0x00007ffd68ff8000 	C:\WINDOWS\System32\PSAPI.DLL
0x00007ffd55630000 - 0x00007ffd55639000 	C:\WINDOWS\SYSTEM32\WSOCK32.dll
0x00007ffd62e60000 - 0x00007ffd62e83000 	C:\WINDOWS\SYSTEM32\WINMM.dll
0x00007ffd69760000 - 0x00007ffd697cc000 	C:\WINDOWS\System32\WS2_32.dll
0x00007ffd54b40000 - 0x00007ffd54b4a000 	C:\WINDOWS\SYSTEM32\VERSION.dll
0x00007ffd62e30000 - 0x00007ffd62e5a000 	C:\WINDOWS\SYSTEM32\WINMMBASE.dll
0x00007ffd65d30000 - 0x00007ffd65d79000 	C:\WINDOWS\System32\cfgmgr32.dll
0x00007ffd5d170000 - 0x00007ffd5d17f000 	C:\Program Files\Android\Android Studio1\jre\jre\bin\verify.dll
0x00007ffd3c730000 - 0x00007ffd3c759000 	C:\Program Files\Android\Android Studio1\jre\jre\bin\java.dll
0x00007ffd4b400000 - 0x00007ffd4b416000 	C:\Program Files\Android\Android Studio1\jre\jre\bin\zip.dll

VM Arguments:
jvm_args: -Dorg.gradle.appname=gradlew 
java_command: org.gradle.wrapper.GradleWrapperMain -q -Ptarget=C:\Users\Ayodeji Fabusuyi\Documents\Flutter\newapp\lib\main.dart -Ptrack-widget-creation=false -Pfilesystem-scheme=org-dartlang-root assembleDebug
java_class_path (initial): C:\Users\Ayodeji Fabusuyi\Documents\Flutter\newapp\android\\gradle\wrapper\gradle-wrapper.jar
Launcher Type: SUN_STANDARD

Environment Variables:
JAVA_HOME=C:\Program Files\Android\Android Studio1\jre
CLASSPATH=C:\Users\Ayodeji Fabusuyi\Documents\Flutter\newapp\android\\gradle\wrapper\gradle-wrapper.jar
PATH=C:\Program Files\Haskell\bin;C:\Program Files\Haskell Platform\8.4.3\lib\extralibs\bin;C:\Program Files\Haskell Platform\8.4.3\bin;C:\ProgramData\Oracle\Java\javapath;C:\Program Files\Java\jdk-9.0.1;C:\Program Files (x86)\Intel\iCLS Client\;C:\Program Files\Intel\iCLS Client\;C:\WINDOWS\system32;C:\WINDOWS;C:\WINDOWS\System32\Wbem;C:\WINDOWS\System32\WindowsPowerShell\v1.0\;C:\Program Files (x86)\Intel\Intel(R) Management Engine Components\DAL;C:\Program Files\Intel\Intel(R) Management Engine Components\DAL;C:\Program Files (x86)\Intel\Intel(R) Management Engine Components\IPT;C:\Program Files\Intel\Intel(R) Management Engine Components\IPT;C:\Program Files\Git\cmd;C:\Program Files\Java\jdk-9.0.1\bin;C:\Program Files\Intel\WiFi\bin\;C:\Program Files\Common Files\Intel\WirelessCommon\;C:\Program Files\nodejs\;C:\Strawberry\c\bin;C:\Strawberry\perl\site\bin;C:\Strawberry\perl\bin;C:\Dwimperl\perl\bin;C:\Dwimperl\perl\site\bin;C:\Dwimperl\c\bin;C:\ProgramData\chocolatey\bin;C:\Flutter\flutter\bin;C:\Go\bin;C:\Users\Ayodeji Fabusuyi\AppData\Local\atom\bin;C:\Users\Ayodeji Fabusuyi\AppData\Local\Android\Sdk\platform-tools;C:\Program Files\Haskell Platform\8.4.3\mingw\bin;C:\Program Files\PuTTY\;C:\WINDOWS\System32\OpenSSH\;C:\Program Files\Apache\Maven\bin;C:\Users\Ayodeji Fabusuyi\AppData\Roaming\cabal\bin;C:\Users\Ayodeji Fabusuyi\AppData\Roaming\local\bin;C:\Program Files\Java\jdk-9.0.1;C:\Users\Ayodeji Fabusuyi\Documents\Android\sdk;C:\Program Files\Java\jdk-9.0.1\bin;C:\Program Files\Microsoft VS Code\bin;C:\Users\Ayodeji Fabusuyi\AppData\Roaming\npm;C:\tools\dart-sdk\bin;C:\Users\Ayodeji Fabusuyi\AppData\Roaming\Pub\Cache\bin;C:\Users\Ayodeji Fabusuyi\go\bin;C:\Users\Ayodeji Fabusuyi\AppData\Local\Android\Sdk\platform-tools;C:\Users\Ayodeji Fabusuyi\AppData\Local\Microsoft\WindowsApps;C:\Program Files\Apache\Maven\bin;C:\Users\Ayodeji Fabusuyi\AppData\Local\Programs\Microsoft VS Code\bin;C:\Flutter\flutter\bin;;C:\Flutter\flutter\bin\mingit\cmd
USERNAME=Ayodeji Fabusuyi
OS=Windows_NT
PROCESSOR_IDENTIFIER=Intel64 Family 6 Model 142 Stepping 9, GenuineIntel



---------------  S Y S T E M  ---------------

OS: Windows 10.0 , 64 bit Build 17134 (10.0.17134.1)

CPU:total 4 (initial active 4) (2 cores per cpu, 2 threads per core) family 6 model 142 stepping 9, cmov, cx8, fxsr, mmx, sse, sse2, sse3, ssse3, sse4.1, sse4.2, popcnt, avx, avx2, aes, clmul, erms, 3dnowpref, lzcnt, ht, tsc, tscinvbit, bmi1, bmi2, adx

Memory: 4k page, physical 6161060k(552424k free), swap 7848612k(71144k free)

vm_info: OpenJDK 64-Bit Server VM (25.152-b02) for windows-amd64 JRE (1.8.0_152-release-1024-b02), built by "builder" with MS VC++ 10.0 (VS2010)

time: Mon Nov 05 15:36:16 2018
elapsed time: 0 seconds (0d 0h 0m 0s)

