#
# There is insufficient memory for the Java Runtime Environment to continue.
# Native memory allocation (malloc) failed to allocate 134592 bytes for Chunk::new
# Possible reasons:
#   The system is out of physical RAM or swap space
#   In 32 bit mode, the process size limit was hit
# Possible solutions:
#   Reduce memory load on the system
#   Increase physical memory or swap space
#   Check if swap backing store is full
#   Use 64 bit Java on a 64 bit OS
#   Decrease Java heap size (-Xmx/-Xms)
#   Decrease number of Java threads
#   Decrease Java thread stack sizes (-Xss)
#   Set larger code cache with -XX:ReservedCodeCacheSize=
# This output file may be truncated or incomplete.
#
#  Out of Memory Error (allocation.cpp:390), pid=8612, tid=0x00000000000041f8
#
# JRE version: OpenJDK Runtime Environment (8.0_152-b02) (build 1.8.0_152-release-1024-b02)
# Java VM: OpenJDK 64-Bit Server VM (25.152-b02 mixed mode windows-amd64 compressed oops)
# Failed to write core dump. Minidumps are not enabled by default on client versions of Windows
#

---------------  T H R E A D  ---------------

Current thread (0x00000000162b6800):  JavaThread "C2 CompilerThread1" daemon [_thread_in_native, id=16888, stack(0x0000000017a00000,0x0000000017b00000)]

Stack: [0x0000000017a00000,0x0000000017b00000]
[error occurred during error reporting (printing stack bounds), id 0xc0000005]

Native frames: (J=compiled Java code, j=interpreted, Vv=VM code, C=native code)


Current CompileTask:
C2:  18248 4394       4       java.lang.Class::getMethod0 (40 bytes)


---------------  P R O C E S S  ---------------

Java Threads: ( => current thread )
  0x00000000199b0000 JavaThread "Memory manager" [_thread_blocked, id=7452, stack(0x0000000020620000,0x0000000020720000)]
  0x00000000199b1000 JavaThread "build operations Thread 4" [_thread_blocked, id=9164, stack(0x0000000020120000,0x0000000020220000)]
  0x00000000199b6000 JavaThread "build operations Thread 3" [_thread_blocked, id=11808, stack(0x0000000020020000,0x0000000020120000)]
  0x00000000199b5800 JavaThread "build operations Thread 2" [_thread_blocked, id=11364, stack(0x000000001ff20000,0x0000000020020000)]
  0x00000000199b4800 JavaThread "build operations" [_thread_blocked, id=15900, stack(0x000000001fe20000,0x000000001ff20000)]
  0x00000000199b7000 JavaThread "Cache worker for Artifact transforms cache (C:\Users\Ayodeji Fabusuyi\.gradle\caches\transforms-1)" [_thread_blocked, id=8744, stack(0x000000001e820000,0x000000001e920000)]
  0x000000001b4eb800 JavaThread "Cache worker for file hash cache (C:\Users\Ayodeji Fabusuyi\Documents\Flutter\newapp\android\.gradle\4.1\fileHashes)" [_thread_blocked, id=14344, stack(0x000000001cf20000,0x000000001d020000)]
  0x0000000019894800 JavaThread "File lock request listener" [_thread_in_native, id=15188, stack(0x000000001bb20000,0x000000001bc20000)]
  0x00000000195c2800 JavaThread "Cache worker for file hash cache (C:\Users\Ayodeji Fabusuyi\.gradle\caches\4.1\fileHashes)" [_thread_blocked, id=9932, stack(0x000000001ba20000,0x000000001bb20000)]
  0x0000000019789800 JavaThread "Stdin handler" [_thread_blocked, id=13852, stack(0x000000001a950000,0x000000001aa50000)]
  0x0000000018c50000 JavaThread "Asynchronous log dispatcher for DefaultDaemonConnection: socket connection from /127.0.0.1:58222 to /127.0.0.1:58224" [_thread_blocked, id=11800, stack(0x000000001a850000,0x000000001a950000)]
  0x0000000018c65800 JavaThread "Daemon worker" [_thread_in_Java, id=11212, stack(0x000000001a750000,0x000000001a850000)]
  0x0000000018c65000 JavaThread "Cancel handler" [_thread_blocked, id=7092, stack(0x000000001a650000,0x000000001a750000)]
  0x0000000019068000 JavaThread "Handler for socket connection from /127.0.0.1:58222 to /127.0.0.1:58224" [_thread_in_native, id=11208, stack(0x000000001a350000,0x000000001a450000)]
  0x0000000018fea000 JavaThread "Daemon" [_thread_blocked, id=11036, stack(0x000000001a250000,0x000000001a350000)]
  0x0000000018c2f800 JavaThread "Daemon periodic checks" [_thread_blocked, id=2856, stack(0x000000001a150000,0x000000001a250000)]
  0x0000000018c2f000 JavaThread "Incoming local TCP Connector on port 58222" [_thread_in_native, id=10548, stack(0x0000000019f10000,0x000000001a010000)]
  0x0000000017c30800 JavaThread "Service Thread" daemon [_thread_blocked, id=13432, stack(0x0000000018000000,0x0000000018100000)]
  0x00000000162bd800 JavaThread "C1 CompilerThread2" daemon [_thread_blocked, id=8596, stack(0x0000000017b00000,0x0000000017c00000)]
=>0x00000000162b6800 JavaThread "C2 CompilerThread1" daemon [_thread_in_native, id=16888, stack(0x0000000017a00000,0x0000000017b00000)]
  0x00000000162b2000 JavaThread "C2 CompilerThread0" daemon [_thread_in_native, id=11372, stack(0x0000000017900000,0x0000000017a00000)]
  0x00000000162b0000 JavaThread "Attach Listener" daemon [_thread_blocked, id=15512, stack(0x0000000017800000,0x0000000017900000)]
  0x00000000162af000 JavaThread "Signal Dispatcher" daemon [_thread_blocked, id=7196, stack(0x0000000017700000,0x0000000017800000)]
  0x000000000293d800 JavaThread "Finalizer" daemon [_thread_blocked, id=6820, stack(0x0000000017510000,0x0000000017610000)]
  0x0000000002934000 JavaThread "Reference Handler" daemon [_thread_blocked, id=2404, stack(0x0000000017410000,0x0000000017510000)]
  0x0000000002843800 JavaThread "main" [_thread_blocked, id=11896, stack(0x0000000002730000,0x0000000002830000)]

Other Threads:
  0x0000000016276800 VMThread [stack: 0x0000000017310000,0x0000000017410000] [id=5512]
  0x0000000017c35000 WatcherThread [stack: 0x0000000018100000,0x0000000018200000] [id=12060]

VM state:not at safepoint (normal execution)

VM Mutex/Monitor currently owned by a thread: None

Heap:
 PSYoungGen      total 106496K, used 96086K [0x00000000e0000000, 0x00000000e7580000, 0x0000000100000000)
  eden space 98816K, 89% used [0x00000000e0000000,0x00000000e565a190,0x00000000e6080000)
  from space 7680K, 99% used [0x00000000e6e00000,0x00000000e757b760,0x00000000e7580000)
  to   space 10752K, 0% used [0x00000000e6080000,0x00000000e6080000,0x00000000e6b00000)
 ParOldGen       total 74240K, used 17293K [0x00000000a0000000, 0x00000000a4880000, 0x00000000e0000000)
  object space 74240K, 23% used [0x00000000a0000000,0x00000000a10e3548,0x00000000a4880000)
 Metaspace       used 41898K, capacity 42998K, committed 43224K, reserved 1087488K
  class space    used 5745K, capacity 6109K, committed 6144K, reserved 1048576K

Card table byte_map: [0x0000000011d00000,0x0000000012010000] byte_map_base: 0x0000000011800000

Marking Bits: (ParMarkBitMap*) 0x0000000068ef4970
 Begin Bits: [0x0000000012610000, 0x0000000013e10000)
 End Bits:   [0x0000000013e10000, 0x0000000015610000)

Polling page: 0x0000000000900000

CodeCache: size=245760Kb used=14707Kb max_used=14707Kb free=231052Kb
 bounds [0x0000000002940000, 0x00000000037b0000, 0x0000000011940000]
 total_blobs=4785 nmethods=4066 adapters=632
 compilation: enabled

Compilation events (10 events):
Event: 18.226 Thread 0x00000000162bd800 4401       3       java.lang.System$2::getConstantPool (5 bytes)
Event: 18.226 Thread 0x00000000162bd800 nmethod 4401 0x0000000003789f90 code [0x000000000378a100, 0x000000000378a308]
Event: 18.226 Thread 0x00000000162bd800 4402       3       sun.misc.ProxyGenerator::access$1700 (7 bytes)
Event: 18.226 Thread 0x00000000162bd800 nmethod 4402 0x0000000003789bd0 code [0x0000000003789d40, 0x0000000003789ea8]
Event: 18.226 Thread 0x00000000162bd800 4403       3       sun.misc.ProxyGenerator::codeClassForName (41 bytes)
Event: 18.228 Thread 0x00000000162bd800 nmethod 4403 0x00000000037a3f50 code [0x00000000037a42a0, 0x00000000037a5998]
Event: 18.238 Thread 0x00000000162bd800 4405       3       sun.misc.ProxyGenerator$ProxyMethod::<init> (64 bytes)
Event: 18.239 Thread 0x00000000162bd800 nmethod 4405 0x00000000037a6b10 code [0x00000000037a6ce0, 0x00000000037a7588]
Event: 18.239 Thread 0x00000000162bd800 4406       3       sun.reflect.annotation.AnnotationParser::toArray (18 bytes)
Event: 18.239 Thread 0x00000000162bd800 nmethod 4406 0x00000000037a79d0 code [0x00000000037a7b60, 0x00000000037a7f18]

GC Heap History (10 events):
Event: 8.960 GC heap before
{Heap before GC invocations=8 (full 1):
 PSYoungGen      total 57856K, used 49152K [0x00000000e0000000, 0x00000000e4200000, 0x0000000100000000)
  eden space 49152K, 100% used [0x00000000e0000000,0x00000000e3000000,0x00000000e3000000)
  from space 8704K, 0% used [0x00000000e3980000,0x00000000e3980000,0x00000000e4200000)
  to   space 9216K, 0% used [0x00000000e3000000,0x00000000e3000000,0x00000000e3900000)
 ParOldGen       total 48128K, used 8478K [0x00000000a0000000, 0x00000000a2f00000, 0x00000000e0000000)
  object space 48128K, 17% used [0x00000000a0000000,0x00000000a08479c8,0x00000000a2f00000)
 Metaspace       used 25659K, capacity 25986K, committed 26240K, reserved 1071104K
  class space    used 3465K, capacity 3607K, committed 3712K, reserved 1048576K
Event: 8.971 GC heap after
Heap after GC invocations=8 (full 1):
 PSYoungGen      total 58368K, used 5744K [0x00000000e0000000, 0x00000000e5d80000, 0x0000000100000000)
  eden space 49152K, 0% used [0x00000000e0000000,0x00000000e0000000,0x00000000e3000000)
  from space 9216K, 62% used [0x00000000e3000000,0x00000000e359c3f8,0x00000000e3900000)
  to   space 9216K, 0% used [0x00000000e5480000,0x00000000e5480000,0x00000000e5d80000)
 ParOldGen       total 48128K, used 8478K [0x00000000a0000000, 0x00000000a2f00000, 0x00000000e0000000)
  object space 48128K, 17% used [0x00000000a0000000,0x00000000a08479c8,0x00000000a2f00000)
 Metaspace       used 25659K, capacity 25986K, committed 26240K, reserved 1071104K
  class space    used 3465K, capacity 3607K, committed 3712K, reserved 1048576K
}
Event: 10.376 GC heap before
{Heap before GC invocations=9 (full 1):
 PSYoungGen      total 58368K, used 54896K [0x00000000e0000000, 0x00000000e5d80000, 0x0000000100000000)
  eden space 49152K, 100% used [0x00000000e0000000,0x00000000e3000000,0x00000000e3000000)
  from space 9216K, 62% used [0x00000000e3000000,0x00000000e359c3f8,0x00000000e3900000)
  to   space 9216K, 0% used [0x00000000e5480000,0x00000000e5480000,0x00000000e5d80000)
 ParOldGen       total 48128K, used 8478K [0x00000000a0000000, 0x00000000a2f00000, 0x00000000e0000000)
  object space 48128K, 17% used [0x00000000a0000000,0x00000000a08479c8,0x00000000a2f00000)
 Metaspace       used 28335K, capacity 28654K, committed 28928K, reserved 1075200K
  class space    used 3917K, capacity 4026K, committed 4096K, reserved 1048576K
Event: 10.391 GC heap after
Heap after GC invocations=9 (full 1):
 PSYoungGen      total 85504K, used 6581K [0x00000000e0000000, 0x00000000e5d00000, 0x0000000100000000)
  eden space 76800K, 0% used [0x00000000e0000000,0x00000000e0000000,0x00000000e4b00000)
  from space 8704K, 75% used [0x00000000e5480000,0x00000000e5aed510,0x00000000e5d00000)
  to   space 9216K, 0% used [0x00000000e4b00000,0x00000000e4b00000,0x00000000e5400000)
 ParOldGen       total 48128K, used 8486K [0x00000000a0000000, 0x00000000a2f00000, 0x00000000e0000000)
  object space 48128K, 17% used [0x00000000a0000000,0x00000000a08499c8,0x00000000a2f00000)
 Metaspace       used 28335K, capacity 28654K, committed 28928K, reserved 1075200K
  class space    used 3917K, capacity 4026K, committed 4096K, reserved 1048576K
}
Event: 12.058 GC heap before
{Heap before GC invocations=10 (full 1):
 PSYoungGen      total 85504K, used 60849K [0x00000000e0000000, 0x00000000e5d00000, 0x0000000100000000)
  eden space 76800K, 70% used [0x00000000e0000000,0x00000000e34ff088,0x00000000e4b00000)
  from space 8704K, 75% used [0x00000000e5480000,0x00000000e5aed510,0x00000000e5d00000)
  to   space 9216K, 0% used [0x00000000e4b00000,0x00000000e4b00000,0x00000000e5400000)
 ParOldGen       total 48128K, used 8486K [0x00000000a0000000, 0x00000000a2f00000, 0x00000000e0000000)
  object space 48128K, 17% used [0x00000000a0000000,0x00000000a08499c8,0x00000000a2f00000)
 Metaspace       used 34784K, capacity 35364K, committed 35416K, reserved 1079296K
  class space    used 4739K, capacity 4951K, committed 4992K, reserved 1048576K
Event: 12.072 GC heap after
Heap after GC invocations=10 (full 1):
 PSYoungGen      total 86016K, used 9195K [0x00000000e0000000, 0x00000000e7880000, 0x0000000100000000)
  eden space 76800K, 0% used [0x00000000e0000000,0x00000000e0000000,0x00000000e4b00000)
  from space 9216K, 99% used [0x00000000e4b00000,0x00000000e53fac58,0x00000000e5400000)
  to   space 10752K, 0% used [0x00000000e6e00000,0x00000000e6e00000,0x00000000e7880000)
 ParOldGen       total 48128K, used 10075K [0x00000000a0000000, 0x00000000a2f00000, 0x00000000e0000000)
  object space 48128K, 20% used [0x00000000a0000000,0x00000000a09d6fc8,0x00000000a2f00000)
 Metaspace       used 34784K, capacity 35364K, committed 35416K, reserved 1079296K
  class space    used 4739K, capacity 4951K, committed 4992K, reserved 1048576K
}
Event: 12.072 GC heap before
{Heap before GC invocations=11 (full 2):
 PSYoungGen      total 86016K, used 9195K [0x00000000e0000000, 0x00000000e7880000, 0x0000000100000000)
  eden space 76800K, 0% used [0x00000000e0000000,0x00000000e0000000,0x00000000e4b00000)
  from space 9216K, 99% used [0x00000000e4b00000,0x00000000e53fac58,0x00000000e5400000)
  to   space 10752K, 0% used [0x00000000e6e00000,0x00000000e6e00000,0x00000000e7880000)
 ParOldGen       total 48128K, used 10075K [0x00000000a0000000, 0x00000000a2f00000, 0x00000000e0000000)
  object space 48128K, 20% used [0x00000000a0000000,0x00000000a09d6fc8,0x00000000a2f00000)
 Metaspace       used 34784K, capacity 35364K, committed 35416K, reserved 1079296K
  class space    used 4739K, capacity 4951K, committed 4992K, reserved 1048576K
Event: 12.143 GC heap after
Heap after GC invocations=11 (full 2):
 PSYoungGen      total 86016K, used 0K [0x00000000e0000000, 0x00000000e7880000, 0x0000000100000000)
  eden space 76800K, 0% used [0x00000000e0000000,0x00000000e0000000,0x00000000e4b00000)
  from space 9216K, 0% used [0x00000000e4b00000,0x00000000e4b00000,0x00000000e5400000)
  to   space 10752K, 0% used [0x00000000e6e00000,0x00000000e6e00000,0x00000000e7880000)
 ParOldGen       total 74240K, used 17285K [0x00000000a0000000, 0x00000000a4880000, 0x00000000e0000000)
  object space 74240K, 23% used [0x00000000a0000000,0x00000000a10e1548,0x00000000a4880000)
 Metaspace       used 34784K, capacity 35364K, committed 35416K, reserved 1079296K
  class space    used 4739K, capacity 4951K, committed 4992K, reserved 1048576K
}
Event: 13.816 GC heap before
{Heap before GC invocations=12 (full 2):
 PSYoungGen      total 86016K, used 76800K [0x00000000e0000000, 0x00000000e7880000, 0x0000000100000000)
  eden space 76800K, 100% used [0x00000000e0000000,0x00000000e4b00000,0x00000000e4b00000)
  from space 9216K, 0% used [0x00000000e4b00000,0x00000000e4b00000,0x00000000e5400000)
  to   space 10752K, 0% used [0x00000000e6e00000,0x00000000e6e00000,0x00000000e7880000)
 ParOldGen       total 74240K, used 17285K [0x00000000a0000000, 0x00000000a4880000, 0x00000000e0000000)
  object space 74240K, 23% used [0x00000000a0000000,0x00000000a10e1548,0x00000000a4880000)
 Metaspace       used 38662K, capacity 39270K, committed 39512K, reserved 1083392K
  class space    used 5194K, capacity 5428K, committed 5504K, reserved 1048576K
Event: 13.832 GC heap after
Heap after GC invocations=12 (full 2):
 PSYoungGen      total 106496K, used 7661K [0x00000000e0000000, 0x00000000e7580000, 0x0000000100000000)
  eden space 98816K, 0% used [0x00000000e0000000,0x00000000e0000000,0x00000000e6080000)
  from space 7680K, 99% used [0x00000000e6e00000,0x00000000e757b760,0x00000000e7580000)
  to   space 10752K, 0% used [0x00000000e6080000,0x00000000e6080000,0x00000000e6b00000)
 ParOldGen       total 74240K, used 17293K [0x00000000a0000000, 0x00000000a4880000, 0x00000000e0000000)
  object space 74240K, 23% used [0x00000000a0000000,0x00000000a10e3548,0x00000000a4880000)
 Metaspace       used 38662K, capacity 39270K, committed 39512K, reserved 1083392K
  class space    used 5194K, capacity 5428K, committed 5504K, reserved 1048576K
}

Deoptimization events (10 events):
Event: 12.810 Thread 0x0000000018c65800 Uncommon trap: reason=bimorphic action=maybe_recompile pc=0x00000000032b85f8 method=java.util.Hashtable.get(Ljava/lang/Object;)Ljava/lang/Object; @ 6
Event: 12.813 Thread 0x0000000018c65800 Uncommon trap: reason=unstable_if action=reinterpret pc=0x0000000002dcd33c method=java.lang.CharacterDataLatin1.isWhitespace(I)Z @ 14
Event: 12.836 Thread 0x0000000018c65800 Uncommon trap: reason=bimorphic action=maybe_recompile pc=0x00000000032b85f8 method=java.util.Hashtable.get(Ljava/lang/Object;)Ljava/lang/Object; @ 6
Event: 12.839 Thread 0x0000000018c65800 Uncommon trap: reason=bimorphic action=maybe_recompile pc=0x00000000032b85f8 method=java.util.Hashtable.get(Ljava/lang/Object;)Ljava/lang/Object; @ 6
Event: 12.839 Thread 0x0000000018c65800 Uncommon trap: reason=bimorphic action=maybe_recompile pc=0x00000000032b85f8 method=java.util.Hashtable.get(Ljava/lang/Object;)Ljava/lang/Object; @ 6
Event: 12.847 Thread 0x0000000018c65800 Uncommon trap: reason=unstable_if action=reinterpret pc=0x0000000002a4066c method=java.security.CodeSource.getCertificates()[Ljava/security/cert/Certificate; @ 22
Event: 12.848 Thread 0x0000000018c65800 Uncommon trap: reason=unstable_if action=reinterpret pc=0x0000000002f2c8c4 method=java.util.jar.JarFile.maybeInstantiateVerifier()V @ 75
Event: 12.851 Thread 0x0000000018c65800 Uncommon trap: reason=unstable_if action=reinterpret pc=0x000000000338f978 method=java.util.LinkedHashMap.get(Ljava/lang/Object;)Ljava/lang/Object; @ 20
Event: 12.975 Thread 0x0000000018c65800 Uncommon trap: reason=range_check action=make_not_entrant pc=0x00000000034096dc method=java.lang.String.charAt(I)C @ 27
Event: 13.940 Thread 0x0000000018c65800 Uncommon trap: reason=unstable_if action=reinterpret pc=0x000000000359a6d8 method=org.gradle.internal.reflect.PropertyAccessorType.of(Ljava/lang/reflect/Method;)Lorg/gradle/internal/reflect/PropertyAccessorType; @ 4

Classes redefined (0 events):
No events

Internal exceptions (10 events):
Event: 18.078 Thread 0x0000000018c65800 Exception <a 'sun/nio/fs/WindowsException'> (0x00000000e5388300) thrown at [D:\src\AOSP-openjdk-cygwin\jdk8u\hotspot\src\share\vm\prims\jni.cpp, line 709]
Event: 18.078 Thread 0x0000000018c65800 Exception <a 'sun/nio/fs/WindowsException'> (0x00000000e5389580) thrown at [D:\src\AOSP-openjdk-cygwin\jdk8u\hotspot\src\share\vm\prims\jni.cpp, line 709]
Event: 18.078 Thread 0x0000000018c65800 Exception <a 'sun/nio/fs/WindowsException'> (0x00000000e538c3b0) thrown at [D:\src\AOSP-openjdk-cygwin\jdk8u\hotspot\src\share\vm\prims\jni.cpp, line 709]
Event: 18.079 Thread 0x0000000018c65800 Exception <a 'sun/nio/fs/WindowsException'> (0x00000000e538d668) thrown at [D:\src\AOSP-openjdk-cygwin\jdk8u\hotspot\src\share\vm\prims\jni.cpp, line 709]
Event: 18.082 Thread 0x0000000018c65800 Exception <a 'sun/nio/fs/WindowsException'> (0x00000000e5391d98) thrown at [D:\src\AOSP-openjdk-cygwin\jdk8u\hotspot\src\share\vm\prims\jni.cpp, line 709]
Event: 18.083 Thread 0x0000000018c65800 Exception <a 'sun/nio/fs/WindowsException'> (0x00000000e5392ed8) thrown at [D:\src\AOSP-openjdk-cygwin\jdk8u\hotspot\src\share\vm\prims\jni.cpp, line 709]
Event: 18.083 Thread 0x0000000018c65800 Exception <a 'sun/nio/fs/WindowsException'> (0x00000000e5395bc8) thrown at [D:\src\AOSP-openjdk-cygwin\jdk8u\hotspot\src\share\vm\prims\jni.cpp, line 709]
Event: 18.083 Thread 0x0000000018c65800 Exception <a 'sun/nio/fs/WindowsException'> (0x00000000e5396d40) thrown at [D:\src\AOSP-openjdk-cygwin\jdk8u\hotspot\src\share\vm\prims\jni.cpp, line 709]
Event: 18.102 Thread 0x0000000018c65800 Exception <a 'java/lang/ClassNotFoundException': com/sun/org/glassfish/hk2/osgiresourcelocator/ServiceLoader> (0x00000000e53f37a0) thrown at [D:\src\AOSP-openjdk-cygwin\jdk8u\hotspot\src\share\vm\classfile\systemDictionary.cpp, line 210]
Event: 18.122 Thread 0x0000000018c65800 Exception <a 'java/lang/NullPointerException'> (0x00000000e54329d8) thrown at [D:\src\AOSP-openjdk-cygwin\jdk8u\hotspot\src\share\vm\interpreter\linkResolver.cpp, line 1301]

Events (10 events):
Event: 18.236 loading class javax/xml/bind/annotation/adapters/CollapsedStringAdapter
Event: 18.237 loading class javax/xml/bind/annotation/adapters/CollapsedStringAdapter done
Event: 18.238 loading class javax/xml/bind/annotation/XmlSchemaType$DEFAULT
Event: 18.238 loading class javax/xml/bind/annotation/XmlSchemaType$DEFAULT done
Event: 18.239 loading class com/sun/xml/internal/bind/v2/model/impl/RuntimeAttributePropertyInfoImpl
Event: 18.239 loading class com/sun/xml/internal/bind/v2/model/runtime/RuntimeAttributePropertyInfo
Event: 18.240 loading class com/sun/xml/internal/bind/v2/model/core/AttributePropertyInfo
Event: 18.240 loading class com/sun/xml/internal/bind/v2/model/core/AttributePropertyInfo done
Event: 18.240 loading class com/sun/xml/internal/bind/v2/model/runtime/RuntimeAttributePropertyInfo done
Event: 18.240 loading class com/sun/xml/internal/bind/v2/model/impl/AttributePropertyInfoImpl


Dynamic libraries:
0x00007ff7c9670000 - 0x00007ff7c96a1000 	C:\Program Files\Android\Android Studio1\jre\bin\java.exe
0x00007ffc23480000 - 0x00007ffc23661000 	C:\WINDOWS\SYSTEM32\ntdll.dll
0x00007ffc228d0000 - 0x00007ffc22982000 	C:\WINDOWS\System32\KERNEL32.DLL
0x00007ffc1fe80000 - 0x00007ffc200f3000 	C:\WINDOWS\System32\KERNELBASE.dll
0x00007ffc22820000 - 0x00007ffc228c1000 	C:\WINDOWS\System32\ADVAPI32.dll
0x00007ffc22300000 - 0x00007ffc2239e000 	C:\WINDOWS\System32\msvcrt.dll
0x00007ffc22fa0000 - 0x00007ffc22ffb000 	C:\WINDOWS\System32\sechost.dll
0x00007ffc21fc0000 - 0x00007ffc220e4000 	C:\WINDOWS\System32\RPCRT4.dll
0x00007ffc225c0000 - 0x00007ffc22750000 	C:\WINDOWS\System32\USER32.dll
0x00007ffc1f9f0000 - 0x00007ffc1fa10000 	C:\WINDOWS\System32\win32u.dll
0x00007ffc220f0000 - 0x00007ffc22118000 	C:\WINDOWS\System32\GDI32.dll
0x00007ffc1f850000 - 0x00007ffc1f9e2000 	C:\WINDOWS\System32\gdi32full.dll
0x00007ffc1fc00000 - 0x00007ffc1fc9f000 	C:\WINDOWS\System32\msvcp_win.dll
0x00007ffc20810000 - 0x00007ffc2090a000 	C:\WINDOWS\System32\ucrtbase.dll
0x00007ffc0e940000 - 0x00007ffc0eba9000 	C:\WINDOWS\WinSxS\amd64_microsoft.windows.common-controls_6595b64144ccf1df_6.0.17134.228_none_fb4599993062b194\COMCTL32.dll
0x00007ffc22a70000 - 0x00007ffc22d93000 	C:\WINDOWS\System32\combase.dll
0x00007ffc1fd00000 - 0x00007ffc1fd7a000 	C:\WINDOWS\System32\bcryptPrimitives.dll
0x00007ffc21ef0000 - 0x00007ffc21f1d000 	C:\WINDOWS\System32\IMM32.DLL
0x0000000068f70000 - 0x0000000069042000 	C:\Program Files\Android\Android Studio1\jre\jre\bin\msvcr100.dll
0x0000000068730000 - 0x0000000068f6f000 	C:\Program Files\Android\Android Studio1\jre\jre\bin\server\jvm.dll
0x00007ffc223a0000 - 0x00007ffc223a8000 	C:\WINDOWS\System32\PSAPI.DLL
0x00007ffc1d390000 - 0x00007ffc1d3b3000 	C:\WINDOWS\SYSTEM32\WINMM.dll
0x00007ffc1d6f0000 - 0x00007ffc1d6fa000 	C:\WINDOWS\SYSTEM32\VERSION.dll
0x00007ffc101b0000 - 0x00007ffc101b9000 	C:\WINDOWS\SYSTEM32\WSOCK32.dll
0x00007ffc229a0000 - 0x00007ffc22a0c000 	C:\WINDOWS\System32\WS2_32.dll
0x00007ffc1d360000 - 0x00007ffc1d38a000 	C:\WINDOWS\SYSTEM32\winmmbase.dll
0x00007ffc1fe30000 - 0x00007ffc1fe79000 	C:\WINDOWS\System32\cfgmgr32.dll
0x00007ffc18410000 - 0x00007ffc1841f000 	C:\Program Files\Android\Android Studio1\jre\jre\bin\verify.dll
0x00007ffc071e0000 - 0x00007ffc07209000 	C:\Program Files\Android\Android Studio1\jre\jre\bin\java.dll
0x00007ffc10f80000 - 0x00007ffc10f96000 	C:\Program Files\Android\Android Studio1\jre\jre\bin\zip.dll
0x00007ffc20ab0000 - 0x00007ffc21ef0000 	C:\WINDOWS\System32\SHELL32.dll
0x00007ffc20910000 - 0x00007ffc209b9000 	C:\WINDOWS\System32\shcore.dll
0x00007ffc20100000 - 0x00007ffc2080d000 	C:\WINDOWS\System32\windows.storage.dll
0x00007ffc22a10000 - 0x00007ffc22a61000 	C:\WINDOWS\System32\shlwapi.dll
0x00007ffc1f800000 - 0x00007ffc1f811000 	C:\WINDOWS\System32\kernel.appcore.dll
0x00007ffc1f830000 - 0x00007ffc1f84f000 	C:\WINDOWS\System32\profapi.dll
0x00007ffc1f7b0000 - 0x00007ffc1f7fc000 	C:\WINDOWS\System32\powrprof.dll
0x00007ffc1f820000 - 0x00007ffc1f82a000 	C:\WINDOWS\System32\FLTLIB.DLL
0x00007ffc0e010000 - 0x00007ffc0e02a000 	C:\Program Files\Android\Android Studio1\jre\jre\bin\net.dll
0x00007ffc1f010000 - 0x00007ffc1f076000 	C:\WINDOWS\system32\mswsock.dll
0x00007ffc0b320000 - 0x00007ffc0b331000 	C:\Program Files\Android\Android Studio1\jre\jre\bin\nio.dll
0x00007ffc075a0000 - 0x00007ffc075be000 	C:\Users\Ayodeji Fabusuyi\.gradle\native\25\windows-amd64\native-platform.dll
0x00007ffc13750000 - 0x00007ffc1375d000 	C:\Program Files\Android\Android Studio1\jre\jre\bin\management.dll
0x00007ffc1f1c0000 - 0x00007ffc1f1d7000 	C:\WINDOWS\SYSTEM32\CRYPTSP.dll
0x00007ffc1ebf0000 - 0x00007ffc1ec23000 	C:\WINDOWS\system32\rsaenh.dll
0x00007ffc1f2f0000 - 0x00007ffc1f315000 	C:\WINDOWS\SYSTEM32\bcrypt.dll
0x00007ffc1f690000 - 0x00007ffc1f6b8000 	C:\WINDOWS\SYSTEM32\USERENV.dll
0x00007ffc1f1e0000 - 0x00007ffc1f1eb000 	C:\WINDOWS\SYSTEM32\CRYPTBASE.dll
0x00007ffc1ed90000 - 0x00007ffc1edc8000 	C:\WINDOWS\SYSTEM32\IPHLPAPI.DLL
0x00007ffc22990000 - 0x00007ffc22998000 	C:\WINDOWS\System32\NSI.dll
0x00007ffc16860000 - 0x00007ffc16876000 	C:\WINDOWS\SYSTEM32\dhcpcsvc6.DLL
0x00007ffc16840000 - 0x00007ffc1685a000 	C:\WINDOWS\SYSTEM32\dhcpcsvc.DLL

VM Arguments:
jvm_args: -Xmx1536M -Dfile.encoding=windows-1252 -Duser.country=GB -Duser.language=en -Duser.variant 
java_command: org.gradle.launcher.daemon.bootstrap.GradleDaemon 4.1
java_class_path (initial): C:\Users\Ayodeji Fabusuyi\.gradle\wrapper\dists\gradle-4.1-all\bzyivzo6n839fup2jbap0tjew\gradle-4.1\lib\gradle-launcher-4.1.jar
Launcher Type: SUN_STANDARD

Environment Variables:
JAVA_HOME=C:\Program Files\Android\Android Studio1\jre
CLASSPATH=C:\Users\Ayodeji Fabusuyi\Documents\Flutter\newapp\android\\gradle\wrapper\gradle-wrapper.jar
PATH=C:\Program Files\Haskell\bin;C:\Program Files\Haskell Platform\8.4.3\lib\extralibs\bin;C:\Program Files\Haskell Platform\8.4.3\bin;C:\ProgramData\Oracle\Java\javapath;C:\Program Files\Java\jdk-9.0.1;C:\Program Files (x86)\Intel\iCLS Client\;C:\Program Files\Intel\iCLS Client\;C:\WINDOWS\system32;C:\WINDOWS;C:\WINDOWS\System32\Wbem;C:\WINDOWS\System32\WindowsPowerShell\v1.0\;C:\Program Files (x86)\Intel\Intel(R) Management Engine Components\DAL;C:\Program Files\Intel\Intel(R) Management Engine Components\DAL;C:\Program Files (x86)\Intel\Intel(R) Management Engine Components\IPT;C:\Program Files\Intel\Intel(R) Management Engine Components\IPT;C:\Program Files\Git\cmd;C:\Program Files\Java\jdk-9.0.1\bin;C:\Program Files\Intel\WiFi\bin\;C:\Program Files\Common Files\Intel\WirelessCommon\;C:\Program Files\nodejs\;C:\Strawberry\c\bin;C:\Strawberry\perl\site\bin;C:\Strawberry\perl\bin;C:\Dwimperl\perl\bin;C:\Dwimperl\perl\site\bin;C:\Dwimperl\c\bin;C:\ProgramData\chocolatey\bin;C:\Flutter\flutter\bin;C:\Go\bin;C:\Users\Ayodeji Fabusuyi\AppData\Local\atom\bin;C:\Users\Ayodeji Fabusuyi\AppData\Local\Android\Sdk\platform-tools;C:\Program Files\Haskell Platform\8.4.3\mingw\bin;C:\Program Files\PuTTY\;C:\WINDOWS\System32\OpenSSH\;C:\Program Files\Apache\Maven\bin;C:\Users\Ayodeji Fabusuyi\AppData\Roaming\cabal\bin;C:\Users\Ayodeji Fabusuyi\AppData\Roaming\local\bin;C:\Program Files\Java\jdk-9.0.1;C:\Users\Ayodeji Fabusuyi\Documents\Android\sdk;C:\Program Files\Java\jdk-9.0.1\bin;C:\Program Files\Microsoft VS Code\bin;C:\Users\Ayodeji Fabusuyi\AppData\Roaming\npm;C:\tools\dart-sdk\bin;C:\Users\Ayodeji Fabusuyi\AppData\Roaming\Pub\Cache\bin;C:\Users\Ayodeji Fabusuyi\go\bin;C:\Users\Ayodeji Fabusuyi\AppData\Local\Android\Sdk\platform-tools;C:\Users\Ayodeji Fabusuyi\AppData\Local\Microsoft\WindowsApps;C:\Program Files\Apache\Maven\bin;C:\Users\Ayodeji Fabusuyi\AppData\Local\Programs\Microsoft VS Code\bin;C:\Flutter\flutter\bin;;C:\Flutter\flutter\bin\mingit\cmd
USERNAME=Ayodeji Fabusuyi
OS=Windows_NT
PROCESSOR_IDENTIFIER=Intel64 Family 6 Model 142 Stepping 9, GenuineIntel



---------------  S Y S T E M  ---------------

OS: Windows 10.0 , 64 bit Build 17134 (10.0.17134.1)

CPU:total 4 (initial active 4) (2 cores per cpu, 2 threads per core) family 6 model 142 stepping 9, cmov, cx8, fxsr, mmx, sse, sse2, sse3, ssse3, sse4.1, sse4.2, popcnt, avx, avx2, aes, clmul, erms, 3dnowpref, lzcnt, ht, tsc, tscinvbit, bmi1, bmi2, adx

Memory: 4k page, physical 6161060k(1250052k free), swap 7848612k(5216k free)

vm_info: OpenJDK 64-Bit Server VM (25.152-b02) for windows-amd64 JRE (1.8.0_152-release-1024-b02), built by "builder" with MS VC++ 10.0 (VS2010)

time: Mon Oct 29 08:25:15 2018
elapsed time: 18 seconds (0d 0h 0m 18s)

