#
# There is insufficient memory for the Java Runtime Environment to continue.
# Native memory allocation (malloc) failed to allocate 1368656 bytes for Chunk::new
# Possible reasons:
#   The system is out of physical RAM or swap space
#   In 32 bit mode, the process size limit was hit
# Possible solutions:
#   Reduce memory load on the system
#   Increase physical memory or swap space
#   Check if swap backing store is full
#   Use 64 bit Java on a 64 bit OS
#   Decrease Java heap size (-Xmx/-Xms)
#   Decrease number of Java threads
#   Decrease Java thread stack sizes (-Xss)
#   Set larger code cache with -XX:ReservedCodeCacheSize=
# This output file may be truncated or incomplete.
#
#  Out of Memory Error (allocation.cpp:390), pid=3716, tid=0x0000000000003094
#
# JRE version: OpenJDK Runtime Environment (8.0_152-b02) (build 1.8.0_152-release-1024-b02)
# Java VM: OpenJDK 64-Bit Server VM (25.152-b02 mixed mode windows-amd64 compressed oops)
# Failed to write core dump. Minidumps are not enabled by default on client versions of Windows
#

---------------  T H R E A D  ---------------

Current thread (0x0000000016505800):  JavaThread "C2 CompilerThread1" daemon [_thread_in_native, id=12436, stack(0x0000000017c80000,0x0000000017d80000)]

Stack: [0x0000000017c80000,0x0000000017d80000]
[error occurred during error reporting (printing stack bounds), id 0xc0000005]

Native frames: (J=compiled Java code, j=interpreted, Vv=VM code, C=native code)


Current CompileTask:
C2:  14537 1318       4       java.net.URLClassLoader$1::run (5 bytes)


---------------  P R O C E S S  ---------------

Java Threads: ( => current thread )
  0x0000000018938000 JavaThread "Cache worker for file hash cache (C:\Users\Ayodeji Fabusuyi\Documents\Flutter\newapp\android\.gradle\4.1\fileHashes)" [_thread_blocked, id=15024, stack(0x000000001c1f0000,0x000000001c2f0000)]
  0x0000000018065000 JavaThread "File lock request listener" [_thread_in_native, id=12344, stack(0x000000001add0000,0x000000001aed0000)]
  0x000000001948e800 JavaThread "Cache worker for file hash cache (C:\Users\Ayodeji Fabusuyi\.gradle\caches\4.1\fileHashes)" [_thread_blocked, id=1208, stack(0x000000001acd0000,0x000000001add0000)]
  0x00000000185dd800 JavaThread "Stdin handler" [_thread_blocked, id=14504, stack(0x000000001abd0000,0x000000001acd0000)]
  0x000000001808f800 JavaThread "Asynchronous log dispatcher for DefaultDaemonConnection: socket connection from /127.0.0.1:51443 to /127.0.0.1:51444" [_thread_blocked, id=3800, stack(0x000000001aad0000,0x000000001abd0000)]
  0x0000000018760000 JavaThread "Daemon worker" [_thread_blocked, id=12448, stack(0x000000001a9d0000,0x000000001aad0000)]
  0x000000001869d800 JavaThread "Cancel handler" [_thread_blocked, id=3104, stack(0x000000001a8d0000,0x000000001a9d0000)]
  0x0000000016521000 JavaThread "Handler for socket connection from /127.0.0.1:51443 to /127.0.0.1:51444" [_thread_in_native, id=12828, stack(0x000000001a5d0000,0x000000001a6d0000)]
  0x0000000016520000 JavaThread "Daemon" [_thread_blocked, id=11980, stack(0x000000001a4d0000,0x000000001a5d0000)]
  0x0000000017f52000 JavaThread "Daemon periodic checks" [_thread_blocked, id=8844, stack(0x000000001a3d0000,0x000000001a4d0000)]
  0x0000000018feb000 JavaThread "Incoming local TCP Connector on port 51443" [_thread_in_native, id=10612, stack(0x000000001a190000,0x000000001a290000)]
  0x0000000017eb8800 JavaThread "Service Thread" daemon [_thread_blocked, id=14820, stack(0x0000000018280000,0x0000000018380000)]
  0x0000000016510000 JavaThread "C1 CompilerThread2" daemon [_thread_blocked, id=8772, stack(0x0000000017d80000,0x0000000017e80000)]
=>0x0000000016505800 JavaThread "C2 CompilerThread1" daemon [_thread_in_native, id=12436, stack(0x0000000017c80000,0x0000000017d80000)]
  0x0000000016501800 JavaThread "C2 CompilerThread0" daemon [_thread_blocked, id=1808, stack(0x0000000017b80000,0x0000000017c80000)]
  0x00000000164ff000 JavaThread "Attach Listener" daemon [_thread_blocked, id=14272, stack(0x0000000017a80000,0x0000000017b80000)]
  0x00000000164fe000 JavaThread "Signal Dispatcher" daemon [_thread_blocked, id=13692, stack(0x0000000017980000,0x0000000017a80000)]
  0x00000000164e8800 JavaThread "Finalizer" daemon [_thread_blocked, id=6532, stack(0x0000000017790000,0x0000000017890000)]
  0x0000000002b84800 JavaThread "Reference Handler" daemon [_thread_blocked, id=2268, stack(0x0000000017690000,0x0000000017790000)]
  0x0000000002a93800 JavaThread "main" [_thread_blocked, id=12732, stack(0x0000000002960000,0x0000000002a60000)]

Other Threads:
  0x00000000164c4800 VMThread [stack: 0x0000000017590000,0x0000000017690000] [id=6924]
  0x000000001655d000 WatcherThread [stack: 0x0000000018380000,0x0000000018480000] [id=13896]

VM state:not at safepoint (normal execution)

VM Mutex/Monitor currently owned by a thread: None

Heap:
 PSYoungGen      total 28672K, used 21579K [0x00000000e0000000, 0x00000000e2000000, 0x0000000100000000)
  eden space 24576K, 71% used [0x00000000e0000000,0x00000000e1117138,0x00000000e1800000)
  from space 4096K, 99% used [0x00000000e1800000,0x00000000e1bfbd40,0x00000000e1c00000)
  to   space 4096K, 0% used [0x00000000e1c00000,0x00000000e1c00000,0x00000000e2000000)
 ParOldGen       total 65536K, used 1829K [0x00000000a0000000, 0x00000000a4000000, 0x00000000e0000000)
  object space 65536K, 2% used [0x00000000a0000000,0x00000000a01c9510,0x00000000a4000000)
 Metaspace       used 14430K, capacity 14746K, committed 14976K, reserved 1062912K
  class space    used 2023K, capacity 2145K, committed 2176K, reserved 1048576K

Card table byte_map: [0x0000000011f50000,0x0000000012260000] byte_map_base: 0x0000000011a50000

Marking Bits: (ParMarkBitMap*) 0x000000005a3c4970
 Begin Bits: [0x0000000012860000, 0x0000000014060000)
 End Bits:   [0x0000000014060000, 0x0000000015860000)

Polling page: 0x0000000001010000

CodeCache: size=245760Kb used=4560Kb max_used=4574Kb free=241199Kb
 bounds [0x0000000002b90000, 0x0000000003010000, 0x0000000011b90000]
 total_blobs=1660 nmethods=1294 adapters=279
 compilation: enabled

Compilation events (10 events):
Event: 14.211 Thread 0x0000000016510000 1330       3       java.lang.StringBuilder::append (10 bytes)
Event: 14.211 Thread 0x0000000016510000 nmethod 1330 0x0000000002cf82d0 code [0x0000000002cf8440, 0x0000000002cf85c8]
Event: 14.211 Thread 0x0000000016510000 1331       1       com.google.common.io.LineReader::access$000 (5 bytes)
Event: 14.211 Thread 0x0000000016510000 nmethod 1331 0x0000000002cf8010 code [0x0000000002cf8160, 0x0000000002cf8250]
Event: 14.268 Thread 0x0000000016501800 1332       4       sun.nio.cs.UTF_8$Decoder::decodeArrayLoop (691 bytes)
Event: 14.268 Thread 0x0000000016510000 1333       3       com.google.common.io.LineBuffer::finishLine (61 bytes)
Event: 14.269 Thread 0x0000000016510000 nmethod 1333 0x0000000002e178d0 code [0x0000000002e17a80, 0x0000000002e18198]
Event: 14.269 Thread 0x0000000016510000 1334       3       com.google.common.io.LineReader$1::handleLine (15 bytes)
Event: 14.269 Thread 0x0000000016510000 nmethod 1334 0x0000000002d28bd0 code [0x0000000002d28d40, 0x0000000002d28f68]
Event: 14.294 Thread 0x0000000016501800 nmethod 1332 0x0000000002d863d0 code [0x0000000002d86680, 0x0000000002d876b0]

GC Heap History (6 events):
Event: 2.752 GC heap before
{Heap before GC invocations=1 (full 0):
 PSYoungGen      total 28672K, used 24576K [0x00000000e0000000, 0x00000000e2000000, 0x0000000100000000)
  eden space 24576K, 100% used [0x00000000e0000000,0x00000000e1800000,0x00000000e1800000)
  from space 4096K, 0% used [0x00000000e1c00000,0x00000000e1c00000,0x00000000e2000000)
  to   space 4096K, 0% used [0x00000000e1800000,0x00000000e1800000,0x00000000e1c00000)
 ParOldGen       total 65536K, used 0K [0x00000000a0000000, 0x00000000a4000000, 0x00000000e0000000)
  object space 65536K, 0% used [0x00000000a0000000,0x00000000a0000000,0x00000000a4000000)
 Metaspace       used 6844K, capacity 7054K, committed 7424K, reserved 1056768K
  class space    used 837K, capacity 907K, committed 1024K, reserved 1048576K
Event: 2.757 GC heap after
Heap after GC invocations=1 (full 0):
 PSYoungGen      total 28672K, used 3819K [0x00000000e0000000, 0x00000000e2000000, 0x0000000100000000)
  eden space 24576K, 0% used [0x00000000e0000000,0x00000000e0000000,0x00000000e1800000)
  from space 4096K, 93% used [0x00000000e1800000,0x00000000e1bbac68,0x00000000e1c00000)
  to   space 4096K, 0% used [0x00000000e1c00000,0x00000000e1c00000,0x00000000e2000000)
 ParOldGen       total 65536K, used 8K [0x00000000a0000000, 0x00000000a4000000, 0x00000000e0000000)
  object space 65536K, 0% used [0x00000000a0000000,0x00000000a0002000,0x00000000a4000000)
 Metaspace       used 6844K, capacity 7054K, committed 7424K, reserved 1056768K
  class space    used 837K, capacity 907K, committed 1024K, reserved 1048576K
}
Event: 7.360 GC heap before
{Heap before GC invocations=2 (full 0):
 PSYoungGen      total 28672K, used 28395K [0x00000000e0000000, 0x00000000e2000000, 0x0000000100000000)
  eden space 24576K, 100% used [0x00000000e0000000,0x00000000e1800000,0x00000000e1800000)
  from space 4096K, 93% used [0x00000000e1800000,0x00000000e1bbac68,0x00000000e1c00000)
  to   space 4096K, 0% used [0x00000000e1c00000,0x00000000e1c00000,0x00000000e2000000)
 ParOldGen       total 65536K, used 8K [0x00000000a0000000, 0x00000000a4000000, 0x00000000e0000000)
  object space 65536K, 0% used [0x00000000a0000000,0x00000000a0002000,0x00000000a4000000)
 Metaspace       used 8169K, capacity 8360K, committed 8576K, reserved 1056768K
  class space    used 1032K, capacity 1108K, committed 1152K, reserved 1048576K
Event: 7.365 GC heap after
Heap after GC invocations=2 (full 0):
 PSYoungGen      total 28672K, used 3473K [0x00000000e0000000, 0x00000000e2000000, 0x0000000100000000)
  eden space 24576K, 0% used [0x00000000e0000000,0x00000000e0000000,0x00000000e1800000)
  from space 4096K, 84% used [0x00000000e1c00000,0x00000000e1f64588,0x00000000e2000000)
  to   space 4096K, 0% used [0x00000000e1800000,0x00000000e1800000,0x00000000e1c00000)
 ParOldGen       total 65536K, used 16K [0x00000000a0000000, 0x00000000a4000000, 0x00000000e0000000)
  object space 65536K, 0% used [0x00000000a0000000,0x00000000a0004000,0x00000000a4000000)
 Metaspace       used 8169K, capacity 8360K, committed 8576K, reserved 1056768K
  class space    used 1032K, capacity 1108K, committed 1152K, reserved 1048576K
}
Event: 11.956 GC heap before
{Heap before GC invocations=3 (full 0):
 PSYoungGen      total 28672K, used 28049K [0x00000000e0000000, 0x00000000e2000000, 0x0000000100000000)
  eden space 24576K, 100% used [0x00000000e0000000,0x00000000e1800000,0x00000000e1800000)
  from space 4096K, 84% used [0x00000000e1c00000,0x00000000e1f64588,0x00000000e2000000)
  to   space 4096K, 0% used [0x00000000e1800000,0x00000000e1800000,0x00000000e1c00000)
 ParOldGen       total 65536K, used 16K [0x00000000a0000000, 0x00000000a4000000, 0x00000000e0000000)
  object space 65536K, 0% used [0x00000000a0000000,0x00000000a0004000,0x00000000a4000000)
 Metaspace       used 12691K, capacity 13014K, committed 13184K, reserved 1060864K
  class space    used 1736K, capacity 1887K, committed 1920K, reserved 1048576K
Event: 11.962 GC heap after
Heap after GC invocations=3 (full 0):
 PSYoungGen      total 28672K, used 4079K [0x00000000e0000000, 0x00000000e2000000, 0x0000000100000000)
  eden space 24576K, 0% used [0x00000000e0000000,0x00000000e0000000,0x00000000e1800000)
  from space 4096K, 99% used [0x00000000e1800000,0x00000000e1bfbd40,0x00000000e1c00000)
  to   space 4096K, 0% used [0x00000000e1c00000,0x00000000e1c00000,0x00000000e2000000)
 ParOldGen       total 65536K, used 1829K [0x00000000a0000000, 0x00000000a4000000, 0x00000000e0000000)
  object space 65536K, 2% used [0x00000000a0000000,0x00000000a01c9510,0x00000000a4000000)
 Metaspace       used 12691K, capacity 13014K, committed 13184K, reserved 1060864K
  class space    used 1736K, capacity 1887K, committed 1920K, reserved 1048576K
}

Deoptimization events (10 events):
Event: 6.179 Thread 0x0000000002a93800 Uncommon trap: reason=bimorphic action=maybe_recompile pc=0x0000000002e195b0 method=java.util.HashMap.putVal(ILjava/lang/Object;Ljava/lang/Object;ZZ)Ljava/lang/Object; @ 91
Event: 6.179 Thread 0x0000000002a93800 Uncommon trap: reason=bimorphic action=maybe_recompile pc=0x0000000002e195b0 method=java.util.HashMap.putVal(ILjava/lang/Object;Ljava/lang/Object;ZZ)Ljava/lang/Object; @ 91
Event: 8.504 Thread 0x0000000002a93800 Uncommon trap: reason=bimorphic action=maybe_recompile pc=0x0000000002ec91bc method=java.util.HashMap.putVal(ILjava/lang/Object;Ljava/lang/Object;ZZ)Ljava/lang/Object; @ 203
Event: 9.283 Thread 0x0000000002a93800 Uncommon trap: reason=unstable_if action=reinterpret pc=0x0000000002e89a80 method=java.io.WinNTFileSystem.normalize(Ljava/lang/String;)Ljava/lang/String; @ 128
Event: 9.283 Thread 0x0000000002a93800 Uncommon trap: reason=unstable_if action=reinterpret pc=0x0000000002e93ca4 method=java.io.WinNTFileSystem.normalize(Ljava/lang/String;II)Ljava/lang/String; @ 90
Event: 10.856 Thread 0x0000000018760000 Uncommon trap: reason=bimorphic action=maybe_recompile pc=0x0000000002ec8b1c method=java.util.HashMap.putVal(ILjava/lang/Object;Ljava/lang/Object;ZZ)Ljava/lang/Object; @ 253
Event: 10.856 Thread 0x0000000018760000 Uncommon trap: reason=bimorphic action=maybe_recompile pc=0x0000000002ec8b1c method=java.util.HashMap.putVal(ILjava/lang/Object;Ljava/lang/Object;ZZ)Ljava/lang/Object; @ 253
Event: 13.225 Thread 0x0000000018760000 Uncommon trap: reason=class_check action=maybe_recompile pc=0x0000000002e0f69c method=java.util.regex.Matcher.match(II)Z @ 86
Event: 13.225 Thread 0x0000000018760000 Uncommon trap: reason=class_check action=maybe_recompile pc=0x0000000002e0f69c method=java.util.regex.Matcher.match(II)Z @ 86
Event: 14.186 Thread 0x0000000018760000 Uncommon trap: reason=unstable_if action=reinterpret pc=0x0000000002fec2b4 method=java.lang.String.lastIndexOf([CII[CIII)I @ 66

Classes redefined (0 events):
No events

Internal exceptions (10 events):
Event: 10.682 Thread 0x0000000016521000 Exception <a 'java/lang/NoSuchMethodError': <clinit>> (0x00000000e0bc5a50) thrown at [D:\src\AOSP-openjdk-cygwin\jdk8u\hotspot\src\share\vm\prims\jni.cpp, line 1613]
Event: 10.684 Thread 0x0000000016521000 Exception <a 'java/lang/NoSuchMethodError': <clinit>> (0x00000000e0bd6630) thrown at [D:\src\AOSP-openjdk-cygwin\jdk8u\hotspot\src\share\vm\prims\jni.cpp, line 1613]
Event: 10.686 Thread 0x0000000016521000 Exception <a 'java/lang/NoSuchMethodError': <clinit>> (0x00000000e0be5548) thrown at [D:\src\AOSP-openjdk-cygwin\jdk8u\hotspot\src\share\vm\prims\jni.cpp, line 1613]
Event: 10.691 Thread 0x0000000016521000 Exception <a 'java/lang/NoSuchMethodError': <clinit>> (0x00000000e0c06b10) thrown at [D:\src\AOSP-openjdk-cygwin\jdk8u\hotspot\src\share\vm\prims\jni.cpp, line 1613]
Event: 10.708 Thread 0x0000000016521000 Exception <a 'java/lang/NoSuchMethodError': <clinit>> (0x00000000e0c81708) thrown at [D:\src\AOSP-openjdk-cygwin\jdk8u\hotspot\src\share\vm\prims\jni.cpp, line 1613]
Event: 10.714 Thread 0x0000000016521000 Exception <a 'java/lang/NoSuchMethodError': <clinit>> (0x00000000e0cb4c98) thrown at [D:\src\AOSP-openjdk-cygwin\jdk8u\hotspot\src\share\vm\prims\jni.cpp, line 1613]
Event: 10.716 Thread 0x0000000016521000 Exception <a 'java/lang/NoSuchMethodError': <clinit>> (0x00000000e0cc23e8) thrown at [D:\src\AOSP-openjdk-cygwin\jdk8u\hotspot\src\share\vm\prims\jni.cpp, line 1613]
Event: 10.721 Thread 0x0000000016521000 Exception <a 'java/lang/NoSuchMethodError': <clinit>> (0x00000000e0cf02e0) thrown at [D:\src\AOSP-openjdk-cygwin\jdk8u\hotspot\src\share\vm\prims\jni.cpp, line 1613]
Event: 10.761 Thread 0x0000000018760000 Exception <a 'java/lang/NoSuchMethodError': <clinit>> (0x00000000e0d9b590) thrown at [D:\src\AOSP-openjdk-cygwin\jdk8u\hotspot\src\share\vm\prims\jni.cpp, line 1613]
Event: 10.762 Thread 0x0000000018760000 Exception <a 'java/lang/NoSuchMethodError': <clinit>> (0x00000000e0da3818) thrown at [D:\src\AOSP-openjdk-cygwin\jdk8u\hotspot\src\share\vm\prims\jni.cpp, line 1613]

Events (10 events):
Event: 14.208 loading class com/google/common/io/LineReader
Event: 14.208 loading class com/google/common/io/LineReader done
Event: 14.209 loading class com/google/common/io/LineBuffer
Event: 14.209 loading class com/google/common/io/LineBuffer done
Event: 14.209 loading class com/google/common/io/LineReader$1
Event: 14.209 loading class com/google/common/io/LineReader$1 done
Event: 14.212 loading class org/gradle/configuration/DefaultImportsReader$2
Event: 14.212 loading class org/gradle/configuration/DefaultImportsReader$2 done
Event: 14.268 loading class com/google/common/base/Splitter
Event: 14.268 loading class com/google/common/base/Splitter done


Dynamic libraries:
0x00007ff773260000 - 0x00007ff773291000 	C:\Program Files\Android\Android Studio1\jre\bin\java.exe
0x00007ffff0f40000 - 0x00007ffff1121000 	C:\WINDOWS\SYSTEM32\ntdll.dll
0x00007ffff0200000 - 0x00007ffff02b2000 	C:\WINDOWS\System32\KERNEL32.DLL
0x00007fffee0b0000 - 0x00007fffee323000 	C:\WINDOWS\System32\KERNELBASE.dll
0x00007fffefa30000 - 0x00007fffefad1000 	C:\WINDOWS\System32\ADVAPI32.dll
0x00007fffee3d0000 - 0x00007fffee46e000 	C:\WINDOWS\System32\msvcrt.dll
0x00007ffff09c0000 - 0x00007ffff0a1b000 	C:\WINDOWS\System32\sechost.dll
0x00007fffefd30000 - 0x00007fffefe54000 	C:\WINDOWS\System32\RPCRT4.dll
0x00007ffff0d20000 - 0x00007ffff0eb0000 	C:\WINDOWS\System32\USER32.dll
0x00007fffed490000 - 0x00007fffed4b0000 	C:\WINDOWS\System32\win32u.dll
0x00007ffff0410000 - 0x00007ffff0438000 	C:\WINDOWS\System32\GDI32.dll
0x00007fffed4b0000 - 0x00007fffed642000 	C:\WINDOWS\System32\gdi32full.dll
0x00007fffee330000 - 0x00007fffee3cf000 	C:\WINDOWS\System32\msvcp_win.dll
0x00007fffed390000 - 0x00007fffed48a000 	C:\WINDOWS\System32\ucrtbase.dll
0x00007fffd7dc0000 - 0x00007fffd8029000 	C:\WINDOWS\WinSxS\amd64_microsoft.windows.common-controls_6595b64144ccf1df_6.0.17134.345_none_fb429a5930656358\COMCTL32.dll
0x00007fffefe60000 - 0x00007ffff0183000 	C:\WINDOWS\System32\combase.dll
0x00007fffed310000 - 0x00007fffed38a000 	C:\WINDOWS\System32\bcryptPrimitives.dll
0x00007ffff0cf0000 - 0x00007ffff0d1d000 	C:\WINDOWS\System32\IMM32.DLL
0x000000005a440000 - 0x000000005a512000 	C:\Program Files\Android\Android Studio1\jre\jre\bin\msvcr100.dll
0x0000000059c00000 - 0x000000005a43f000 	C:\Program Files\Android\Android Studio1\jre\jre\bin\server\jvm.dll
0x00007ffff0ce0000 - 0x00007ffff0ce8000 	C:\WINDOWS\System32\PSAPI.DLL
0x00007fffe9d30000 - 0x00007fffe9d53000 	C:\WINDOWS\SYSTEM32\WINMM.dll
0x00007fffeb540000 - 0x00007fffeb54a000 	C:\WINDOWS\SYSTEM32\VERSION.dll
0x00007fffdd010000 - 0x00007fffdd019000 	C:\WINDOWS\SYSTEM32\WSOCK32.dll
0x00007ffff0190000 - 0x00007ffff01fc000 	C:\WINDOWS\System32\WS2_32.dll
0x00007fffe9b60000 - 0x00007fffe9b8a000 	C:\WINDOWS\SYSTEM32\winmmbase.dll
0x00007fffed6b0000 - 0x00007fffed6f9000 	C:\WINDOWS\System32\cfgmgr32.dll
0x00007fffe78b0000 - 0x00007fffe78bf000 	C:\Program Files\Android\Android Studio1\jre\jre\bin\verify.dll
0x00007fffdd930000 - 0x00007fffdd959000 	C:\Program Files\Android\Android Studio1\jre\jre\bin\java.dll
0x00007fffd8f20000 - 0x00007fffd8f36000 	C:\Program Files\Android\Android Studio1\jre\jre\bin\zip.dll
0x00007fffee470000 - 0x00007fffef8af000 	C:\WINDOWS\System32\SHELL32.dll
0x00007fffefb20000 - 0x00007fffefbc9000 	C:\WINDOWS\System32\shcore.dll
0x00007fffed700000 - 0x00007fffede0d000 	C:\WINDOWS\System32\windows.storage.dll
0x00007ffff0eb0000 - 0x00007ffff0f01000 	C:\WINDOWS\System32\shlwapi.dll
0x00007fffed2d0000 - 0x00007fffed2e1000 	C:\WINDOWS\System32\kernel.appcore.dll
0x00007fffed2f0000 - 0x00007fffed30f000 	C:\WINDOWS\System32\profapi.dll
0x00007fffed260000 - 0x00007fffed2ac000 	C:\WINDOWS\System32\powrprof.dll
0x00007fffed250000 - 0x00007fffed25a000 	C:\WINDOWS\System32\FLTLIB.DLL
0x00007fffd8f00000 - 0x00007fffd8f1a000 	C:\Program Files\Android\Android Studio1\jre\jre\bin\net.dll
0x00007fffeca70000 - 0x00007fffecad6000 	C:\WINDOWS\system32\mswsock.dll
0x00007fffd8ee0000 - 0x00007fffd8ef1000 	C:\Program Files\Android\Android Studio1\jre\jre\bin\nio.dll
0x00007fffd8ec0000 - 0x00007fffd8ede000 	C:\Users\Ayodeji Fabusuyi\.gradle\native\25\windows-amd64\native-platform.dll
0x00007fffe6fb0000 - 0x00007fffe6fbd000 	C:\Program Files\Android\Android Studio1\jre\jre\bin\management.dll
0x00007fffecc20000 - 0x00007fffecc37000 	C:\WINDOWS\SYSTEM32\CRYPTSP.dll
0x00007fffec650000 - 0x00007fffec683000 	C:\WINDOWS\system32\rsaenh.dll
0x00007fffecd50000 - 0x00007fffecd75000 	C:\WINDOWS\SYSTEM32\bcrypt.dll
0x00007fffed180000 - 0x00007fffed1a8000 	C:\WINDOWS\SYSTEM32\USERENV.dll
0x00007fffecc40000 - 0x00007fffecc4b000 	C:\WINDOWS\SYSTEM32\CRYPTBASE.dll
0x00007fffec7f0000 - 0x00007fffec828000 	C:\WINDOWS\SYSTEM32\IPHLPAPI.DLL
0x00007fffefae0000 - 0x00007fffefae8000 	C:\WINDOWS\System32\NSI.dll
0x00007fffe3c40000 - 0x00007fffe3c56000 	C:\WINDOWS\SYSTEM32\dhcpcsvc6.DLL
0x00007fffe3c20000 - 0x00007fffe3c3a000 	C:\WINDOWS\SYSTEM32\dhcpcsvc.DLL

VM Arguments:
jvm_args: -Xmx1536M -Dfile.encoding=windows-1252 -Duser.country=GB -Duser.language=en -Duser.variant 
java_command: org.gradle.launcher.daemon.bootstrap.GradleDaemon 4.1
java_class_path (initial): C:\Users\Ayodeji Fabusuyi\.gradle\wrapper\dists\gradle-4.1-all\bzyivzo6n839fup2jbap0tjew\gradle-4.1\lib\gradle-launcher-4.1.jar
Launcher Type: SUN_STANDARD

Environment Variables:
JAVA_HOME=C:\Program Files\Android\Android Studio1\jre
CLASSPATH=C:\Users\Ayodeji Fabusuyi\Documents\Flutter\newapp\android\\gradle\wrapper\gradle-wrapper.jar
PATH=C:\Program Files\Haskell\bin;C:\Program Files\Haskell Platform\8.4.3\lib\extralibs\bin;C:\Program Files\Haskell Platform\8.4.3\bin;C:\ProgramData\Oracle\Java\javapath;C:\Program Files\Java\jdk-9.0.1;C:\Program Files (x86)\Intel\iCLS Client\;C:\Program Files\Intel\iCLS Client\;C:\WINDOWS\system32;C:\WINDOWS;C:\WINDOWS\System32\Wbem;C:\WINDOWS\System32\WindowsPowerShell\v1.0\;C:\Program Files (x86)\Intel\Intel(R) Management Engine Components\DAL;C:\Program Files\Intel\Intel(R) Management Engine Components\DAL;C:\Program Files (x86)\Intel\Intel(R) Management Engine Components\IPT;C:\Program Files\Intel\Intel(R) Management Engine Components\IPT;C:\Program Files\Git\cmd;C:\Program Files\Java\jdk-9.0.1\bin;C:\Program Files\Intel\WiFi\bin\;C:\Program Files\Common Files\Intel\WirelessCommon\;C:\Program Files\nodejs\;C:\Strawberry\c\bin;C:\Strawberry\perl\site\bin;C:\Strawberry\perl\bin;C:\Dwimperl\perl\bin;C:\Dwimperl\perl\site\bin;C:\Dwimperl\c\bin;C:\ProgramData\chocolatey\bin;C:\Flutter\flutter\bin;C:\Go\bin;C:\Users\Ayodeji Fabusuyi\AppData\Local\atom\bin;C:\Users\Ayodeji Fabusuyi\AppData\Local\Android\Sdk\platform-tools;C:\Program Files\Haskell Platform\8.4.3\mingw\bin;C:\Program Files\PuTTY\;C:\WINDOWS\System32\OpenSSH\;C:\Program Files\Apache\Maven\bin;C:\Users\Ayodeji Fabusuyi\AppData\Roaming\cabal\bin;C:\Users\Ayodeji Fabusuyi\AppData\Roaming\local\bin;C:\Program Files\Java\jdk-9.0.1;C:\Users\Ayodeji Fabusuyi\Documents\Android\sdk;C:\Program Files\Java\jdk-9.0.1\bin;C:\Program Files\Microsoft VS Code\bin;C:\Users\Ayodeji Fabusuyi\AppData\Roaming\npm;C:\tools\dart-sdk\bin;C:\Users\Ayodeji Fabusuyi\AppData\Roaming\Pub\Cache\bin;C:\Users\Ayodeji Fabusuyi\go\bin;C:\Users\Ayodeji Fabusuyi\AppData\Local\Android\Sdk\platform-tools;C:\Users\Ayodeji Fabusuyi\AppData\Local\Microsoft\WindowsApps;C:\Program Files\Apache\Maven\bin;C:\Users\Ayodeji Fabusuyi\AppData\Local\Programs\Microsoft VS Code\bin;C:\Flutter\flutter\bin;;C:\Flutter\flutter\bin\mingit\cmd
USERNAME=Ayodeji Fabusuyi
OS=Windows_NT
PROCESSOR_IDENTIFIER=Intel64 Family 6 Model 142 Stepping 9, GenuineIntel



---------------  S Y S T E M  ---------------

OS: Windows 10.0 , 64 bit Build 17134 (10.0.17134.1)

CPU:total 4 (initial active 4) (2 cores per cpu, 2 threads per core) family 6 model 142 stepping 9, cmov, cx8, fxsr, mmx, sse, sse2, sse3, ssse3, sse4.1, sse4.2, popcnt, avx, avx2, aes, clmul, erms, 3dnowpref, lzcnt, ht, tsc, tscinvbit, bmi1, bmi2, adx

Memory: 4k page, physical 6161060k(975964k free), swap 7848612k(5804k free)

vm_info: OpenJDK 64-Bit Server VM (25.152-b02) for windows-amd64 JRE (1.8.0_152-release-1024-b02), built by "builder" with MS VC++ 10.0 (VS2010)

time: Tue Nov 06 17:51:33 2018
elapsed time: 14 seconds (0d 0h 0m 14s)

