#
# There is insufficient memory for the Java Runtime Environment to continue.
# Native memory allocation (malloc) failed to allocate 32744 bytes for ChunkPool::allocate
# Possible reasons:
#   The system is out of physical RAM or swap space
#   In 32 bit mode, the process size limit was hit
# Possible solutions:
#   Reduce memory load on the system
#   Increase physical memory or swap space
#   Check if swap backing store is full
#   Use 64 bit Java on a 64 bit OS
#   Decrease Java heap size (-Xmx/-Xms)
#   Decrease number of Java threads
#   Decrease Java thread stack sizes (-Xss)
#   Set larger code cache with -XX:ReservedCodeCacheSize=
# This output file may be truncated or incomplete.
#
#  Out of Memory Error (allocation.cpp:273), pid=12244, tid=0x00000000000033f0
#
# JRE version: OpenJDK Runtime Environment (8.0_152-b02) (build 1.8.0_152-release-1024-b02)
# Java VM: OpenJDK 64-Bit Server VM (25.152-b02 mixed mode windows-amd64 compressed oops)
# Failed to write core dump. Minidumps are not enabled by default on client versions of Windows
#

---------------  T H R E A D  ---------------

Current thread (0x0000000016816000):  JavaThread "C2 CompilerThread1" daemon [_thread_in_native, id=13296, stack(0x0000000017f50000,0x0000000018050000)]

Stack: [0x0000000017f50000,0x0000000018050000]
[error occurred during error reporting (printing stack bounds), id 0xc0000005]

Native frames: (J=compiled Java code, j=interpreted, Vv=VM code, C=native code)


Current CompileTask:
C2: 248892 9153   !   4       java.nio.charset.CharsetEncoder::encode (285 bytes)


---------------  P R O C E S S  ---------------

Java Threads: ( => current thread )
  0x000000001d284800 JavaThread "Forward streams with process: command 'C:\Flutter\flutter\bin\flutter.bat' Thread 3" [_thread_in_native, id=13880, stack(0x0000000024500000,0x0000000024600000)]
  0x000000001d284000 JavaThread "Forward streams with process: command 'C:\Flutter\flutter\bin\flutter.bat' Thread 2" [_thread_in_native, id=13476, stack(0x0000000024400000,0x0000000024500000)]
  0x000000001d283000 JavaThread "Forward streams with process: command 'C:\Flutter\flutter\bin\flutter.bat'" [_thread_blocked, id=1284, stack(0x0000000024300000,0x0000000024400000)]
  0x000000001ee20800 JavaThread "Run command 'C:\Flutter\flutter\bin\flutter.bat'" [_thread_in_native, id=5164, stack(0x0000000024100000,0x0000000024200000)]
  0x000000001ee20000 JavaThread "Task worker for ':' Thread 3" [_thread_blocked, id=14308, stack(0x0000000024000000,0x0000000024100000)]
  0x000000001ee1f000 JavaThread "Task worker for ':' Thread 2" [_thread_blocked, id=1776, stack(0x0000000023f00000,0x0000000024000000)]
  0x000000001ee1e800 JavaThread "Task worker for ':'" [_thread_blocked, id=5244, stack(0x0000000023e00000,0x0000000023f00000)]
  0x000000001ee13000 JavaThread "Cache worker for task history cache (C:\Users\Ayodeji Fabusuyi\Documents\Flutter\newapp\android\.gradle\4.1\taskHistory)" [_thread_blocked, id=7208, stack(0x0000000023d00000,0x0000000023e00000)]
  0x000000001ee1d800 JavaThread "Cache worker for file content cache (C:\Users\Ayodeji Fabusuyi\Documents\Flutter\newapp\android\.gradle\4.1\fileContent)" [_thread_blocked, id=14300, stack(0x0000000023c00000,0x0000000023d00000)]
  0x000000001ee21800 JavaThread "build operations Thread 4" [_thread_blocked, id=12552, stack(0x0000000023b00000,0x0000000023c00000)]
  0x000000001ee1d000 JavaThread "build operations Thread 3" [_thread_blocked, id=6504, stack(0x0000000023a00000,0x0000000023b00000)]
  0x000000001ee15000 JavaThread "build operations Thread 2" [_thread_blocked, id=10280, stack(0x0000000023900000,0x0000000023a00000)]
  0x000000001ee1a800 JavaThread "build operations" [_thread_blocked, id=11508, stack(0x0000000023800000,0x0000000023900000)]
  0x000000001ee18000 JavaThread "Cache worker for Artifact transforms cache (C:\Users\Ayodeji Fabusuyi\.gradle\caches\transforms-1)" [_thread_blocked, id=8744, stack(0x0000000023700000,0x0000000023800000)]
  0x000000001ee14800 JavaThread "Cache worker for file hash cache (C:\Users\Ayodeji Fabusuyi\Documents\Flutter\newapp\android\.gradle\4.1\fileHashes)" [_thread_blocked, id=4956, stack(0x0000000023600000,0x0000000023700000)]
  0x000000001ee19800 JavaThread "Stdin handler" [_thread_blocked, id=12968, stack(0x0000000023500000,0x0000000023600000)]
  0x000000001ee16000 JavaThread "Asynchronous log dispatcher for DefaultDaemonConnection: socket connection from /127.0.0.1:52303 to /127.0.0.1:52568" [_thread_blocked, id=9436, stack(0x0000000023400000,0x0000000023500000)]
  0x000000001ee13800 JavaThread "Cancel handler" [_thread_blocked, id=6820, stack(0x0000000023200000,0x0000000023300000)]
  0x000000001ee12000 JavaThread "Daemon Thread 2" [_thread_blocked, id=7328, stack(0x0000000023000000,0x0000000023100000)]
  0x000000001ee17800 JavaThread "Handler for socket connection from /127.0.0.1:52303 to /127.0.0.1:52568" [_thread_in_native, id=1020, stack(0x0000000022f00000,0x0000000023000000)]
  0x000000001d281000 JavaThread "Memory manager" [_thread_blocked, id=14316, stack(0x0000000020c00000,0x0000000020d00000)]
  0x000000001c278800 JavaThread "File lock request listener" [_thread_in_native, id=14088, stack(0x000000001e200000,0x000000001e300000)]
  0x0000000019718800 JavaThread "Cache worker for file hash cache (C:\Users\Ayodeji Fabusuyi\.gradle\caches\4.1\fileHashes)" [_thread_blocked, id=13316, stack(0x000000001e100000,0x000000001e200000)]
  0x00000000189d6000 JavaThread "Daemon worker" [_thread_blocked, id=14028, stack(0x000000001aca0000,0x000000001ada0000)]
  0x0000000018d3a000 JavaThread "Daemon" [_thread_blocked, id=7060, stack(0x000000001a7a0000,0x000000001a8a0000)]
  0x0000000018373800 JavaThread "Daemon periodic checks" [_thread_blocked, id=12836, stack(0x000000001a6a0000,0x000000001a7a0000)]
  0x0000000018371800 JavaThread "Incoming local TCP Connector on port 52303" [_thread_in_native, id=13324, stack(0x000000001a460000,0x000000001a560000)]
  0x0000000018178800 JavaThread "Service Thread" daemon [_thread_blocked, id=4520, stack(0x0000000018550000,0x0000000018650000)]
  0x0000000016860800 JavaThread "C1 CompilerThread2" daemon [_thread_blocked, id=6164, stack(0x0000000018050000,0x0000000018150000)]
=>0x0000000016816000 JavaThread "C2 CompilerThread1" daemon [_thread_in_native, id=13296, stack(0x0000000017f50000,0x0000000018050000)]
  0x0000000016810800 JavaThread "C2 CompilerThread0" daemon [_thread_blocked, id=13732, stack(0x0000000017e50000,0x0000000017f50000)]
  0x000000001680e000 JavaThread "Attach Listener" daemon [_thread_blocked, id=5796, stack(0x0000000017d50000,0x0000000017e50000)]
  0x000000001680d000 JavaThread "Signal Dispatcher" daemon [_thread_blocked, id=5192, stack(0x0000000017c50000,0x0000000017d50000)]
  0x0000000002e98000 JavaThread "Finalizer" daemon [_thread_blocked, id=13380, stack(0x0000000017a60000,0x0000000017b60000)]
  0x0000000002e94800 JavaThread "Reference Handler" daemon [_thread_blocked, id=5144, stack(0x0000000017960000,0x0000000017a60000)]
  0x0000000002da3800 JavaThread "main" [_thread_blocked, id=8844, stack(0x0000000002c30000,0x0000000002d30000)]

Other Threads:
  0x00000000167d4800 VMThread [stack: 0x0000000017860000,0x0000000017960000] [id=8804]
  0x0000000018179800 WatcherThread [stack: 0x0000000018650000,0x0000000018750000] [id=8860]

VM state:not at safepoint (normal execution)

VM Mutex/Monitor currently owned by a thread: None

Heap:
 PSYoungGen      total 108544K, used 40738K [0x00000000e0000000, 0x00000000e7e80000, 0x0000000100000000)
  eden space 89600K, 45% used [0x00000000e0000000,0x00000000e27c8890,0x00000000e5780000)
  from space 18944K, 0% used [0x00000000e6c00000,0x00000000e6c00000,0x00000000e7e80000)
  to   space 19968K, 0% used [0x00000000e5780000,0x00000000e5780000,0x00000000e6b00000)
 ParOldGen       total 91648K, used 33974K [0x00000000a0000000, 0x00000000a5980000, 0x00000000e0000000)
  object space 91648K, 37% used [0x00000000a0000000,0x00000000a212dbd8,0x00000000a5980000)
 Metaspace       used 57651K, capacity 59900K, committed 60248K, reserved 1101824K
  class space    used 7595K, capacity 8195K, committed 8320K, reserved 1048576K

Card table byte_map: [0x0000000012260000,0x0000000012570000] byte_map_base: 0x0000000011d60000

Marking Bits: (ParMarkBitMap*) 0x0000000054994970
 Begin Bits: [0x0000000012b70000, 0x0000000014370000)
 End Bits:   [0x0000000014370000, 0x0000000015b70000)

Polling page: 0x00000000009f0000

CodeCache: size=245760Kb used=25528Kb max_used=25589Kb free=220231Kb
 bounds [0x0000000002ea0000, 0x00000000047d0000, 0x0000000011ea0000]
 total_blobs=8589 nmethods=7814 adapters=688
 compilation: enabled

Compilation events (10 events):
Event: 247.911 Thread 0x0000000016860800 nmethod 9148 0x0000000002fac210 code [0x0000000002fac3a0, 0x0000000002fac7f8]
Event: 247.912 Thread 0x0000000016860800 9150       1       org.gradle.internal.io.StreamByteBuffer::access$000 (5 bytes)
Event: 247.912 Thread 0x0000000016860800 nmethod 9150 0x0000000003167490 code [0x00000000031675e0, 0x00000000031676d0]
Event: 247.913 Thread 0x0000000016860800 9149       3       java.nio.HeapCharBuffer::<init> (13 bytes)
Event: 247.914 Thread 0x0000000016860800 nmethod 9149 0x0000000003c5db10 code [0x0000000003c5dc80, 0x0000000003c5df48]
Event: 248.723 Thread 0x0000000016860800 9151       3       java.nio.CharBuffer::toString (13 bytes)
Event: 248.724 Thread 0x0000000016816000 9153   !   4       java.nio.charset.CharsetEncoder::encode (285 bytes)
Event: 248.724 Thread 0x0000000016860800 nmethod 9151 0x0000000003a17750 code [0x0000000003a178c0, 0x0000000003a17c08]
Event: 248.725 Thread 0x0000000016860800 9152   !   3       java.nio.HeapCharBuffer::toString (30 bytes)
Event: 248.725 Thread 0x0000000016860800 nmethod 9152 0x00000000040b9410 code [0x00000000040b9580, 0x00000000040b9838]

GC Heap History (10 events):
Event: 206.852 GC heap before
{Heap before GC invocations=25 (full 2):
 PSYoungGen      total 77824K, used 68306K [0x00000000e0000000, 0x00000000e5f80000, 0x0000000100000000)
  eden space 59904K, 100% used [0x00000000e0000000,0x00000000e3a80000,0x00000000e3a80000)
  from space 17920K, 46% used [0x00000000e4e00000,0x00000000e56348b0,0x00000000e5f80000)
  to   space 18944K, 0% used [0x00000000e3a80000,0x00000000e3a80000,0x00000000e4d00000)
 ParOldGen       total 58368K, used 27536K [0x00000000a0000000, 0x00000000a3900000, 0x00000000e0000000)
  object space 58368K, 47% used [0x00000000a0000000,0x00000000a1ae4150,0x00000000a3900000)
 Metaspace       used 55808K, capacity 57882K, committed 58072K, reserved 1099776K
  class space    used 7355K, capacity 7852K, committed 7936K, reserved 1048576K
Event: 206.870 GC heap after
Heap after GC invocations=25 (full 2):
 PSYoungGen      total 78848K, used 14821K [0x00000000e0000000, 0x00000000e7200000, 0x0000000100000000)
  eden space 59904K, 0% used [0x00000000e0000000,0x00000000e0000000,0x00000000e3a80000)
  from space 18944K, 78% used [0x00000000e3a80000,0x00000000e48f9550,0x00000000e4d00000)
  to   space 19968K, 0% used [0x00000000e5e80000,0x00000000e5e80000,0x00000000e7200000)
 ParOldGen       total 58368K, used 28572K [0x00000000a0000000, 0x00000000a3900000, 0x00000000e0000000)
  object space 58368K, 48% used [0x00000000a0000000,0x00000000a1be7198,0x00000000a3900000)
 Metaspace       used 55808K, capacity 57882K, committed 58072K, reserved 1099776K
  class space    used 7355K, capacity 7852K, committed 7936K, reserved 1048576K
}
Event: 210.910 GC heap before
{Heap before GC invocations=26 (full 2):
 PSYoungGen      total 78848K, used 74725K [0x00000000e0000000, 0x00000000e7200000, 0x0000000100000000)
  eden space 59904K, 100% used [0x00000000e0000000,0x00000000e3a80000,0x00000000e3a80000)
  from space 18944K, 78% used [0x00000000e3a80000,0x00000000e48f9550,0x00000000e4d00000)
  to   space 19968K, 0% used [0x00000000e5e80000,0x00000000e5e80000,0x00000000e7200000)
 ParOldGen       total 58368K, used 28572K [0x00000000a0000000, 0x00000000a3900000, 0x00000000e0000000)
  object space 58368K, 48% used [0x00000000a0000000,0x00000000a1be7198,0x00000000a3900000)
 Metaspace       used 55846K, capacity 57882K, committed 58072K, reserved 1099776K
  class space    used 7355K, capacity 7852K, committed 7936K, reserved 1048576K
Event: 210.927 GC heap after
Heap after GC invocations=26 (full 2):
 PSYoungGen      total 94720K, used 13027K [0x00000000e0000000, 0x00000000e7100000, 0x0000000100000000)
  eden space 75776K, 0% used [0x00000000e0000000,0x00000000e0000000,0x00000000e4a00000)
  from space 18944K, 68% used [0x00000000e5e80000,0x00000000e6b38f38,0x00000000e7100000)
  to   space 19968K, 0% used [0x00000000e4a00000,0x00000000e4a00000,0x00000000e5d80000)
 ParOldGen       total 58368K, used 28636K [0x00000000a0000000, 0x00000000a3900000, 0x00000000e0000000)
  object space 58368K, 49% used [0x00000000a0000000,0x00000000a1bf7198,0x00000000a3900000)
 Metaspace       used 55846K, capacity 57882K, committed 58072K, reserved 1099776K
  class space    used 7355K, capacity 7852K, committed 7936K, reserved 1048576K
}
Event: 225.740 GC heap before
{Heap before GC invocations=27 (full 2):
 PSYoungGen      total 94720K, used 88803K [0x00000000e0000000, 0x00000000e7100000, 0x0000000100000000)
  eden space 75776K, 100% used [0x00000000e0000000,0x00000000e4a00000,0x00000000e4a00000)
  from space 18944K, 68% used [0x00000000e5e80000,0x00000000e6b38f38,0x00000000e7100000)
  to   space 19968K, 0% used [0x00000000e4a00000,0x00000000e4a00000,0x00000000e5d80000)
 ParOldGen       total 58368K, used 28636K [0x00000000a0000000, 0x00000000a3900000, 0x00000000e0000000)
  object space 58368K, 49% used [0x00000000a0000000,0x00000000a1bf7198,0x00000000a3900000)
 Metaspace       used 56482K, capacity 58620K, committed 58968K, reserved 1099776K
  class space    used 7422K, capacity 7939K, committed 8064K, reserved 1048576K
Event: 225.829 GC heap after
Heap after GC invocations=27 (full 2):
 PSYoungGen      total 95744K, used 6016K [0x00000000e0000000, 0x00000000e7f80000, 0x0000000100000000)
  eden space 75776K, 0% used [0x00000000e0000000,0x00000000e0000000,0x00000000e4a00000)
  from space 19968K, 30% used [0x00000000e4a00000,0x00000000e4fe0010,0x00000000e5d80000)
  to   space 19968K, 0% used [0x00000000e6c00000,0x00000000e6c00000,0x00000000e7f80000)
 ParOldGen       total 58368K, used 35123K [0x00000000a0000000, 0x00000000a3900000, 0x00000000e0000000)
  object space 58368K, 60% used [0x00000000a0000000,0x00000000a224cc80,0x00000000a3900000)
 Metaspace       used 56482K, capacity 58620K, committed 58968K, reserved 1099776K
  class space    used 7422K, capacity 7939K, committed 8064K, reserved 1048576K
}
Event: 229.543 GC heap before
{Heap before GC invocations=28 (full 2):
 PSYoungGen      total 95744K, used 44223K [0x00000000e0000000, 0x00000000e7f80000, 0x0000000100000000)
  eden space 75776K, 50% used [0x00000000e0000000,0x00000000e254fe60,0x00000000e4a00000)
  from space 19968K, 30% used [0x00000000e4a00000,0x00000000e4fe0010,0x00000000e5d80000)
  to   space 19968K, 0% used [0x00000000e6c00000,0x00000000e6c00000,0x00000000e7f80000)
 ParOldGen       total 58368K, used 35123K [0x00000000a0000000, 0x00000000a3900000, 0x00000000e0000000)
  object space 58368K, 60% used [0x00000000a0000000,0x00000000a224cc80,0x00000000a3900000)
 Metaspace       used 56736K, capacity 58874K, committed 59028K, reserved 1099776K
  class space    used 7433K, capacity 7960K, committed 8064K, reserved 1048576K
Event: 229.555 GC heap after
Heap after GC invocations=28 (full 2):
 PSYoungGen      total 108544K, used 4096K [0x00000000e0000000, 0x00000000e7e80000, 0x0000000100000000)
  eden space 89600K, 0% used [0x00000000e0000000,0x00000000e0000000,0x00000000e5780000)
  from space 18944K, 21% used [0x00000000e6c00000,0x00000000e7000000,0x00000000e7e80000)
  to   space 19968K, 0% used [0x00000000e5780000,0x00000000e5780000,0x00000000e6b00000)
 ParOldGen       total 58368K, used 37839K [0x00000000a0000000, 0x00000000a3900000, 0x00000000e0000000)
  object space 58368K, 64% used [0x00000000a0000000,0x00000000a24f3cf0,0x00000000a3900000)
 Metaspace       used 56736K, capacity 58874K, committed 59028K, reserved 1099776K
  class space    used 7433K, capacity 7960K, committed 8064K, reserved 1048576K
}
Event: 229.555 GC heap before
{Heap before GC invocations=29 (full 3):
 PSYoungGen      total 108544K, used 4096K [0x00000000e0000000, 0x00000000e7e80000, 0x0000000100000000)
  eden space 89600K, 0% used [0x00000000e0000000,0x00000000e0000000,0x00000000e5780000)
  from space 18944K, 21% used [0x00000000e6c00000,0x00000000e7000000,0x00000000e7e80000)
  to   space 19968K, 0% used [0x00000000e5780000,0x00000000e5780000,0x00000000e6b00000)
 ParOldGen       total 58368K, used 37839K [0x00000000a0000000, 0x00000000a3900000, 0x00000000e0000000)
  object space 58368K, 64% used [0x00000000a0000000,0x00000000a24f3cf0,0x00000000a3900000)
 Metaspace       used 56736K, capacity 58874K, committed 59028K, reserved 1099776K
  class space    used 7433K, capacity 7960K, committed 8064K, reserved 1048576K
Event: 230.359 GC heap after
Heap after GC invocations=29 (full 3):
 PSYoungGen      total 108544K, used 0K [0x00000000e0000000, 0x00000000e7e80000, 0x0000000100000000)
  eden space 89600K, 0% used [0x00000000e0000000,0x00000000e0000000,0x00000000e5780000)
  from space 18944K, 0% used [0x00000000e6c00000,0x00000000e6c00000,0x00000000e7e80000)
  to   space 19968K, 0% used [0x00000000e5780000,0x00000000e5780000,0x00000000e6b00000)
 ParOldGen       total 91648K, used 33974K [0x00000000a0000000, 0x00000000a5980000, 0x00000000e0000000)
  object space 91648K, 37% used [0x00000000a0000000,0x00000000a212dbd8,0x00000000a5980000)
 Metaspace       used 56736K, capacity 58874K, committed 59028K, reserved 1099776K
  class space    used 7433K, capacity 7960K, committed 8064K, reserved 1048576K
}

Deoptimization events (10 events):
Event: 233.391 Thread 0x000000001ee1e800 Uncommon trap: reason=null_check action=make_not_entrant pc=0x000000000445416c method=sun.nio.fs.NativeBuffers.getNativeBufferFromCache(I)Lsun/nio/fs/NativeBuffer; @ 6
Event: 233.391 Thread 0x000000001ee1e800 Uncommon trap: reason=null_check action=make_not_entrant pc=0x0000000004733e38 method=sun.nio.fs.NativeBuffers.getNativeBufferFromCache(I)Lsun/nio/fs/NativeBuffer; @ 6
Event: 233.391 Thread 0x000000001ee1e800 Uncommon trap: reason=null_check action=make_not_entrant pc=0x0000000003c796f8 method=sun.nio.fs.NativeBuffers.releaseNativeBuffer(Lsun/nio/fs/NativeBuffer;)V @ 6
Event: 233.393 Thread 0x000000001ee1e800 Uncommon trap: reason=unstable_if action=reinterpret pc=0x0000000003c784a0 method=sun.nio.fs.NativeBuffers.getNativeBufferFromCache(I)Lsun/nio/fs/NativeBuffer; @ 18
Event: 234.620 Thread 0x000000001ee13000 Uncommon trap: reason=class_check action=maybe_recompile pc=0x00000000032067e8 method=java.io.BufferedInputStream.read1([BII)I @ 39
Event: 234.668 Thread 0x000000001ee13000 Uncommon trap: reason=unstable_if action=reinterpret pc=0x0000000003e90214 method=com.esotericsoftware.kryo.io.Input.readInt(Z)I @ 42
Event: 234.668 Thread 0x000000001ee13000 Uncommon trap: reason=unstable_if action=reinterpret pc=0x0000000003738d14 method=com.esotericsoftware.kryo.io.Input.readUtf8(I)V @ 79
Event: 234.743 Thread 0x000000001ee1e800 Uncommon trap: reason=null_check action=make_not_entrant pc=0x000000000479aa8c method=org.gradle.api.internal.AbstractClassGenerator.generateUnderLock(Ljava/lang/Class;)Ljava/lang/Class; @ 821
Event: 234.796 Thread 0x000000001ee1e800 Uncommon trap: reason=predicate action=maybe_recompile pc=0x00000000042a6914 method=java.util.Arrays$ArrayList.indexOf(Ljava/lang/Object;)I @ 42
Event: 235.259 Thread 0x000000001ee20800 Uncommon trap: reason=bimorphic action=maybe_recompile pc=0x000000000375eadc method=org.gradle.internal.event.ListenerBroadcast.dispatch(Lorg/gradle/internal/dispatch/MethodInvocation;)V @ 5

Classes redefined (0 events):
No events

Internal exceptions (10 events):
Event: 234.749 Thread 0x000000001ee1e800 Exception <a 'java/lang/ClassNotFoundException': org/gradle/process/internal/DefaultExecAction_DecoratedBeanInfo> (0x00000000e246b9d0) thrown at [D:\src\AOSP-openjdk-cygwin\jdk8u\hotspot\src\share\vm\classfile\systemDictionary.cpp, line 210]
Event: 234.751 Thread 0x000000001ee1e800 Exception <a 'java/lang/ClassNotFoundException': org/gradle/process/internal/DefaultExecActionBeanInfo> (0x00000000e24969c0) thrown at [D:\src\AOSP-openjdk-cygwin\jdk8u\hotspot\src\share\vm\classfile\systemDictionary.cpp, line 210]
Event: 234.752 Thread 0x000000001ee1e800 Exception <a 'java/lang/ClassNotFoundException': org/gradle/process/internal/DefaultExecHandleBuilderBeanInfo> (0x00000000e24c4ff0) thrown at [D:\src\AOSP-openjdk-cygwin\jdk8u\hotspot\src\share\vm\classfile\systemDictionary.cpp, line 210]
Event: 234.753 Thread 0x000000001ee1e800 Exception <a 'java/lang/ClassNotFoundException': org/gradle/process/internal/AbstractExecHandleBuilderBeanInfo> (0x00000000e24f40b0) thrown at [D:\src\AOSP-openjdk-cygwin\jdk8u\hotspot\src\share\vm\classfile\systemDictionary.cpp, line 210]
Event: 234.754 Thread 0x000000001ee1e800 Exception <a 'java/lang/ClassNotFoundException': org/gradle/process/internal/DefaultProcessForkOptionsBeanInfo> (0x00000000e2523218) thrown at [D:\src\AOSP-openjdk-cygwin\jdk8u\hotspot\src\share\vm\classfile\systemDictionary.cpp, line 210]
Event: 234.755 Thread 0x000000001ee1e800 Exception <a 'java/lang/ClassNotFoundException': org/gradle/process/internal/DefaultProcessForkOptionsCustomizer> (0x00000000e2552dd0) thrown at [D:\src\AOSP-openjdk-cygwin\jdk8u\hotspot\src\share\vm\classfile\systemDictionary.cpp, line 210]
Event: 234.756 Thread 0x000000001ee1e800 Exception <a 'java/lang/ClassNotFoundException': org/gradle/process/internal/AbstractExecHandleBuilderCustomizer> (0x00000000e25954a0) thrown at [D:\src\AOSP-openjdk-cygwin\jdk8u\hotspot\src\share\vm\classfile\systemDictionary.cpp, line 210]
Event: 234.758 Thread 0x000000001ee1e800 Exception <a 'java/lang/ClassNotFoundException': org/gradle/process/internal/DefaultExecHandleBuilderCustomizer> (0x00000000e25da048) thrown at [D:\src\AOSP-openjdk-cygwin\jdk8u\hotspot\src\share\vm\classfile\systemDictionary.cpp, line 210]
Event: 234.760 Thread 0x000000001ee1e800 Exception <a 'java/lang/ClassNotFoundException': org/gradle/process/internal/DefaultExecActionCustomizer> (0x00000000e263b430) thrown at [D:\src\AOSP-openjdk-cygwin\jdk8u\hotspot\src\share\vm\classfile\systemDictionary.cpp, line 210]
Event: 234.762 Thread 0x000000001ee1e800 Exception <a 'java/lang/ClassNotFoundException': org/gradle/process/internal/DefaultExecAction_DecoratedCustomizer> (0x00000000e2675fd8) thrown at [D:\src\AOSP-openjdk-cygwin\jdk8u\hotspot\src\share\vm\classfile\systemDictionary.cpp, line 210]

Events (10 events):
Event: 247.912 Thread 0x0000000016860800 flushing nmethod 0x00000000040b6350
Event: 247.912 Thread 0x0000000016860800 flushing nmethod 0x00000000040b9310
Event: 247.912 Thread 0x0000000016860800 flushing nmethod 0x00000000040c5b90
Event: 247.912 Thread 0x0000000016860800 flushing nmethod 0x0000000004156290
Event: 247.913 Thread 0x0000000016860800 flushing nmethod 0x0000000004160b50
Event: 247.913 Thread 0x0000000016860800 flushing nmethod 0x0000000004160fd0
Event: 247.913 Thread 0x0000000016860800 flushing nmethod 0x000000000416d650
Event: 247.913 Thread 0x0000000016860800 flushing nmethod 0x00000000041b7010
Event: 247.913 Thread 0x0000000016860800 flushing nmethod 0x00000000041f3610
Event: 247.914 Thread 0x0000000016860800 flushing nmethod 0x00000000043e6ad0


Dynamic libraries:
0x00007ff65f570000 - 0x00007ff65f5a1000 	C:\Program Files\Android\Android Studio1\jre\bin\java.exe
0x00007ff867a60000 - 0x00007ff867c41000 	C:\WINDOWS\SYSTEM32\ntdll.dll
0x00007ff864ff0000 - 0x00007ff8650a2000 	C:\WINDOWS\System32\KERNEL32.DLL
0x00007ff863e30000 - 0x00007ff8640a3000 	C:\WINDOWS\System32\KERNELBASE.dll
0x00007ff8650e0000 - 0x00007ff865181000 	C:\WINDOWS\System32\ADVAPI32.dll
0x00007ff8676b0000 - 0x00007ff86774e000 	C:\WINDOWS\System32\msvcrt.dll
0x00007ff866ca0000 - 0x00007ff866cfb000 	C:\WINDOWS\System32\sechost.dll
0x00007ff865410000 - 0x00007ff865534000 	C:\WINDOWS\System32\RPCRT4.dll
0x00007ff865190000 - 0x00007ff865320000 	C:\WINDOWS\System32\USER32.dll
0x00007ff864ed0000 - 0x00007ff864ef0000 	C:\WINDOWS\System32\win32u.dll
0x00007ff865780000 - 0x00007ff8657a8000 	C:\WINDOWS\System32\GDI32.dll
0x00007ff8642e0000 - 0x00007ff864472000 	C:\WINDOWS\System32\gdi32full.dll
0x00007ff864c40000 - 0x00007ff864cdf000 	C:\WINDOWS\System32\msvcp_win.dll
0x00007ff8641e0000 - 0x00007ff8642da000 	C:\WINDOWS\System32\ucrtbase.dll
0x00007ff850430000 - 0x00007ff850699000 	C:\WINDOWS\WinSxS\amd64_microsoft.windows.common-controls_6595b64144ccf1df_6.0.17134.345_none_fb429a5930656358\COMCTL32.dll
0x00007ff866ea0000 - 0x00007ff8671c3000 	C:\WINDOWS\System32\combase.dll
0x00007ff864110000 - 0x00007ff86418a000 	C:\WINDOWS\System32\bcryptPrimitives.dll
0x00007ff8650b0000 - 0x00007ff8650dd000 	C:\WINDOWS\System32\IMM32.DLL
0x0000000054da0000 - 0x0000000054e72000 	C:\Program Files\Android\Android Studio1\jre\jre\bin\msvcr100.dll
0x00000000541d0000 - 0x0000000054a0f000 	C:\Program Files\Android\Android Studio1\jre\jre\bin\server\jvm.dll
0x00007ff867a20000 - 0x00007ff867a28000 	C:\WINDOWS\System32\PSAPI.DLL
0x00007ff853120000 - 0x00007ff853129000 	C:\WINDOWS\SYSTEM32\WSOCK32.dll
0x00007ff865710000 - 0x00007ff86577c000 	C:\WINDOWS\System32\WS2_32.dll
0x00007ff861210000 - 0x00007ff861233000 	C:\WINDOWS\SYSTEM32\WINMM.dll
0x00007ff852fb0000 - 0x00007ff852fba000 	C:\WINDOWS\SYSTEM32\VERSION.dll
0x00007ff8611e0000 - 0x00007ff86120a000 	C:\WINDOWS\SYSTEM32\WINMMBASE.dll
0x00007ff864190000 - 0x00007ff8641d9000 	C:\WINDOWS\System32\cfgmgr32.dll
0x00007ff85c3a0000 - 0x00007ff85c3af000 	C:\Program Files\Android\Android Studio1\jre\jre\bin\verify.dll
0x00007ff85b6f0000 - 0x00007ff85b719000 	C:\Program Files\Android\Android Studio1\jre\jre\bin\java.dll
0x00007ff85b060000 - 0x00007ff85b076000 	C:\Program Files\Android\Android Studio1\jre\jre\bin\zip.dll
0x00007ff865860000 - 0x00007ff866c9f000 	C:\WINDOWS\System32\SHELL32.dll
0x00007ff8657b0000 - 0x00007ff865859000 	C:\WINDOWS\System32\shcore.dll
0x00007ff864480000 - 0x00007ff864b8d000 	C:\WINDOWS\System32\windows.storage.dll
0x00007ff865550000 - 0x00007ff8655a1000 	C:\WINDOWS\System32\shlwapi.dll
0x00007ff863e10000 - 0x00007ff863e21000 	C:\WINDOWS\System32\kernel.appcore.dll
0x00007ff863d70000 - 0x00007ff863d8f000 	C:\WINDOWS\System32\profapi.dll
0x00007ff863db0000 - 0x00007ff863dfc000 	C:\WINDOWS\System32\powrprof.dll
0x00007ff863e00000 - 0x00007ff863e0a000 	C:\WINDOWS\System32\FLTLIB.DLL
0x00007ff8575f0000 - 0x00007ff85760a000 	C:\Program Files\Android\Android Studio1\jre\jre\bin\net.dll
0x00007ff8635f0000 - 0x00007ff863656000 	C:\WINDOWS\system32\mswsock.dll
0x00007ff8575c0000 - 0x00007ff8575d1000 	C:\Program Files\Android\Android Studio1\jre\jre\bin\nio.dll
0x00007ff857460000 - 0x00007ff85747e000 	C:\Users\Ayodeji Fabusuyi\.gradle\native\25\windows-amd64\native-platform.dll
0x00007ff85b780000 - 0x00007ff85b78d000 	C:\Program Files\Android\Android Studio1\jre\jre\bin\management.dll
0x00007ff8637a0000 - 0x00007ff8637b7000 	C:\WINDOWS\SYSTEM32\CRYPTSP.dll
0x00007ff8631d0000 - 0x00007ff863203000 	C:\WINDOWS\system32\rsaenh.dll
0x00007ff8638d0000 - 0x00007ff8638f5000 	C:\WINDOWS\SYSTEM32\bcrypt.dll
0x00007ff863ca0000 - 0x00007ff863cc8000 	C:\WINDOWS\SYSTEM32\USERENV.dll
0x00007ff8637c0000 - 0x00007ff8637cb000 	C:\WINDOWS\SYSTEM32\CRYPTBASE.dll
0x00007ff863370000 - 0x00007ff8633a8000 	C:\WINDOWS\SYSTEM32\IPHLPAPI.DLL
0x00007ff867680000 - 0x00007ff867688000 	C:\WINDOWS\System32\NSI.dll
0x00007ff85ba30000 - 0x00007ff85ba46000 	C:\WINDOWS\SYSTEM32\dhcpcsvc6.DLL
0x00007ff85ba10000 - 0x00007ff85ba2a000 	C:\WINDOWS\SYSTEM32\dhcpcsvc.DLL

VM Arguments:
jvm_args: -Xmx1536M -Dfile.encoding=windows-1252 -Duser.country=GB -Duser.language=en -Duser.variant 
java_command: org.gradle.launcher.daemon.bootstrap.GradleDaemon 4.1
java_class_path (initial): C:\Users\Ayodeji Fabusuyi\.gradle\wrapper\dists\gradle-4.1-all\bzyivzo6n839fup2jbap0tjew\gradle-4.1\lib\gradle-launcher-4.1.jar
Launcher Type: SUN_STANDARD

Environment Variables:
JAVA_HOME=C:\Program Files\Android\Android Studio1\jre
CLASSPATH=C:\Users\Ayodeji Fabusuyi\Documents\Flutter\newapp\android\\gradle\wrapper\gradle-wrapper.jar
PATH=C:\Program Files\Haskell\bin;C:\Program Files\Haskell Platform\8.4.3\lib\extralibs\bin;C:\Program Files\Haskell Platform\8.4.3\bin;C:\ProgramData\Oracle\Java\javapath;C:\Program Files\Java\jdk-9.0.1;C:\Program Files (x86)\Intel\iCLS Client\;C:\Program Files\Intel\iCLS Client\;C:\WINDOWS\system32;C:\WINDOWS;C:\WINDOWS\System32\Wbem;C:\WINDOWS\System32\WindowsPowerShell\v1.0\;C:\Program Files (x86)\Intel\Intel(R) Management Engine Components\DAL;C:\Program Files\Intel\Intel(R) Management Engine Components\DAL;C:\Program Files (x86)\Intel\Intel(R) Management Engine Components\IPT;C:\Program Files\Intel\Intel(R) Management Engine Components\IPT;C:\Program Files\Git\cmd;C:\Program Files\Java\jdk-9.0.1\bin;C:\Program Files\Intel\WiFi\bin\;C:\Program Files\Common Files\Intel\WirelessCommon\;C:\Program Files\nodejs\;C:\Strawberry\c\bin;C:\Strawberry\perl\site\bin;C:\Strawberry\perl\bin;C:\Dwimperl\perl\bin;C:\Dwimperl\perl\site\bin;C:\Dwimperl\c\bin;C:\ProgramData\chocolatey\bin;C:\Flutter\flutter\bin;C:\Go\bin;C:\Users\Ayodeji Fabusuyi\AppData\Local\atom\bin;C:\Users\Ayodeji Fabusuyi\AppData\Local\Android\Sdk\platform-tools;C:\Program Files\Haskell Platform\8.4.3\mingw\bin;C:\Program Files\PuTTY\;C:\WINDOWS\System32\OpenSSH\;C:\Program Files\Apache\Maven\bin;C:\Users\Ayodeji Fabusuyi\AppData\Roaming\cabal\bin;C:\Users\Ayodeji Fabusuyi\AppData\Roaming\local\bin;C:\Program Files\Java\jdk-9.0.1;C:\Users\Ayodeji Fabusuyi\Documents\Android\sdk;C:\Program Files\Java\jdk-9.0.1\bin;C:\Program Files\Microsoft VS Code\bin;C:\Users\Ayodeji Fabusuyi\AppData\Roaming\npm;C:\tools\dart-sdk\bin;C:\Users\Ayodeji Fabusuyi\AppData\Roaming\Pub\Cache\bin;C:\Users\Ayodeji Fabusuyi\go\bin;C:\Users\Ayodeji Fabusuyi\AppData\Local\Android\Sdk\platform-tools;C:\Users\Ayodeji Fabusuyi\AppData\Local\Microsoft\WindowsApps;C:\Program Files\Apache\Maven\bin;C:\Users\Ayodeji Fabusuyi\AppData\Local\Programs\Microsoft VS Code\bin;C:\Flutter\flutter\bin;;C:\Flutter\flutter\bin\mingit\cmd
USERNAME=Ayodeji Fabusuyi
OS=Windows_NT
PROCESSOR_IDENTIFIER=Intel64 Family 6 Model 142 Stepping 9, GenuineIntel



---------------  S Y S T E M  ---------------

OS: Windows 10.0 , 64 bit Build 17134 (10.0.17134.1)

CPU:total 4 (initial active 4) (2 cores per cpu, 2 threads per core) family 6 model 142 stepping 9, cmov, cx8, fxsr, mmx, sse, sse2, sse3, ssse3, sse4.1, sse4.2, popcnt, avx, avx2, aes, clmul, erms, 3dnowpref, lzcnt, ht, tsc, tscinvbit, bmi1, bmi2, adx

Memory: 4k page, physical 6161060k(377740k free), swap 7848612k(8012k free)

vm_info: OpenJDK 64-Bit Server VM (25.152-b02) for windows-amd64 JRE (1.8.0_152-release-1024-b02), built by "builder" with MS VC++ 10.0 (VS2010)

time: Wed Nov 07 18:08:26 2018
elapsed time: 248 seconds (0d 0h 4m 8s)

