#
# There is insufficient memory for the Java Runtime Environment to continue.
# Native memory allocation (malloc) failed to allocate 1312736 bytes for Chunk::new
# Possible reasons:
#   The system is out of physical RAM or swap space
#   In 32 bit mode, the process size limit was hit
# Possible solutions:
#   Reduce memory load on the system
#   Increase physical memory or swap space
#   Check if swap backing store is full
#   Use 64 bit Java on a 64 bit OS
#   Decrease Java heap size (-Xmx/-Xms)
#   Decrease number of Java threads
#   Decrease Java thread stack sizes (-Xss)
#   Set larger code cache with -XX:ReservedCodeCacheSize=
# This output file may be truncated or incomplete.
#
#  Out of Memory Error (allocation.cpp:390), pid=11308, tid=0x0000000000001d54
#
# JRE version: OpenJDK Runtime Environment (8.0_152-b02) (build 1.8.0_152-release-1024-b02)
# Java VM: OpenJDK 64-Bit Server VM (25.152-b02 mixed mode windows-amd64 compressed oops)
# Failed to write core dump. Minidumps are not enabled by default on client versions of Windows
#

---------------  T H R E A D  ---------------

Current thread (0x00000000169c5000):  JavaThread "C2 CompilerThread1" daemon [_thread_in_native, id=7508, stack(0x0000000018100000,0x0000000018200000)]

Stack: [0x0000000018100000,0x0000000018200000]
[error occurred during error reporting (printing stack bounds), id 0xc0000005]

Native frames: (J=compiled Java code, j=interpreted, Vv=VM code, C=native code)


Current CompileTask:
C2:   4655 1326       4       java.net.URLClassLoader$1::run (5 bytes)


---------------  P R O C E S S  ---------------

Java Threads: ( => current thread )
  0x0000000019fd7800 JavaThread "Cache worker for file hash cache (C:\Users\Ayodeji Fabusuyi\Documents\Flutter\newapp\android\.gradle\4.1\fileHashes)" [_thread_blocked, id=12100, stack(0x000000001c520000,0x000000001c620000)]
  0x0000000019e4e800 JavaThread "File lock request listener" [_thread_in_native, id=17380, stack(0x000000001b250000,0x000000001b350000)]
  0x000000001a015000 JavaThread "Cache worker for file hash cache (C:\Users\Ayodeji Fabusuyi\.gradle\caches\4.1\fileHashes)" [_thread_blocked, id=16144, stack(0x000000001b150000,0x000000001b250000)]
  0x0000000019382800 JavaThread "Stdin handler" [_thread_blocked, id=824, stack(0x000000001b050000,0x000000001b150000)]
  0x0000000019ee7800 JavaThread "Asynchronous log dispatcher for DefaultDaemonConnection: socket connection from /127.0.0.1:59328 to /127.0.0.1:59329" [_thread_blocked, id=5916, stack(0x000000001af50000,0x000000001b050000)]
  0x000000001937f800 JavaThread "Daemon worker" [_thread_in_vm, id=10184, stack(0x000000001ae50000,0x000000001af50000)]
  0x0000000019f04800 JavaThread "Cancel handler" [_thread_blocked, id=15856, stack(0x000000001ad50000,0x000000001ae50000)]
  0x0000000019236000 JavaThread "Handler for socket connection from /127.0.0.1:59328 to /127.0.0.1:59329" [_thread_in_native, id=12620, stack(0x000000001aa50000,0x000000001ab50000)]
  0x0000000019235800 JavaThread "Daemon" [_thread_blocked, id=12316, stack(0x000000001a950000,0x000000001aa50000)]
  0x0000000019d00000 JavaThread "Daemon periodic checks" [_thread_blocked, id=17916, stack(0x000000001a850000,0x000000001a950000)]
  0x0000000019539800 JavaThread "Incoming local TCP Connector on port 59328" [_thread_in_native, id=11276, stack(0x000000001a610000,0x000000001a710000)]
  0x0000000018338800 JavaThread "Service Thread" daemon [_thread_blocked, id=17900, stack(0x0000000018700000,0x0000000018800000)]
  0x00000000169d2800 JavaThread "C1 CompilerThread2" daemon [_thread_in_native, id=17920, stack(0x0000000018200000,0x0000000018300000)]
=>0x00000000169c5000 JavaThread "C2 CompilerThread1" daemon [_thread_in_native, id=7508, stack(0x0000000018100000,0x0000000018200000)]
  0x00000000169c1000 JavaThread "C2 CompilerThread0" daemon [_thread_in_native, id=8120, stack(0x0000000018000000,0x0000000018100000)]
  0x00000000169be800 JavaThread "Attach Listener" daemon [_thread_blocked, id=15056, stack(0x0000000017f00000,0x0000000018000000)]
  0x00000000169bd000 JavaThread "Signal Dispatcher" daemon [_thread_blocked, id=17912, stack(0x0000000017e00000,0x0000000017f00000)]
  0x00000000169a8000 JavaThread "Finalizer" daemon [_thread_blocked, id=7224, stack(0x0000000017c10000,0x0000000017d10000)]
  0x0000000016986800 JavaThread "Reference Handler" daemon [_thread_blocked, id=15008, stack(0x0000000017b10000,0x0000000017c10000)]
  0x0000000002f53800 JavaThread "main" [_thread_blocked, id=412, stack(0x0000000002e50000,0x0000000002f50000)]

Other Threads:
  0x0000000016985000 VMThread [stack: 0x0000000017a10000,0x0000000017b10000] [id=16156]
  0x0000000018339000 WatcherThread [stack: 0x0000000018800000,0x0000000018900000] [id=11372]

VM state:not at safepoint (normal execution)

VM Mutex/Monitor currently owned by a thread: None

Heap:
 PSYoungGen      total 28672K, used 7579K [0x00000000e0000000, 0x00000000e2000000, 0x0000000100000000)
  eden space 24576K, 14% used [0x00000000e0000000,0x00000000e036e8f0,0x00000000e1800000)
  from space 4096K, 99% used [0x00000000e1c00000,0x00000000e1ff8458,0x00000000e2000000)
  to   space 4096K, 0% used [0x00000000e1800000,0x00000000e1800000,0x00000000e1c00000)
 ParOldGen       total 65536K, used 4905K [0x00000000a0000000, 0x00000000a4000000, 0x00000000e0000000)
  object space 65536K, 7% used [0x00000000a0000000,0x00000000a04ca780,0x00000000a4000000)
 Metaspace       used 15747K, capacity 16122K, committed 16256K, reserved 1064960K
  class space    used 2224K, capacity 2369K, committed 2432K, reserved 1048576K

Card table byte_map: [0x0000000012410000,0x0000000012720000] byte_map_base: 0x0000000011f10000

Marking Bits: (ParMarkBitMap*) 0x000000006cae4970
 Begin Bits: [0x0000000012d20000, 0x0000000014520000)
 End Bits:   [0x0000000014520000, 0x0000000015d20000)

Polling page: 0x0000000001480000

CodeCache: size=245760Kb used=5052Kb max_used=5052Kb free=240707Kb
 bounds [0x0000000003050000, 0x0000000003550000, 0x0000000012050000]
 total_blobs=1823 nmethods=1454 adapters=282
 compilation: enabled

Compilation events (10 events):
Event: 4.531 Thread 0x00000000169d2800 nmethod 1434 0x0000000003534e50 code [0x0000000003535040, 0x0000000003535978]
Event: 4.533 Thread 0x00000000169d2800 1435       3       java.io.ByteArrayOutputStream::<init> (43 bytes)
Event: 4.534 Thread 0x00000000169d2800 nmethod 1435 0x0000000003533ed0 code [0x00000000035340c0, 0x0000000003534a38]
Event: 4.534 Thread 0x00000000169d2800 1436       3       java.io.ByteArrayOutputStream::<init> (7 bytes)
Event: 4.534 Thread 0x00000000169d2800 nmethod 1436 0x0000000003533b50 code [0x0000000003533cc0, 0x0000000003533e48]
Event: 4.534 Thread 0x00000000169d2800 1437       3       sun.misc.ProxyGenerator::access$700 (7 bytes)
Event: 4.534 Thread 0x00000000169d2800 nmethod 1437 0x0000000003538050 code [0x00000000035381c0, 0x00000000035383a8]
Event: 4.537 Thread 0x00000000169c1000 nmethod 1430 0x0000000003539650 code [0x00000000035397e0, 0x0000000003539d38]
Event: 4.542 Thread 0x00000000169d2800 1438       1       java.security.Permission::getName (5 bytes)
Event: 4.542 Thread 0x00000000169d2800 nmethod 1438 0x00000000035337d0 code [0x0000000003533920, 0x0000000003533a30]

GC Heap History (6 events):
Event: 1.113 GC heap before
{Heap before GC invocations=1 (full 0):
 PSYoungGen      total 28672K, used 24576K [0x00000000e0000000, 0x00000000e2000000, 0x0000000100000000)
  eden space 24576K, 100% used [0x00000000e0000000,0x00000000e1800000,0x00000000e1800000)
  from space 4096K, 0% used [0x00000000e1c00000,0x00000000e1c00000,0x00000000e2000000)
  to   space 4096K, 0% used [0x00000000e1800000,0x00000000e1800000,0x00000000e1c00000)
 ParOldGen       total 65536K, used 0K [0x00000000a0000000, 0x00000000a4000000, 0x00000000e0000000)
  object space 65536K, 0% used [0x00000000a0000000,0x00000000a0000000,0x00000000a4000000)
 Metaspace       used 6840K, capacity 7054K, committed 7424K, reserved 1056768K
  class space    used 837K, capacity 907K, committed 1024K, reserved 1048576K
Event: 1.120 GC heap after
Heap after GC invocations=1 (full 0):
 PSYoungGen      total 28672K, used 3833K [0x00000000e0000000, 0x00000000e2000000, 0x0000000100000000)
  eden space 24576K, 0% used [0x00000000e0000000,0x00000000e0000000,0x00000000e1800000)
  from space 4096K, 93% used [0x00000000e1800000,0x00000000e1bbe490,0x00000000e1c00000)
  to   space 4096K, 0% used [0x00000000e1c00000,0x00000000e1c00000,0x00000000e2000000)
 ParOldGen       total 65536K, used 8K [0x00000000a0000000, 0x00000000a4000000, 0x00000000e0000000)
  object space 65536K, 0% used [0x00000000a0000000,0x00000000a0002000,0x00000000a4000000)
 Metaspace       used 6840K, capacity 7054K, committed 7424K, reserved 1056768K
  class space    used 837K, capacity 907K, committed 1024K, reserved 1048576K
}
Event: 1.808 GC heap before
{Heap before GC invocations=2 (full 0):
 PSYoungGen      total 28672K, used 28409K [0x00000000e0000000, 0x00000000e2000000, 0x0000000100000000)
  eden space 24576K, 100% used [0x00000000e0000000,0x00000000e1800000,0x00000000e1800000)
  from space 4096K, 93% used [0x00000000e1800000,0x00000000e1bbe490,0x00000000e1c00000)
  to   space 4096K, 0% used [0x00000000e1c00000,0x00000000e1c00000,0x00000000e2000000)
 ParOldGen       total 65536K, used 8K [0x00000000a0000000, 0x00000000a4000000, 0x00000000e0000000)
  object space 65536K, 0% used [0x00000000a0000000,0x00000000a0002000,0x00000000a4000000)
 Metaspace       used 8160K, capacity 8360K, committed 8576K, reserved 1056768K
  class space    used 1032K, capacity 1108K, committed 1152K, reserved 1048576K
Event: 1.812 GC heap after
Heap after GC invocations=2 (full 0):
 PSYoungGen      total 28672K, used 3425K [0x00000000e0000000, 0x00000000e2000000, 0x0000000100000000)
  eden space 24576K, 0% used [0x00000000e0000000,0x00000000e0000000,0x00000000e1800000)
  from space 4096K, 83% used [0x00000000e1c00000,0x00000000e1f58578,0x00000000e2000000)
  to   space 4096K, 0% used [0x00000000e1800000,0x00000000e1800000,0x00000000e1c00000)
 ParOldGen       total 65536K, used 16K [0x00000000a0000000, 0x00000000a4000000, 0x00000000e0000000)
  object space 65536K, 0% used [0x00000000a0000000,0x00000000a0004000,0x00000000a4000000)
 Metaspace       used 8160K, capacity 8360K, committed 8576K, reserved 1056768K
  class space    used 1032K, capacity 1108K, committed 1152K, reserved 1048576K
}
Event: 3.751 GC heap before
{Heap before GC invocations=3 (full 0):
 PSYoungGen      total 28672K, used 28001K [0x00000000e0000000, 0x00000000e2000000, 0x0000000100000000)
  eden space 24576K, 100% used [0x00000000e0000000,0x00000000e1800000,0x00000000e1800000)
  from space 4096K, 83% used [0x00000000e1c00000,0x00000000e1f58578,0x00000000e2000000)
  to   space 4096K, 0% used [0x00000000e1800000,0x00000000e1800000,0x00000000e1c00000)
 ParOldGen       total 65536K, used 16K [0x00000000a0000000, 0x00000000a4000000, 0x00000000e0000000)
  object space 65536K, 0% used [0x00000000a0000000,0x00000000a0004000,0x00000000a4000000)
 Metaspace       used 12687K, capacity 13014K, committed 13184K, reserved 1060864K
  class space    used 1736K, capacity 1887K, committed 1920K, reserved 1048576K
Event: 3.759 GC heap after
Heap after GC invocations=3 (full 0):
 PSYoungGen      total 28672K, used 4080K [0x00000000e0000000, 0x00000000e2000000, 0x0000000100000000)
  eden space 24576K, 0% used [0x00000000e0000000,0x00000000e0000000,0x00000000e1800000)
  from space 4096K, 99% used [0x00000000e1800000,0x00000000e1bfc010,0x00000000e1c00000)
  to   space 4096K, 0% used [0x00000000e1c00000,0x00000000e1c00000,0x00000000e2000000)
 ParOldGen       total 65536K, used 1903K [0x00000000a0000000, 0x00000000a4000000, 0x00000000e0000000)
  object space 65536K, 2% used [0x00000000a0000000,0x00000000a01dbfb8,0x00000000a4000000)
 Metaspace       used 12687K, capacity 13014K, committed 13184K, reserved 1060864K
  class space    used 1736K, capacity 1887K, committed 1920K, reserved 1048576K
}

Deoptimization events (10 events):
Event: 1.743 Thread 0x0000000002f53800 Uncommon trap: reason=bimorphic action=maybe_recompile pc=0x00000000032deae0 method=java.util.HashMap.putVal(ILjava/lang/Object;Ljava/lang/Object;ZZ)Ljava/lang/Object; @ 91
Event: 1.744 Thread 0x0000000002f53800 Uncommon trap: reason=bimorphic action=maybe_recompile pc=0x00000000032deae0 method=java.util.HashMap.putVal(ILjava/lang/Object;Ljava/lang/Object;ZZ)Ljava/lang/Object; @ 91
Event: 1.939 Thread 0x0000000002f53800 Uncommon trap: reason=bimorphic action=maybe_recompile pc=0x000000000339bd3c method=java.util.HashMap.putVal(ILjava/lang/Object;Ljava/lang/Object;ZZ)Ljava/lang/Object; @ 203
Event: 2.311 Thread 0x0000000002f53800 Uncommon trap: reason=unstable_if action=reinterpret pc=0x000000000338cf98 method=java.io.WinNTFileSystem.normalize(Ljava/lang/String;)Ljava/lang/String; @ 128
Event: 2.311 Thread 0x0000000002f53800 Uncommon trap: reason=unstable_if action=reinterpret pc=0x00000000033730c8 method=java.io.WinNTFileSystem.normalize(Ljava/lang/String;II)Ljava/lang/String; @ 90
Event: 3.609 Thread 0x000000001937f800 Uncommon trap: reason=bimorphic action=maybe_recompile pc=0x000000000339af8c method=java.util.HashMap.putVal(ILjava/lang/Object;Ljava/lang/Object;ZZ)Ljava/lang/Object; @ 253
Event: 3.609 Thread 0x000000001937f800 Uncommon trap: reason=bimorphic action=maybe_recompile pc=0x000000000339af8c method=java.util.HashMap.putVal(ILjava/lang/Object;Ljava/lang/Object;ZZ)Ljava/lang/Object; @ 253
Event: 3.931 Thread 0x000000001937f800 Uncommon trap: reason=class_check action=maybe_recompile pc=0x00000000032cf11c method=java.util.regex.Matcher.match(II)Z @ 86
Event: 3.931 Thread 0x000000001937f800 Uncommon trap: reason=class_check action=maybe_recompile pc=0x00000000032cf11c method=java.util.regex.Matcher.match(II)Z @ 86
Event: 4.335 Thread 0x000000001937f800 Uncommon trap: reason=unstable_if action=reinterpret pc=0x00000000034cbbb4 method=java.lang.String.lastIndexOf([CII[CIII)I @ 66

Classes redefined (0 events):
No events

Internal exceptions (10 events):
Event: 3.521 Thread 0x0000000019236000 Exception <a 'java/lang/NoSuchMethodError': <clinit>> (0x00000000e0bb13f8) thrown at [D:\src\AOSP-openjdk-cygwin\jdk8u\hotspot\src\share\vm\prims\jni.cpp, line 1613]
Event: 3.523 Thread 0x0000000019236000 Exception <a 'java/lang/NoSuchMethodError': <clinit>> (0x00000000e0bc1fd8) thrown at [D:\src\AOSP-openjdk-cygwin\jdk8u\hotspot\src\share\vm\prims\jni.cpp, line 1613]
Event: 3.525 Thread 0x0000000019236000 Exception <a 'java/lang/NoSuchMethodError': <clinit>> (0x00000000e0bd0ef0) thrown at [D:\src\AOSP-openjdk-cygwin\jdk8u\hotspot\src\share\vm\prims\jni.cpp, line 1613]
Event: 3.529 Thread 0x0000000019236000 Exception <a 'java/lang/NoSuchMethodError': <clinit>> (0x00000000e0bf24b8) thrown at [D:\src\AOSP-openjdk-cygwin\jdk8u\hotspot\src\share\vm\prims\jni.cpp, line 1613]
Event: 3.541 Thread 0x0000000019236000 Exception <a 'java/lang/NoSuchMethodError': <clinit>> (0x00000000e0c6d000) thrown at [D:\src\AOSP-openjdk-cygwin\jdk8u\hotspot\src\share\vm\prims\jni.cpp, line 1613]
Event: 3.545 Thread 0x0000000019236000 Exception <a 'java/lang/NoSuchMethodError': <clinit>> (0x00000000e0ca0608) thrown at [D:\src\AOSP-openjdk-cygwin\jdk8u\hotspot\src\share\vm\prims\jni.cpp, line 1613]
Event: 3.546 Thread 0x0000000019236000 Exception <a 'java/lang/NoSuchMethodError': <clinit>> (0x00000000e0cadd58) thrown at [D:\src\AOSP-openjdk-cygwin\jdk8u\hotspot\src\share\vm\prims\jni.cpp, line 1613]
Event: 3.554 Thread 0x0000000019236000 Exception <a 'java/lang/NoSuchMethodError': <clinit>> (0x00000000e0cdc010) thrown at [D:\src\AOSP-openjdk-cygwin\jdk8u\hotspot\src\share\vm\prims\jni.cpp, line 1613]
Event: 3.584 Thread 0x000000001937f800 Exception <a 'java/lang/NoSuchMethodError': <clinit>> (0x00000000e0d86fa0) thrown at [D:\src\AOSP-openjdk-cygwin\jdk8u\hotspot\src\share\vm\prims\jni.cpp, line 1613]
Event: 3.585 Thread 0x000000001937f800 Exception <a 'java/lang/NoSuchMethodError': <clinit>> (0x00000000e0d8f228) thrown at [D:\src\AOSP-openjdk-cygwin\jdk8u\hotspot\src\share\vm\prims\jni.cpp, line 1613]

Events (10 events):
Event: 4.543 loading class groovy/lang/GroovyObjectSupport
Event: 4.543 loading class groovy/lang/GroovyObjectSupport done
Event: 4.544 loading class com/google/common/collect/LinkedHashMultimap$ValueSet
Event: 4.544 loading class com/google/common/collect/LinkedHashMultimap$ValueSet done
Event: 4.545 loading class com/google/common/collect/AbstractMapBasedMultimap$WrappedSet
Event: 4.545 loading class com/google/common/collect/AbstractMapBasedMultimap$WrappedSet done
Event: 4.545 loading class java/util/ConcurrentModificationException
Event: 4.545 loading class java/util/ConcurrentModificationException done
Event: 4.545 loading class com/google/common/collect/AbstractMapBasedMultimap$WrappedCollection$WrappedIterator
Event: 4.545 loading class com/google/common/collect/AbstractMapBasedMultimap$WrappedCollection$WrappedIterator done


Dynamic libraries:
0x00007ff6d5c30000 - 0x00007ff6d5c61000 	C:\Program Files\Android\Android Studio1\jre\bin\java.exe
0x00007ffec8250000 - 0x00007ffec8431000 	C:\WINDOWS\SYSTEM32\ntdll.dll
0x00007ffec7870000 - 0x00007ffec7922000 	C:\WINDOWS\System32\KERNEL32.DLL
0x00007ffec5070000 - 0x00007ffec52e3000 	C:\WINDOWS\System32\KERNELBASE.dll
0x00007ffec7c90000 - 0x00007ffec7d31000 	C:\WINDOWS\System32\ADVAPI32.dll
0x00007ffec7940000 - 0x00007ffec79de000 	C:\WINDOWS\System32\msvcrt.dll
0x00007ffec7bd0000 - 0x00007ffec7c2b000 	C:\WINDOWS\System32\sechost.dll
0x00007ffec57b0000 - 0x00007ffec58d4000 	C:\WINDOWS\System32\RPCRT4.dll
0x00007ffec6090000 - 0x00007ffec6220000 	C:\WINDOWS\System32\USER32.dll
0x00007ffec4eb0000 - 0x00007ffec4ed0000 	C:\WINDOWS\System32\win32u.dll
0x00007ffec7ab0000 - 0x00007ffec7ad8000 	C:\WINDOWS\System32\GDI32.dll
0x00007ffec4ed0000 - 0x00007ffec5062000 	C:\WINDOWS\System32\gdi32full.dll
0x00007ffec5640000 - 0x00007ffec56df000 	C:\WINDOWS\System32\msvcp_win.dll
0x00007ffec4db0000 - 0x00007ffec4eaa000 	C:\WINDOWS\System32\ucrtbase.dll
0x00007ffeb4bf0000 - 0x00007ffeb4e59000 	C:\WINDOWS\WinSxS\amd64_microsoft.windows.common-controls_6595b64144ccf1df_6.0.17134.228_none_fb4599993062b194\COMCTL32.dll
0x00007ffec7dd0000 - 0x00007ffec80f3000 	C:\WINDOWS\System32\combase.dll
0x00007ffec4d30000 - 0x00007ffec4daa000 	C:\WINDOWS\System32\bcryptPrimitives.dll
0x00007ffec7da0000 - 0x00007ffec7dcd000 	C:\WINDOWS\System32\IMM32.DLL
0x000000006ef90000 - 0x000000006f062000 	C:\Program Files\Android\Android Studio1\jre\jre\bin\msvcr100.dll
0x000000006c320000 - 0x000000006cb5f000 	C:\Program Files\Android\Android Studio1\jre\jre\bin\server\jvm.dll
0x00007ffec7800000 - 0x00007ffec7808000 	C:\WINDOWS\System32\PSAPI.DLL
0x00007ffec1b40000 - 0x00007ffec1b63000 	C:\WINDOWS\SYSTEM32\WINMM.dll
0x00007ffeb2580000 - 0x00007ffeb258a000 	C:\WINDOWS\SYSTEM32\VERSION.dll
0x00007ffeb3370000 - 0x00007ffeb3379000 	C:\WINDOWS\SYSTEM32\WSOCK32.dll
0x00007ffec81a0000 - 0x00007ffec820c000 	C:\WINDOWS\System32\WS2_32.dll
0x00007ffec1b10000 - 0x00007ffec1b3a000 	C:\WINDOWS\SYSTEM32\WINMMBASE.dll
0x00007ffec53a0000 - 0x00007ffec53e9000 	C:\WINDOWS\System32\cfgmgr32.dll
0x00007ffebb230000 - 0x00007ffebb23f000 	C:\Program Files\Android\Android Studio1\jre\jre\bin\verify.dll
0x00007ffea8110000 - 0x00007ffea8139000 	C:\Program Files\Android\Android Studio1\jre\jre\bin\java.dll
0x00007ffeab200000 - 0x00007ffeab216000 	C:\Program Files\Android\Android Studio1\jre\jre\bin\zip.dll
0x00007ffec63c0000 - 0x00007ffec7800000 	C:\WINDOWS\System32\SHELL32.dll
0x00007ffec7a00000 - 0x00007ffec7aa9000 	C:\WINDOWS\System32\shcore.dll
0x00007ffec4620000 - 0x00007ffec4d2d000 	C:\WINDOWS\System32\windows.storage.dll
0x00007ffec7d40000 - 0x00007ffec7d91000 	C:\WINDOWS\System32\shlwapi.dll
0x00007ffec45c0000 - 0x00007ffec45d1000 	C:\WINDOWS\System32\kernel.appcore.dll
0x00007ffec4600000 - 0x00007ffec461f000 	C:\WINDOWS\System32\profapi.dll
0x00007ffec4570000 - 0x00007ffec45bc000 	C:\WINDOWS\System32\powrprof.dll
0x00007ffec4560000 - 0x00007ffec456a000 	C:\WINDOWS\System32\FLTLIB.DLL
0x00007ffeaa8a0000 - 0x00007ffeaa8ba000 	C:\Program Files\Android\Android Studio1\jre\jre\bin\net.dll
0x00007ffec3de0000 - 0x00007ffec3e46000 	C:\WINDOWS\system32\mswsock.dll
0x00007ffea9620000 - 0x00007ffea9631000 	C:\Program Files\Android\Android Studio1\jre\jre\bin\nio.dll
0x00007ffea80f0000 - 0x00007ffea810e000 	C:\Users\Ayodeji Fabusuyi\.gradle\native\25\windows-amd64\native-platform.dll
0x00007ffebb1a0000 - 0x00007ffebb1ad000 	C:\Program Files\Android\Android Studio1\jre\jre\bin\management.dll
0x00007ffec3f90000 - 0x00007ffec3fa7000 	C:\WINDOWS\SYSTEM32\CRYPTSP.dll
0x00007ffec39c0000 - 0x00007ffec39f3000 	C:\WINDOWS\system32\rsaenh.dll
0x00007ffec40c0000 - 0x00007ffec40e5000 	C:\WINDOWS\SYSTEM32\bcrypt.dll
0x00007ffec4460000 - 0x00007ffec4488000 	C:\WINDOWS\SYSTEM32\USERENV.dll
0x00007ffec3fb0000 - 0x00007ffec3fbb000 	C:\WINDOWS\SYSTEM32\CRYPTBASE.dll
0x00007ffec3b60000 - 0x00007ffec3b98000 	C:\WINDOWS\SYSTEM32\IPHLPAPI.DLL
0x00007ffec7930000 - 0x00007ffec7938000 	C:\WINDOWS\System32\NSI.dll
0x00007ffebb740000 - 0x00007ffebb756000 	C:\WINDOWS\SYSTEM32\dhcpcsvc6.DLL
0x00007ffebb700000 - 0x00007ffebb71a000 	C:\WINDOWS\SYSTEM32\dhcpcsvc.DLL

VM Arguments:
jvm_args: -Xmx1536M -Dfile.encoding=windows-1252 -Duser.country=GB -Duser.language=en -Duser.variant 
java_command: org.gradle.launcher.daemon.bootstrap.GradleDaemon 4.1
java_class_path (initial): C:\Users\Ayodeji Fabusuyi\.gradle\wrapper\dists\gradle-4.1-all\bzyivzo6n839fup2jbap0tjew\gradle-4.1\lib\gradle-launcher-4.1.jar
Launcher Type: SUN_STANDARD

Environment Variables:
JAVA_HOME=C:\Program Files\Android\Android Studio1\jre
CLASSPATH=C:\Users\Ayodeji Fabusuyi\Documents\Flutter\newapp\android\\gradle\wrapper\gradle-wrapper.jar
PATH=C:\Program Files\Haskell\bin;C:\Program Files\Haskell Platform\8.4.3\lib\extralibs\bin;C:\Program Files\Haskell Platform\8.4.3\bin;C:\ProgramData\Oracle\Java\javapath;C:\Program Files\Java\jdk-9.0.1;C:\Program Files (x86)\Intel\iCLS Client\;C:\Program Files\Intel\iCLS Client\;C:\WINDOWS\system32;C:\WINDOWS;C:\WINDOWS\System32\Wbem;C:\WINDOWS\System32\WindowsPowerShell\v1.0\;C:\Program Files (x86)\Intel\Intel(R) Management Engine Components\DAL;C:\Program Files\Intel\Intel(R) Management Engine Components\DAL;C:\Program Files (x86)\Intel\Intel(R) Management Engine Components\IPT;C:\Program Files\Intel\Intel(R) Management Engine Components\IPT;C:\Program Files\Git\cmd;C:\Program Files\Java\jdk-9.0.1\bin;C:\Program Files\Intel\WiFi\bin\;C:\Program Files\Common Files\Intel\WirelessCommon\;C:\Program Files\nodejs\;C:\Strawberry\c\bin;C:\Strawberry\perl\site\bin;C:\Strawberry\perl\bin;C:\Dwimperl\perl\bin;C:\Dwimperl\perl\site\bin;C:\Dwimperl\c\bin;C:\ProgramData\chocolatey\bin;C:\Flutter\flutter\bin;C:\Go\bin;C:\Users\Ayodeji Fabusuyi\AppData\Local\atom\bin;C:\Users\Ayodeji Fabusuyi\AppData\Local\Android\Sdk\platform-tools;C:\Program Files\Haskell Platform\8.4.3\mingw\bin;C:\Program Files\PuTTY\;C:\WINDOWS\System32\OpenSSH\;C:\Program Files\Apache\Maven\bin;C:\Users\Ayodeji Fabusuyi\AppData\Roaming\cabal\bin;C:\Users\Ayodeji Fabusuyi\AppData\Roaming\local\bin;C:\Program Files\Java\jdk-9.0.1;C:\Users\Ayodeji Fabusuyi\Documents\Android\sdk;C:\Program Files\Java\jdk-9.0.1\bin;C:\Program Files\Microsoft VS Code\bin;C:\Users\Ayodeji Fabusuyi\AppData\Roaming\npm;C:\tools\dart-sdk\bin;C:\Users\Ayodeji Fabusuyi\AppData\Roaming\Pub\Cache\bin;C:\Users\Ayodeji Fabusuyi\go\bin;C:\Users\Ayodeji Fabusuyi\AppData\Local\Android\Sdk\platform-tools;C:\Users\Ayodeji Fabusuyi\AppData\Local\Microsoft\WindowsApps;C:\Program Files\Apache\Maven\bin;C:\Users\Ayodeji Fabusuyi\AppData\Local\Programs\Microsoft VS Code\bin;C:\Flutter\flutter\bin;;C:\Flutter\flutter\bin\mingit\cmd
USERNAME=Ayodeji Fabusuyi
OS=Windows_NT
PROCESSOR_IDENTIFIER=Intel64 Family 6 Model 142 Stepping 9, GenuineIntel



---------------  S Y S T E M  ---------------

OS: Windows 10.0 , 64 bit Build 17134 (10.0.17134.1)

CPU:total 4 (initial active 4) (2 cores per cpu, 2 threads per core) family 6 model 142 stepping 9, cmov, cx8, fxsr, mmx, sse, sse2, sse3, ssse3, sse4.1, sse4.2, popcnt, avx, avx2, aes, clmul, erms, 3dnowpref, lzcnt, ht, tsc, tscinvbit, bmi1, bmi2, adx

Memory: 4k page, physical 6161060k(688936k free), swap 7848612k(1148k free)

vm_info: OpenJDK 64-Bit Server VM (25.152-b02) for windows-amd64 JRE (1.8.0_152-release-1024-b02), built by "builder" with MS VC++ 10.0 (VS2010)

time: Fri Nov 02 21:38:12 2018
elapsed time: 4 seconds (0d 0h 0m 4s)

